C51 COMPILER V9.01   MAIN                                                                  07/19/2013 17:28:34 PAGE 1   


C51 COMPILER V9.01, COMPILATION OF MODULE MAIN
OBJECT MODULE PLACED IN main.OBJ
COMPILER INVOKED BY: D:\(3)keil4\C51\BIN\C51.EXE main.c BROWSE DEBUG OBJECTEXTEND

line level    source

   1          /****************************************************************/
   2          //
   3          // 
   4          /****************************************************************/         
   5          #include<reg52.h>                                                       //头文件定义
   6          #include<intrins.h>
   7          #include"DS1302_Drive.h"
   8          
   9          uchar disp_buffer[8];
  10          uchar code lab[11]={0x3f,0x06,0x5b,0x4f,0x66,0x6d,0x7d,0x07,0x7f,0x6f,0x40};
  11          
  12          /*****************************************************************************/
  13          //定义变量  年月日时分秒星期
  14          char ss,mm,hh,dd,mo,xq,yy;
  15          
  16          void delayms(unsigned int m)
  17          {
  18   1              unsigned int i,j;
  19   1              for(i=0;i<m;i++)
  20   1              {
  21   2                      for(j=0;j<123;j++)
  22   2                      {}
  23   2              }
  24   1      }
  25          
  26          /*****************************************************************************/
  27          //DS1302时钟芯片驱动程序
  28          /*****************************************************************************/
  29          //常用时钟数据读取
  30          void read_clockS(void){
  31   1              ss = read_clock(0x81);//读取秒数据
  32   1              mm = read_clock(0x83);//读取分钟数据
  33   1              hh = read_clock(0x85);//小时
  34   1              dd = read_clock(0x87);//日
  35   1              mo = read_clock(0x89);//月
  36   1              xq = read_clock(0x8b);//星期
  37   1              yy = read_clock(0x8d);//年
  38   1      }
  39          
  40          void display()
  41          {
  42   1              uchar i,temp;   
  43   1              temp = 0xfe;
  44   1              for(i=0;i<8;i++)
  45   1              {
  46   2                      P0 = temp;
  47   2                      P2 = lab[disp_buffer[i]];
  48   2                      delayms(2);
  49   2                      P2 = 0x00;
  50   2                      temp = _crol_(temp,1);
  51   2              }                               
  52   1      }
  53          void main()
  54          {
  55   1              uchar i;
C51 COMPILER V9.01   MAIN                                                                  07/19/2013 17:28:34 PAGE 2   

  56   1              Init_1302();
  57   1              while(1)
  58   1              {
  59   2                      read_clockS();
  60   2                      disp_buffer[7]  =       ss&0x0f;
  61   2                      disp_buffer[6]  =       (ss>>4)&0x07;
  62   2                      disp_buffer[5]  =       10;
  63   2                      disp_buffer[4]  =       mm&0x0f;
  64   2                      disp_buffer[3]  =       (mm>>4)&0x07;
  65   2                      disp_buffer[2]  =       10;
  66   2                      disp_buffer[1]  =       hh&0x0f;
  67   2                      disp_buffer[0]  =       (hh>>4)&0x01;
  68   2                      for(i=0;i<25;i++)
  69   2                      {
  70   3                              display();
  71   3                      }               
  72   2              }
  73   1      }


MODULE INFORMATION:   STATIC OVERLAYABLE
   CODE SIZE        =    215    ----
   CONSTANT SIZE    =     11    ----
   XDATA SIZE       =   ----    ----
   PDATA SIZE       =   ----    ----
   DATA SIZE        =     15       2
   IDATA SIZE       =   ----    ----
   BIT SIZE         =   ----    ----
END OF MODULE INFORMATION.


C51 COMPILATION COMPLETE.  0 WARNING(S),  0 ERROR(S)
