C51 COMPILER V9.01   RS232                                                                 08/04/2013 02:25:28 PAGE 1   


C51 COMPILER V9.01, COMPILATION OF MODULE RS232
OBJECT MODULE PLACED IN RS232.OBJ
COMPILER INVOKED BY: D:\(3)keil4\C51\BIN\C51.EXE RS232.c BROWSE DEBUG OBJECTEXTEND

line level    source

   1          /******************************************************************************      
   2          * 【语    言】：C语言
   3          * 【编译环境】：Keil4  
   4          * 【程序功能】：
   5          * 【技术支持】：                                
   6          * 【晶    振】: 12MHz外部晶振           
   7          * 【芯    片】:   
   8          * 【日    期】: 
   9          * 【作    者】: 刘亚飞  
  10          ******************************************************************************/
  11          #include<reg52.h>                     //定义头文件
  12          
  13          #define uchar unsigned char       //宏定义
  14          #define uint  unsigned int
  15          
  16          sbit led1 = P1^0;
  17          sbit led2 = P1^1;
  18          
  19          uchar flag;
  20          
  21          /******************************************************************************
  22           * 函数名: 数据发送
  23           * 函数功能:通过P3.1口将SBUF中的数据发送出去 
  24           *
  25           * 输入:Sdata
  26           * 输出:无
  27           * 返回值:无
  28           *
  29           * 修改历史:
  30           * --------------------
  31           *7/17.jan.2013, Written By:刘亚飞
  32           * --------------------
  33           ******************************************************************************/
  34          void send(uchar Sdata)
  35          {
  36   1              SBUF = Sdata;
  37   1              while(TI == 0);
  38   1              TI = 0;
  39   1      }
  40          
  41          void dispose()
  42          {
  43   1              switch(flag)
  44   1                      {
  45   2                              case 0: 
  46   2                                      send('D');
  47   2                                      led1 = 1; led2 = 1; 
  48   2                                      break;
  49   2                              case 1: led2 = 0;
  50   2                                      send('A');
  51   2                                      led1 = 0; led2 = 1;
  52   2                                      break;
  53   2                              case 2:
  54   2                                      send('B');
  55   2                                      led1 = 1; led2 = 0;
C51 COMPILER V9.01   RS232                                                                 08/04/2013 02:25:28 PAGE 2   

  56   2                                      break;
  57   2                              case 3:
  58   2                                      send('C');
  59   2                                      led1 = 0; led2 = 1; 
  60   2                                      break;;
  61   2                              default:
  62   2                                      send('E');
  63   2                      }
  64   1                              
  65   1      }
  66          /**************************************************/
  67          //主函数
  68          /**************************************************/
  69          void main()
  70          {
  71   1              EA = 1;
  72   1              EX0 = 1;
  73   1              IT0 = 1;
  74   1              SCON = 0x60;
  75   1              PCON = 0X80;
  76   1              TMOD = 0x20;
  77   1              TH0 = 0xFA;
  78   1              TL0 = 0xFA;
  79   1              TR0 = 1;
  80   1      //      ES   = 1;        //开串口中断
  81   1              while(1)
  82   1              {
  83   2                      dispose();
  84   2              }
  85   1      }
  86          
  87          /**************************************************/
  88          //外部中断0，
  89          /**************************************************/
  90          void Ex0() interrupt 4
  91          {
  92   1              flag++;  
  93   1              if(flag > 3)
  94   1                      flag = 0;
  95   1              dispose();
  96   1      }


MODULE INFORMATION:   STATIC OVERLAYABLE
   CODE SIZE        =    124    ----
   CONSTANT SIZE    =   ----    ----
   XDATA SIZE       =   ----    ----
   PDATA SIZE       =   ----    ----
   DATA SIZE        =      1    ----
   IDATA SIZE       =   ----    ----
   BIT SIZE         =   ----    ----
END OF MODULE INFORMATION.


C51 COMPILATION COMPLETE.  0 WARNING(S),  0 ERROR(S)
