C51 COMPILER V9.01   1111111111111111111111                                                07/20/2013 14:24:41 PAGE 1   


C51 COMPILER V9.01, COMPILATION OF MODULE 1111111111111111111111
OBJECT MODULE PLACED IN 1111111111111111111111.OBJ
COMPILER INVOKED BY: D:\(3)keil4\C51\BIN\C51.EXE 1111111111111111111111.c BROWSE DEBUG OBJECTEXTEND

line level    source

   1          #include<reg51.h>                                                         //定义头文件
   2          #include <intrins.h>
   3          #define uint unsigned int                                         //宏定义  
   4          #define uchar unsigned char
   5          sbit key_mode = P2^0 ; 
   6          uchar code tab[] = {0x3F,0x06,0x5B,0x4F,0x66,0x6D,0x7D,0x07,0x7F,0x6F,0x40,0x80,0x00};
   7          uchar disp_buffer[8]={0};
   8          
   9          
  10          uchar count0,count1,count2,count4,j;
  11          uint count3;
  12          bit num0,num1,num2,num3,num4;
  13          void delayms(uint ms)
  14          {
  15   1              uint i,j;  
  16   1              for(i=0;i<ms;i++)
  17   1                      for(j=0;j<121;j++);
  18   1      }
  19          
  20          /***************************************************************
  21          funtion:数码管显示函数
  22          ***************************************************************/
  23          void display()
  24          {
  25   1              uchar i,temp;
  26   1              temp = 0xfe;
  27   1              for(i=0;i<8;i++)
  28   1              {
  29   2                      P0 = temp;
  30   2                      P1 = tab[disp_buffer[i]];
  31   2                      delayms(2);
  32   2                      P1 = 0x00;
  33   2                      temp = _crol_(temp,1);                            //因为移位与放段同时，故i 是几，就送到哪位去。
  34   2              }
  35   1      }
  36          
  37          void init()                                                             //定时器0初始化
  38          {
  39   1              TMOD=0x01;                                                      //定时器016位定时器模式
  40   1              TH0=0;                                                          //定时器0初值为0
  41   1              TL0=0;                                                          //
  42   1              EA=1;                                                           //总总中断使能
  43   1              ET0=1;                                                          //定时器0中断使能
  44   1              TR0=1;                                                          //定时器0启动
  45   1      }
  46          void keyscan()                                                  //按键处理子程序
  47          {
  48   1              uchar key1n;                                            //功能键按下次数
  49   1              if(key_mode==0)                                         //key_down为功能键
  50   1              {
  51   2                      delayms(5);                                             //延时去抖动
  52   2                      if(key_mode==0)                                 //功能键确认按下
  53   2                      {
  54   3                              while(!key_mode);                       //等待按键释放
  55   3                              key1n++;                                        //功能键按下次数加一
C51 COMPILER V9.01   1111111111111111111111                                                07/20/2013 14:24:41 PAGE 2   

  56   3                                              TR0=0;                                          //关闭定时器
  57   3                                              }}}
  58                                          
  59          
  60          main()
  61          {
  62   1              init();                                                         //定时器0初始化
  63   1              disp_buffer[4] = count2%10000/1000;
  64   1                      disp_buffer[5] = count2%1000/100;
  65   1                      disp_buffer[6] = count2%100/10;
  66   1                      disp_buffer[7] = count2%10;
  67   1                      display();
  68   1              while(1)
  69   1                      keyscan();                                              //按键处理子程序
  70   1      }
  71          
  72          
  73          void timer0() interrupt 1
  74          {
  75   1              TH0 = (65536-50000)/256;//0x3c;
  76   1              TL0 = (65536-50000)%256;//0xb0;
  77   1              count0++;
  78   1              if(count0 > 9)
  79   1              {
  80   2                      count0 = 0;     
  81   2                      count1++;               
  82   2              }       
  83   1      }


MODULE INFORMATION:   STATIC OVERLAYABLE
   CODE SIZE        =    234    ----
   CONSTANT SIZE    =     13    ----
   XDATA SIZE       =   ----    ----
   PDATA SIZE       =   ----    ----
   DATA SIZE        =     15       2
   IDATA SIZE       =   ----    ----
   BIT SIZE         =      5    ----
END OF MODULE INFORMATION.


C51 COMPILATION COMPLETE.  0 WARNING(S),  0 ERROR(S)
