C51 COMPILER V9.01   MAIN                                                                  07/29/2013 15:00:53 PAGE 1   


C51 COMPILER V9.01, COMPILATION OF MODULE MAIN
OBJECT MODULE PLACED IN main.OBJ
COMPILER INVOKED BY: C:\Keil\C51\BIN\C51.EXE main.c BROWSE DEBUG OBJECTEXTEND

line level    source

   1          #include "STC12C5A60.H"
   2          #include "lcd2004.h"
   3          #include "ADC.h"
   4          
   5          void main()
   6          {
   7   1         long ct;
   8   1         uint8 sc;
   9   1         LCDConfig();
  10   1         LCDLogo();
  11   1         ADC_Int(1);
  12   1         Delayus(20);
  13   1         while(1)
  14   1         {
  15   2           // LCDDisplayData(2,2,"567",3);
  16   2               // LCDDisplayNum(2,1,156,10);
  17   2              //  LCDDisplayNum(0,3,0xab,16);
  18   2                ct = ADCValue;
  19   2                LCDDisplayNum(15,2,sc --,10);
  20   2                LCDDisplayNum(8,1,ct,10);
  21   2                LCDDisplayNum(0,1,ct,16);
  22   2                Delayus(60000);
  23   2         }
  24   1      
  25   1      }


MODULE INFORMATION:   STATIC OVERLAYABLE
   CODE SIZE        =    104    ----
   CONSTANT SIZE    =   ----    ----
   XDATA SIZE       =   ----    ----
   PDATA SIZE       =   ----    ----
   DATA SIZE        =   ----       5
   IDATA SIZE       =   ----    ----
   BIT SIZE         =   ----    ----
END OF MODULE INFORMATION.


C51 COMPILATION COMPLETE.  0 WARNING(S),  0 ERROR(S)
