C51 COMPILER V9.01   KEYLED                                                                06/06/2013 20:07:47 PAGE 1   


C51 COMPILER V9.01, COMPILATION OF MODULE KEYLED
OBJECT MODULE PLACED IN keyled.OBJ
COMPILER INVOKED BY: C:\Keil\C51\BIN\C51.EXE keyled.c BROWSE DEBUG OBJECTEXTEND

line level    source

   1          #include<reg51.h>
   2          #include<intrins.h>                                                             //定义头文件
   3          #define uchar unsigned char                                             //宏定义
   4          #define uint unsigned int
   5          
   6          uchar code tab[] = {0x3F,0x06,0x5B,0x4F,0x66,0x6D,0x7D,0x07,0x7F,0x6F};
   7          uchar code dpy[]={0,1,2,3,4,5,6,7,8,9};
   8          uchar disp_buffer[8]={0,1,2,3,4,5,6,7};
   9          /***********************************************************************/
  10          //延时函数：功能带有入口参数的延时函数，时间单位1毫秒
  11          /***********************************************************************/
  12          void delayms(int m)
  13          {
  14   1              int i,j;
  15   1              for(i=0;i<m;i++)
  16   1              {
  17   2                      for(j=0;j<123;j++)
  18   2                      {}
  19   2              }
  20   1      }
  21          void display()
  22          {
  23   1              uchar i,temp;
  24   1              temp = 0xfe;
  25   1              for(i=0;i<8;i++)
  26   1              {
  27   2                      P2 = temp;
  28   2                      P1 = tab[disp_buffer[i]];
  29   2                      delayms(2);
  30   2                      P1 = 0x00;
  31   2                      temp = _crol_(temp,1);  
  32   2              }
  33   1      }
  34          /***********************************************************************/
  35          //
  36          /***********************************************************************/
  37          void main()
  38          {
  39   1              uchar i,j;
  40   1              while(1)
  41   1              {
  42   2                      for(j=0;j<10;j++)
  43   2                      {
  44   3                              for(i=0;i<8;i++)
  45   3                              {
  46   4                                      disp_buffer[i] = dpy[(i+j)%10];
  47   4                              }
  48   3                              for(i=0;i<100;i++)
  49   3                              {
  50   4                                      display();
  51   4                              }
  52   3                      }               
  53   2              }
  54   1      }

C51 COMPILER V9.01   KEYLED                                                                06/06/2013 20:07:47 PAGE 2   


MODULE INFORMATION:   STATIC OVERLAYABLE
   CODE SIZE        =    159    ----
   CONSTANT SIZE    =     20    ----
   XDATA SIZE       =   ----    ----
   PDATA SIZE       =   ----    ----
   DATA SIZE        =      8       3
   IDATA SIZE       =   ----    ----
   BIT SIZE         =   ----    ----
END OF MODULE INFORMATION.


C51 COMPILATION COMPLETE.  0 WARNING(S),  0 ERROR(S)
