C51 COMPILER V9.01   PWM                                                                   08/07/2013 18:05:00 PAGE 1   


C51 COMPILER V9.01, COMPILATION OF MODULE PWM
OBJECT MODULE PLACED IN pwm.OBJ
COMPILER INVOKED BY: C:\Keil\C51\BIN\C51.EXE pwm.c BROWSE DEBUG OBJECTEXTEND

line level    source

   1          #include "pwm.h"                                  
   2                                                                                                               
   3          
   4          uint value = T100KHz;   //100kHz时的CCAP0L值 
   5          
   6          uint time  = T5ms;      //5ms时的CCAP0L和CCAP0H值 uint test  = 0;         //测试用,要删除 
   7          uint test;
   8          sbit LED0 = P3^3;        //用来观测定时模式和捕获模式的现象 
   9          
  10                                  //定时模式时500MS闪烁,捕获模式时捕获一次时取反 
  11          
  12          /*****函数声明*****/ 
  13          
  14          void HP_init(void); //高速模式初始化 
  15          
  16          void PP_init(void); //PWM模式初始化 
  17          
  18          void TP_init(void); //定时器模式初始化 
  19          
  20          void CD_init(void); //捕获模式初始化 
  21          
  22          
  23          //********************************// 
  24          
  25          //        H_model初始化     注意两种不同方式赋初值      // 
  26          
  27          //********************************// 
  28          
  29          void HP_init(void) 
  30          
  31          { 
  32   1      
  33   1          CH = CL = 0;
  34   1              CMOD       = SYS_2;     //PCA时钟源为Sysclk 
  35   1      
  36   1          CCAPM0     = H_model;   //高速输出模式 
  37   1      
  38   1          CCAP0L     = value; 
  39   1      
  40   1          CCAP0H     = value>>8; 
  41   1      
  42   1          value     += T10Hz; 
  43   1      
  44   1          CR         = 1;         //开启PCA计数器 
  45   1      
  46   1          EA         = 1;         //开总中断 
  47   1      
  48   1      } 
  49          
  50          //********************************// 
  51          
  52          //          P_model初始化  pwm频率变化可更改时钟源       // 
  53          
  54          //********************************// 
  55          
C51 COMPILER V9.01   PWM                                                                   08/07/2013 18:05:00 PAGE 2   

  56          void PP_init(void) 
  57          
  58          { 
  59   1      
  60   1          CMOD   = SYS_1;   //时钟源为Sysclk 
  61   1      
  62   1          CCAPM0 = P_model; //无中断PWM模式 
  63   1              CCAPM1 = P_model; 
  64   1      
  65   1          CCAP0L = 0xff  ;   //%10占空比 
  66   1      
  67   1          CCAP0H = 0xff;   //当CL值大于CCAP0L时输出为高,反之输出为低 
  68   1      
  69   1                            //当CL溢出时CCAP0H的值装载到CCAP0L中 
  70   1              CCAP1L = 0xff;   //%50占空比 
  71   1      
  72   1          CCAP1H = 0xff;   //当CL值大于CCAP0L时输出为高,反之输出为低 
  73   1      
  74   1                            //当CL溢出时CCAP0H的值装载到CCAP0L中 
  75   1      
  76   1          CR     = 1;       //开启PCA计数器 
  77   1      
  78   1                            //当不使用定时0溢出为时钟源时,PWM输出的频率=PCA的时钟源/256 
  79   1      
  80   1                            //使用定时器溢出的时钟源时,可设定定时器的值对输出频率的改变
  81   1      
  82   1       
  83   1      
  84   1                            //分频为0-256分频 
  85   1      
  86   1      } 
  87          
  88          //********************************// 
  89          
  90          //        T_model初始化           // 
  91          
  92          //********************************// 
  93          
  94          void TP_init(void) 
  95          
  96          { 
  97   1      
  98   1          CMOD   = SYS_1;   //时钟源为Sysclk     
  99   1              CCAPM0 = T_model; //定时模式 
 100   1      
 101   1          CCAP0L = time;    // 
 102   1      
 103   1          CCAP0H = time>>8;     //定时5ms 
 104   1      
 105   1          time  += T5ms; 
 106   1      
 107   1          CR     = 1; 
 108   1      
 109   1          EA     = 1; 
 110   1      
 111   1      } 
 112          
 113          //********************************// 
 114          
 115          //        CD_model初始化          // 
 116          
 117          //********************************// 
C51 COMPILER V9.01   PWM                                                                   08/07/2013 18:05:00 PAGE 3   

 118          
 119          void CD_init(void) 
 120          
 121          { 
 122   1      
 123   1          CMOD   = SYS_1; 
 124   1      
 125   1          CCAPM0 = CD_model; 
 126   1      
 127   1          CR     = 1; 
 128   1      
 129   1          EA     = 1; 
 130   1      
 131   1      } 
 132          
 133          
 134          //*******************************// 
 135          
 136          //           中断服务  根据需要打开中断           // 
 137          
 138          //*******************************// 
 139          
 140          /*void CD_Service(void) interrupt 7 
 141          
 142          { 
 143          
 144              CCF0 = 0; 
 145          
 146              LED  = ~LED; 
 147          
 148          } */
 149          
 150          /*void TP_Service(void) interrupt 7 
 151          
 152          { 
 153          
 154              CCF0   = 0; //清除PCA计数器溢出中断标志 
 155          
 156              test++; 
 157          
 158              if( test == 100 )     { 
 159          
 160                  test = 0; 
 161          
 162                  LED = ~LED; 
 163          
 164              } 
 165          
 166              CCAP0L = time; 
 167          
 168              CCAP0H = time>>8; 
 169          
 170              time += T5ms; 
 171          
 172          }   */ 
 173          
 174           
 175          
 176          void HP_Service(void) interrupt 7 
 177          
 178          { 
 179   1      
C51 COMPILER V9.01   PWM                                                                   08/07/2013 18:05:00 PAGE 4   

 180   1          CCF0   = 0; //清除PCA计数器溢出中断标志
 181   1      //      CH = 0;
 182   1      //      CL = 0; 
 183   1      //      test ++ ;
 184   1      //      if(test > 100)
 185   1      //      {
 186   1      //      test = 0;
 187   1      //          LED0 = ~LED0;
 188   1      //      } 
 189   1      
 190   1      
 191   1      
 192   1         CCAP0L = value; 
 193   1      
 194   1         CCAP0H = value>>8; 
 195   1      
 196   1         value += T100KHz; 
 197   1      
 198   1      }    
 199          
 200           
 201          
 202           


MODULE INFORMATION:   STATIC OVERLAYABLE
   CODE SIZE        =    143    ----
   CONSTANT SIZE    =   ----    ----
   XDATA SIZE       =   ----    ----
   PDATA SIZE       =   ----    ----
   DATA SIZE        =      6    ----
   IDATA SIZE       =   ----    ----
   BIT SIZE         =   ----    ----
END OF MODULE INFORMATION.


C51 COMPILATION COMPLETE.  0 WARNING(S),  0 ERROR(S)
