C51 COMPILER V9.01   MAIN                                                                  07/26/2013 23:20:03 PAGE 1   


C51 COMPILER V9.01, COMPILATION OF MODULE MAIN
OBJECT MODULE PLACED IN main.OBJ
COMPILER INVOKED BY: D:\(3)keil4\C51\BIN\C51.EXE main.c BROWSE DEBUG OBJECTEXTEND

line level    source

   1          #include<reg51.h>
   2          #include<intrins.h>                                                             //定义头文件
   3          #define uchar unsigned char                                             //宏定义
   4          #define uint unsigned int
   5          
   6          sbit LED0 = P1^0;
   7          sbit LED1 = P1^1;
   8          sbit LED2 = P1^2;
   9          sbit LED3 = P1^3;
  10          
  11          extern unsigned char keyboard_self();
  12          
  13          void main()
  14          {
  15   1              char num;
  16   1              while(1)
  17   1              {
  18   2                      num = keyboard_self();
  19   2                      switch (num)
  20   2                      {
  21   3                              case 1 : LED0 = 0;  
  22   3                                               break;
  23   3                              case 2 : LED1 = 0;
  24   3                                               break;
  25   3                              case 3 : LED2 = 0;
  26   3                                               break;
  27   3                              case 4 : LED3 = 0;
  28   3                                               break;         
  29   3                      }
  30   2              }       
  31   1      }


MODULE INFORMATION:   STATIC OVERLAYABLE
   CODE SIZE        =     34    ----
   CONSTANT SIZE    =   ----    ----
   XDATA SIZE       =   ----    ----
   PDATA SIZE       =   ----    ----
   DATA SIZE        =   ----    ----
   IDATA SIZE       =   ----    ----
   BIT SIZE         =   ----    ----
END OF MODULE INFORMATION.


C51 COMPILATION COMPLETE.  0 WARNING(S),  0 ERROR(S)
