C51 COMPILER V9.01   PCF8591_DRIVE                                                         07/20/2013 15:06:26 PAGE 1   


C51 COMPILER V9.01, COMPILATION OF MODULE PCF8591_DRIVE
OBJECT MODULE PLACED IN .\PCF8591_Drive.obj
COMPILER INVOKED BY: D:\(3)keil4\C51\BIN\C51.EXE ..\Drive\PCF8591_Drive\PCF8591_Drive.c BROWSE INCDIR(..\Drive\IIC_Drive
                    -;..\Drive\LCD1602_Drive;..\Drive\PCF8591_Drive) DEBUG OBJECTEXTEND PRINT(.\PCF8591_Drive.lst) OBJECT(.\PCF8591_Drive.obj
                    -)

line level    source

   1          
   2          #include<reg52.h>
   3          #include <I2C.H>
   4          #include<PCF8591_Drive.h>
   5          
   6          
   7          
   8          
   9          
  10          /*******************************************************************
  11          DAC 变换, 转化函数               
  12          *******************************************************************/
  13          bit DACconversion(unsigned char sla,unsigned char c,  unsigned char Val)
  14          {
  15   1         Start_I2c();              //启动总线
  16   1         SendByte(sla);            //发送器件地址                     ~~~~~~~~~~~~~~~~~~~~~~~~~~~~~~~~~~~~~~~~~~~~~~~~~~~~~~~
  17   1         if(ack==0)return(0);
  18   1         SendByte(c);              //发送控制字节                     ~~~~~~~~~~~~~~~~~~~~~~~~~~~~~~~~~~~~~~~~~~~~~~~~~~~~~~~
  19   1         if(ack==0)return(0);
  20   1         SendByte(Val);            //发送DAC的数值            ~~~~~~~~~~~~~~~~~~~~~~~~~~~~~~~~~~~~~~~~~~~~~~~~~~~~~~~
  21   1         if(ack==0)return(0);
  22   1         Stop_I2c();               //结束总线
  23   1         return(1);
  24   1      }
  25          
  26          /*******************************************************************
  27          ADC发送字节[命令]数据函数               
  28          *******************************************************************/
  29          bit ISendByte(unsigned char sla,unsigned char c)
  30          {
  31   1         Start_I2c();              //启动总线
  32   1         SendByte(sla);            //发送器件地址
  33   1         if(ack==0)return(0);
  34   1         SendByte(c);              //发送数据
  35   1         if(ack==0)return(0);
  36   1         Stop_I2c();               //结束总线
  37   1         return(1);
  38   1      }
  39          
  40          /*******************************************************************
  41          ADC读字节数据函数               
  42          *******************************************************************/
  43          unsigned char IRcvByte(unsigned char sla)
  44          {  unsigned char c;
  45   1      
  46   1         Start_I2c();          //启动总线
  47   1         SendByte(sla+1);      //发送器件地址
  48   1         if(ack==0)return(0);
  49   1         c=RcvByte();          //读取数据0
  50   1      
  51   1         Ack_I2c(1);           //发送非就答位
  52   1         Stop_I2c();           //结束总线
  53   1         return(c);
C51 COMPILER V9.01   PCF8591_DRIVE                                                         07/20/2013 15:06:26 PAGE 2   

  54   1      }
  55          
  56          
  57          
  58          


MODULE INFORMATION:   STATIC OVERLAYABLE
   CODE SIZE        =    110    ----
   CONSTANT SIZE    =   ----    ----
   XDATA SIZE       =   ----    ----
   PDATA SIZE       =   ----    ----
   DATA SIZE        =   ----       7
   IDATA SIZE       =   ----    ----
   BIT SIZE         =   ----    ----
END OF MODULE INFORMATION.


C51 COMPILATION COMPLETE.  0 WARNING(S),  0 ERROR(S)
