C51 COMPILER V9.01   BUTTON                                                                06/30/2013 13:12:15 PAGE 1   


C51 COMPILER V9.01, COMPILATION OF MODULE BUTTON
OBJECT MODULE PLACED IN button.OBJ
COMPILER INVOKED BY: D:\(3)keil4\C51\BIN\C51.EXE button.c BROWSE DEBUG OBJECTEXTEND

line level    source

   1          
   2          /***************************************************************************************   
   3          * 【语    言】：C语言
   4          * 【编译环境】：Keil4  
   5          * 【程序功能】：1. 通过本例程了解74HC165（并入串出） 的基本原理和使用 
   6                                          2.了解掌握SPI总线接口的工作原理及一般编程方法
   7                                          3.连接方法：用8PIN排线将JP5与JP6连接 和 JP11（P2）与JP1（LED灯）连接
   8          * 【技术支持】：74HC165（并入串出）                             
   9          * 【晶    振】: 12MHz外部晶振           
  10          * 【芯    片】: STC89C52RC 
  11          * 【日    期】: 2013/6/30
  12          * 【作    者】: Phone
  13          ****************************************************************************************/
  14           #include <reg52.H>
  15           #include <intrins.h> 
  16          
  17           #define  NOP()   _nop_()   /* 定义空指令 */
  18          
  19          //SPI 接口
  20          sbit    CLK    = P3^6;     //串行时钟
  21          sbit    IN_PL  = P1^6;    //把数据加载到锁存器中
  22          sbit    IN_Dat = P1^7;    //数据通过P1.7脚移进单片机内处理
  23          
  24          sbit    RELAY  = P1^4;
  25          sbit    BEEP   = P1^5;
  26          
  27          unsigned char bdata Key;           //可位寻址
  28          sbit    K0=Key^0;        //位定义
  29          sbit    K1=Key^1;        //位定义
  30          sbit    K2=Key^2;        //位定义
  31          sbit    K3=Key^3;        //位定义
  32          sbit    K4=Key^4;
  33          sbit    K5=Key^5;
  34          sbit    K6=Key^6;
  35          sbit    K7=Key^7;
  36          
  37          bit  M0 ,K0J;  //位定义
  38          unsigned long ReHC74165(void);   //函数声名 
  39          void beep();    
  40          
  41           /********************************************************
  42           *      主函数                                                                                           *
  43           *                                                                                                               *
  44           ********************************************************/
  45           main()
  46            {       
  47   1      
  48   1        while(1)
  49   1        { 
  50   2          unsigned long  Input=ReHC74165();//调用165驱动程序
  51   2               Key=Input&0xff;  //将数据传给位变量
  52   2               RELAY = 1;               //关继电器
  53   2           P2 = 0xff;   //清除
  54   2      
  55   2                //实现脉冲输入  大家仔细体会
C51 COMPILER V9.01   BUTTON                                                                06/30/2013 13:12:15 PAGE 2   

  56   2          if(K0&K0J)M0=~M0;      
  57   2                 K0J=~K0;                  //经典的按键，扫描的过程中 K0 高， KOJ 低
  58   2        
  59   2              if(M0) {RELAY = 0; P2 = 0x7f;   }//实现脉冲输入
  60   2              if(K1) {beep();    P2 = 0xbf;   }//K1 为1时开启蜂鸣器和2个灯
  61   2              if(K2) {beep();    P2 = 0xdf;   }
  62   2          if(K3) {beep();    P2 = 0xef;   }
  63   2              if(K4) {beep();    P2 = 0xf7;   }
  64   2              if(K5) {beep();    P2 = 0xfb;   }
  65   2              if(K6) {beep();    P2 = 0xfd;   }
  66   2              if(K7) {beep();    P2 = 0xfe;   }
  67   2         }    
  68   1         
  69   1       }
  70          
  71           /**********************************************************
  72           *                                                                                                                 *
  73           *      蜂鸣器 (让蜂鸣器发出动听声音)                                              *
  74           ************************************************************/
  75          void beep()
  76          {
  77   1        unsigned char i , j;
  78   1        for (i=0;i<2;i++)
  79   1         {
  80   2        
  81   2         for (j = 0; j<255; j++) {_nop_();}
  82   2         BEEP=!BEEP;                 //BEEP取反
  83   2         } 
  84   1        BEEP=1;                      //关闭蜂鸣器
  85   1      }
  86           
  87           /*************************此部分为74HC165的驱动程序使用SPI总线连接*************************************/
  88          
  89          
  90          /*********************************************************************************************************
  91          ** 函数名称:  74HC165
  92          ** 功能描述: 
  93          ** 管脚描述：请参考相关的芯片资料(学习光盘中以配)
  94          *********************************************************************************************************/
  95          unsigned long ReHC74165(void)
  96          {  
  97   1        unsigned char i;
  98   1        unsigned int indata;
  99   1                      
 100   1         IN_PL=0;      //P1^6
 101   1         NOP();    //短暂延时 产生一定宽度的脉冲
 102   1         IN_PL=1;      //将外部信号全部读入锁存器中
 103   1         NOP();        //此处165已经读到了数据，（IN_PL上升沿是一个开关）
 104   1                    
 105   1         indata=0;   //保存数据的变量清0  
 106   1         for(i=0; i<8; i++)                     //放出来
 107   1          { 
 108   2                indata=indata<<1;      //左移一位
 109   2            if(IN_Dat==1)indata=indata+1;     //如果IN_Dat检测到高电平 保存数据的变量加1 
 110   2                CLK=0;   //时钟置0
 111   2            NOP();
 112   2            CLK=1;   //时钟置1          
 113   2              } 
 114   1         
 115   1         return(~indata);      //将保存数据的变量取反后返回
 116   1      }
 117          
C51 COMPILER V9.01   BUTTON                                                                06/30/2013 13:12:15 PAGE 3   

 118          
 119          


MODULE INFORMATION:   STATIC OVERLAYABLE
   CODE SIZE        =    167    ----
   CONSTANT SIZE    =   ----    ----
   XDATA SIZE       =   ----    ----
   PDATA SIZE       =   ----    ----
   DATA SIZE        =      1       4
   IDATA SIZE       =   ----    ----
   BIT SIZE         =      2    ----
END OF MODULE INFORMATION.


C51 COMPILATION COMPLETE.  0 WARNING(S),  0 ERROR(S)
