C51 COMPILER V9.01   BSP                                                                   01/18/2015 16:37:17 PAGE 1   


C51 COMPILER V9.01, COMPILATION OF MODULE BSP
OBJECT MODULE PLACED IN ..\Obj\BSP.obj
COMPILER INVOKED BY: C:\Keil\C51\BIN\C51.EXE ..\Source\BSP\BSP.c BROWSE INCDIR(..\Source\BSP;..\Source\BSP\Interrupt;..\
                    -Source\BSP\LCD1602;..\Source\BSP\LED) DEBUG OBJECTEXTEND PRINT(..\Obj\List\BSP.lst) TABS(2) OBJECT(..\Obj\BSP.obj)

line level    source

   1          
   2          /**
   3            ******************************************************************************
   4            * @file     BSP.c
   5            * @author   Phone
   6            * @version  V1.0
   7            * @date      2014/11/06
   8            * @brief    外设配置函数
   9            ******************************************************************************
  10            * @attention
  11            * 雅典娜程序
  12            * CPJ智能控制
  13            * @endverbatim
  14            ******************************************************************************
  15            * @attention
  16            * 无
  17            ******************************************************************************
  18            */ 
  19          //    
  20          #include <reg51.h>
  21          
  22          #include "LCD_1602_soft.h"
  23          #include "exti.h"
  24          
  25          /**-------------------------------------------------------------------------------
  26            * @brief   驱动总配置函数
  27            * @param   无
  28            * @retval    无
  29          ---------------------------------------------------------------------------------*/
  30          
  31          void ALL_Config(void)
  32          {
  33   1        LCD_1602_CONFIG();
  34   1        INT0_CONFIG();
  35   1      }
  36          
  37          
  38          /*********************************************END OF FILE**********************/


MODULE INFORMATION:   STATIC OVERLAYABLE
   CODE SIZE        =      6    ----
   CONSTANT SIZE    =   ----    ----
   XDATA SIZE       =   ----    ----
   PDATA SIZE       =   ----    ----
   DATA SIZE        =   ----    ----
   IDATA SIZE       =   ----    ----
   BIT SIZE         =   ----    ----
END OF MODULE INFORMATION.


C51 COMPILATION COMPLETE.  0 WARNING(S),  0 ERROR(S)
