C51 COMPILER V9.01   LOVE                                                                  07/26/2013 23:58:30 PAGE 1   


C51 COMPILER V9.01, COMPILATION OF MODULE LOVE
OBJECT MODULE PLACED IN love.OBJ
COMPILER INVOKED BY: D:\(3)keil4\C51\BIN\C51.EXE love.c BROWSE DEBUG OBJECTEXTEND

line level    source

   1          /******************************************************************************      
   2          * 【语    言】：C语言
   3          * 【编译环境】：Keil4  
   4          * 【程序功能】：通过串口助手向单片机发送数据，然后通过第一位数码管显示，注意：只能发送00~09十个数字。
   5          * 【技术支持】：单片机串口通信; 工作方式1; 波特率为9600bps;                             
   6          * 【晶    振】: 12MHz外部晶振           
   7          * 【芯    片】: stc89C52rc  
   8          * 【日    期】: 2013/7/17
   9          * 【作    者】: 西亚斯，小春    
  10          ******************************************************************************/
  11          #include<reg52.h>                     //定义头文件
  12          #include<intrins.h>
  13          
  14          #define uchar unsigned char       //宏定义
  15          #define uint  unsigned int
  16          
  17          uchar code tab[] = {0x3F,0x06,0x5B,0x4F,0x66,0x6D,0x7D,0x07,0x7F,0x6F,0x00};
  18          uchar disp_buffer[8] = {10,10,10,10,10,10,10,10};
  19          uchar buffer = 10,flag;
  20          /*************************************************/
  21          //延时函数：功能是带有入口参数的延时函数，单位1毫秒
  22          /*************************************************/
  23          void delayms(int m)
  24          {
  25   1              int i,j;
  26   1              for(i=0;i<m;i++)
  27   1              {
  28   2                      for(j=0;j<123;j++)
  29   2                      {}
  30   2              }
  31   1      }
  32          /******************************************************************************
  33           * 函数名:      数码管显示
  34           * 函数功能:用扫描的方式实现八位数码管的显示 
  35           *
  36           * 输入:  无
  37           * 输出:  无
  38           * 返回值:无
  39           *
  40           * 修改历史:
  41           * --------------------
  42           *.Phone., Written By:
  43           * --------------------
  44           ******************************************************************************/
  45          void display()
  46          {
  47   1              uchar i,temp;
  48   1              temp = 0xfe;
  49   1              for(i=0; i<8; i++)
  50   1              {
  51   2                      P0 = temp;
  52   2                      P1 = tab[disp_buffer[i]];
  53   2                      delayms(2);
  54   2                      P1 = 0x00;
  55   2                      temp = _crol_(temp,1);
C51 COMPILER V9.01   LOVE                                                                  07/26/2013 23:58:30 PAGE 2   

  56   2              }
  57   1      }
  58          /**************************************************/
  59          //主函数
  60          /**************************************************/
  61          void main()
  62          {
  63   1              char i = 0;
  64   1              SCON = 0x70;    //选择方式1，允许接收
  65   1              PCON = 0x80;    //SMOD=1,波特率加倍
  66   1              TMOD = 0x20;    //定时器1工作在方式2
  67   1              TH1 = 0xFA;
  68   1              TL1 = 0xFA;
  69   1              TR1 = 1;                 //打开定时器1
  70   1              while(1)
  71   1              {       
  72   2                      if(RI == 1)
  73   2                      {       
  74   3                              flag = 1;
  75   3                              buffer = SBUF;                  //把数据传给单片机的缓存                
  76   3                              disp_buffer[i] = buffer;        //再传给显示缓存                        
  77   3                              i ++;
  78   3                              if(i >= 8)i=0;  
  79   3                              RI = 0;   //通过软件把RI置0，以便再次接收数据           
  80   3                      }
  81   2                      display();      
  82   2              
  83   2                      if(flag == 1)
  84   2                      SBUF = buffer;
  85   2                      flag = 0;
  86   2                              
  87   2              }
  88   1      }


MODULE INFORMATION:   STATIC OVERLAYABLE
   CODE SIZE        =    153    ----
   CONSTANT SIZE    =     11    ----
   XDATA SIZE       =   ----    ----
   PDATA SIZE       =   ----    ----
   DATA SIZE        =     10       2
   IDATA SIZE       =   ----    ----
   BIT SIZE         =   ----    ----
END OF MODULE INFORMATION.


C51 COMPILATION COMPLETE.  0 WARNING(S),  0 ERROR(S)
