C51 COMPILER V9.01   232                                                                   07/18/2013 16:52:53 PAGE 1   


C51 COMPILER V9.01, COMPILATION OF MODULE 232
OBJECT MODULE PLACED IN 232.OBJ
COMPILER INVOKED BY: D:\(3)keil4\C51\BIN\C51.EXE 232.c BROWSE DEBUG OBJECTEXTEND

line level    source

   1          /***********************************************************************************
   2          *  标题:                  RS232串口通信试验(接受与发送)                            *          
   3          *                                                                                                                                                                  *
   4          *  1.通过本例程了解串口的基本原理及使用 ,理解并掌握对串口进行初始化                                *
   5          *                                                                                                                                                                  *
   6          *   2.请使用串口调试助手（Baud 4800、数据位8、停止位1、效验位无）做为上位机来做收发试验。
   7          *     在调试助手字符串输入框中输入数字和字符，按发送按钮，然后观察接受窗口的变化。也可以用
   8          *        调试助手自动循环发送。                                                                                                            *
   9          *                                                                                  *   
  10          * 请学员认真消化本例程，学会用C语言操作串口                                            *   
  11          *************************************************************************************/
  12          
  13          #include <REG52.H>
  14          
  15          sbit BEEP = P1^4;
  16          bit Flag;
  17          unsigned int ReData,SenData;
  18          
  19          
  20          void main (void) {
  21   1      
  22   1      
  23   1              SCON = 0x50;      //REN=1允许串行接受状态，串口工作模式1                   
  24   1                  TMOD|= 0x20;      //定时器工作方式2                    
  25   1                      PCON|= 0x80;        //比特率提高一倍                                                  
  26   1                      //TH1  = 0xFD;     //baud*2  /* reload value 19200、数据位8、停止位1。效验位无 (11.0592) 
  27   1                      TH1 = 0xF3;                                     // //baud*2  /*  波特率4800、数据位8、停止位1。效验位无 (12M)
  28   1              TL1 = 0xF3;         
  29   1                      TR1  = 1;                                                             
  30   1                      ES   = 1;        //开串口中断                  
  31   1                      EA   = 1;        // 开总中断 
  32   1                      BEEP=1;
  33   1                 // IE = 0x0;
  34   1         
  35   1              while(1)
  36   1          { 
  37   2              
  38   2                if (Flag==1)
  39   2                {
  40   3                   SBUF=SenData;                   //SUBF接受/发送缓冲器
  41   3                  while(TI==0);
  42   3               TI=0;
  43   3                       Flag=0;
  44   3                }
  45   2      
  46   2       }
  47   1       
  48   1      }
  49          
  50          /****************************************************
  51                         串口中断程序
  52          ******************************************************/
  53          void ser_int (void) interrupt 4 using 1
  54          {
  55   1       
C51 COMPILER V9.01   232                                                                   07/18/2013 16:52:53 PAGE 2   

  56   1      
  57   1       if(RI == 1)        //RI接受中断标志
  58   1       {
  59   2              RI = 0;             //清除RI接受中断标志
  60   2              ReData = SBUF;  //SUBF接受/发送缓冲器
  61   2      //      BEEP = ReData ; 
  62   2              SenData=ReData;
  63   2              Flag=1;
  64   2          
  65   2       }
  66   1      }


MODULE INFORMATION:   STATIC OVERLAYABLE
   CODE SIZE        =     66    ----
   CONSTANT SIZE    =   ----    ----
   XDATA SIZE       =   ----    ----
   PDATA SIZE       =   ----    ----
   DATA SIZE        =      4    ----
   IDATA SIZE       =   ----    ----
   BIT SIZE         =      1    ----
END OF MODULE INFORMATION.


C51 COMPILATION COMPLETE.  0 WARNING(S),  0 ERROR(S)
