C51 COMPILER V9.01   DS18B20                                                               07/27/2013 10:39:06 PAGE 1   


C51 COMPILER V9.01, COMPILATION OF MODULE DS18B20
OBJECT MODULE PLACED IN .\Obj\DS18B20.obj
COMPILER INVOKED BY: D:\(3)keil4\C51\BIN\C51.EXE ..\UserDriver\DS18B20\DS18B20.c BROWSE INCDIR(..\Include;..\Main;..\Use
                    -rDriver\AlarmClock;..\UserDriver\DisplayTime;..\UserDriver\DS18B20;..\UserDriver\DS1302;..\UserDriver\Font;..\UserDriver
                    -\IR;..\UserDriver\KeyPro;..\UserDriver\LCD12864;..\UserDriver\Lunar) DEBUG OBJECTEXTEND PRINT(.\List\DS18B20.lst) OBJECT
                    -(.\Obj\DS18B20.obj)

line level    source

   1          /********************************************************************************************
   2          名称：DS18B20.c
   3          功能：DS18B20驱动程序
   4          作者：
   5          时间：
   6          *********************************************************************************************/             
   7          #include "STC_NEW_8051.h"
   8          #include "DS18B20.h"
   9          
  10          /*DS18B20驱动程序------------------------------------------------------------*/
  11          uchar data disdata[5];
  12          uint tvalue;//温度值
  13          
  14          /*延时1微秒------------------------------------------------------------------*/
  15          
  16          void delay_18B20(uint i) { while(i--);;; }      //如果使用STC12C5A60S单片机需要修改延时函数
  17          
  18          /*********************************************************************** 
  19          // 函数功能：ds18B20复位 
  20          // 入口参数：无 
  21          // 出口参数：unsigned char x： 0：成功 1：失败 
  22          //**********************************************************************/ 
  23          void ds1820rst()
  24          {  
  25   1              uchar x=0;
  26   1              DQ=1;              //DQ复位
  27   1              delay_18B20(8);    //延时
  28   1              DQ=0;              //DQ拉低
  29   1              delay_18B20(250);   //精确延时大于480us
  30   1              delay_18B20(250);   //精确延时大于480us
  31   1              DQ=1;              //拉高
  32   1              delay_18B20(140);
  33   1              x=DQ;              //稍做延时后 如果x=0则初始化成功 x=1则初始化失败
  34   1              while(!DQ);
  35   1              delay_18B20(20);
  36   1      }
  37          /*读一个字节-----------------------------------------------------------------*/  
  38          uchar ds1820rd()
  39          { 
  40   1              uchar i=0;
  41   1              uchar dat=0;
  42   1              for (i=8;i>0;i--)
  43   1              {   
  44   2                      DQ=0;     //给脉冲信号
  45   2                      dat>>=1;
  46   2                      DQ=1;     //给脉冲信号
  47   2                      if(DQ)
  48   2                              dat|=0x80;
  49   2                              delay_18B20(14);
  50   2              }
  51   1              return(dat);
  52   1      }
C51 COMPILER V9.01   DS18B20                                                               07/27/2013 10:39:06 PAGE 2   

  53          /*写一个字节-----------------------------------------------------------------*/
  54          void ds1820wr(uchar wdata)
  55          {
  56   1              uchar i=0;
  57   1         for (i=8;i>0;i--)
  58   1              { 
  59   2                      DQ=0;
  60   2                      DQ=wdata&0x01;
  61   2                      delay_18B20(15);
  62   2                      DQ=1;
  63   2                      wdata>>=1;
  64   2              }
  65   1      }
  66          /*读取温度值并转换-----------------------------------------------------------*/  
  67          read_temp()
  68          {
  69   1              uchar a,b;
  70   1              ds1820rst();    
  71   1              ds1820wr(0xcc);//*跳过读序列号*/
  72   1              ds1820wr(0x44);//*启动温度转换*/
  73   1                      delay_18B20(100);
  74   1              ds1820rst();    
  75   1              ds1820wr(0xcc);//*跳过读序列号*/ 
  76   1              ds1820wr(0xbe);//*读取温度*/ 
  77   1                      delay_18B20(100);
  78   1              a=ds1820rd();
  79   1              b=ds1820rd();
  80   1              tvalue=b;
  81   1              tvalue<<=8;
  82   1              tvalue=tvalue|a;
  83   1              tvalue=tvalue*(0.625);//温度值扩大10倍，精确到1位小数
  84   1              return(tvalue);
  85   1      }
  86          /*温度值显示-----------------------------------------------------------------*/
  87          void ds1820disp()
  88          {       read_temp();                                                     //读取温度值
  89   1              disdata[0]=tvalue%1000/100+0x30;         //十位数
  90   1              disdata[1]=tvalue%100/10+0x30;           //个位数
  91   1              disdata[2]=tvalue%10+0x30;               //小数位    
  92   1              if(disdata[0]==0x30) { disdata[0]=0x20; }//如果十位为0，不显示
  93   1              set1616pic(5,4,0,2);                                     //显示"温度计图标"
  94   1              write_com(0x30); write_com(0x06);       
  95   1              write_com(0x9d);           //在液晶上显示温度起始位置："28.8°C"
  96   1              write_data(disdata[0]);    //显示十位   
  97   1              write_data(disdata[1]);    //显示个位   
  98   1              write_data(0x2e);          //显示小数点         
  99   1              write_data(disdata[2]);    //显示小数位
 100   1              set1616pic(8,4,0,0);       //在第6列第1行不反白的°C图标
 101   1      }
 102          /*---------------------------------------------------------------------------*/


MODULE INFORMATION:   STATIC OVERLAYABLE
   CODE SIZE        =    344    ----
   CONSTANT SIZE    =   ----    ----
   XDATA SIZE       =   ----    ----
   PDATA SIZE       =   ----    ----
   DATA SIZE        =      7    ----
   IDATA SIZE       =   ----    ----
   BIT SIZE         =   ----    ----
END OF MODULE INFORMATION.


C51 COMPILATION COMPLETE.  0 WARNING(S),  0 ERROR(S)
