C51 COMPILER V9.01   FONT                                                                  07/27/2013 10:39:09 PAGE 1   


C51 COMPILER V9.01, COMPILATION OF MODULE FONT
OBJECT MODULE PLACED IN .\Obj\Font.obj
COMPILER INVOKED BY: D:\(3)keil4\C51\BIN\C51.EXE ..\UserDriver\Font\Font.c BROWSE INCDIR(..\Include;..\Main;..\UserDrive
                    -r\AlarmClock;..\UserDriver\DisplayTime;..\UserDriver\DS18B20;..\UserDriver\DS1302;..\UserDriver\Font;..\UserDriver\IR;..
                    -\UserDriver\KeyPro;..\UserDriver\LCD12864;..\UserDriver\Lunar) DEBUG OBJECTEXTEND PRINT(.\List\Font.lst) OBJECT(.\Obj\Fo
                    -nt.obj)

line level    source

   1          /********************************************************************************************
   2          名称：Font.c
   3          功能：字库
   4          作者：
   5          时间：
   6          *********************************************************************************************/
   7          #include "STC_NEW_8051.H"
   8          #include "Font.h"
   9          
  10          /*数字及":"符号图片,宽度x高度=16x32-----------------------------------------------*/
  11          /*PCtoLCD2002取模:顺向,逐行式-----------------------------------------------------*/
  12          unsigned char code num1632[12][64]={    
  13          /*
  14          {
  15          //================================字体1==================================================
  16          //图片数字0
  17          0x00,0x00,0x0F,0xF0,0x1F,0xF8,0x3F,0xFC,0x7F,0xFE,0x7C,0x3E,0x78,0x1E,0x78,0x1E,
  18          0x78,0x1E,0x78,0x1E,0x78,0x3E,0x78,0x7E,0x78,0x5E,0x78,0xDE,0x78,0x9E,0x79,0x9E,
  19          0x79,0x1E,0x7B,0x1E,0x7A,0x1E,0x7E,0x1E,0x7C,0x1E,0x7C,0x1E,0x78,0x1E,0x78,0x1E,
  20          0x78,0x1E,0x78,0x1E,0x7C,0x3E,0x7F,0xFE,0x3F,0xFC,0x1F,0xF8,0x0F,0xF0,0x00,0x00},
  21          {//图片数字1
  22          0x00,0x00,0x00,0x38,0x00,0xF8,0x03,0xF8,0x03,0xF8,0x00,0x78,0x00,0x78,0x00,0x78,
  23          0x00,0x78,0x00,0x78,0x00,0x78,0x00,0x78,0x00,0x78,0x00,0x78,0x00,0x78,0x00,0x78,
  24          0x00,0x78,0x00,0x78,0x00,0x78,0x00,0x78,0x00,0x78,0x00,0x78,0x00,0x78,0x00,0x78,
  25          0x00,0x78,0x00,0x78,0x00,0x78,0x00,0x78,0x00,0x78,0x00,0x78,0x00,0x78,0x00,0x00},
  26          
  27          {//图片数字2
  28          0x00,0x00,0x0F,0xF0,0x1F,0xF8,0x3F,0xFC,0x7F,0xFE,0x7C,0x3E,0x78,0x1E,0x78,0x1E,
  29          0x78,0x1E,0x78,0x1E,0x78,0x1E,0x78,0x1E,0x78,0x3E,0x00,0x7E,0x00,0xFC,0x01,0xF8,
  30          0x03,0xF0,0x07,0xE0,0x0F,0xC0,0x1F,0x80,0x3F,0x00,0x7E,0x00,0x7C,0x00,0x78,0x00,
  31          0x78,0x00,0x78,0x00,0x78,0x00,0x7F,0xFE,0x7F,0xFE,0x7F,0xFE,0x7F,0xFE,0x00,0x00},
  32          
  33          {//图片数字3
  34          0x00,0x00,0x0F,0xF0,0x1F,0xF8,0x3F,0xFC,0x7F,0xFE,0x7C,0x3E,0x78,0x1E,0x78,0x1E,
  35          0x78,0x1E,0x78,0x1E,0x78,0x1E,0x00,0x1E,0x00,0x1E,0x00,0x3E,0x0F,0xFC,0x0F,0xF8,
  36          0x0F,0xF8,0x0F,0xFC,0x00,0x3E,0x00,0x1E,0x00,0x1E,0x78,0x1E,0x78,0x1E,0x78,0x1E,
  37          0x78,0x1E,0x78,0x1E,0x7C,0x3E,0x7F,0xFE,0x3F,0xFC,0x1F,0xF8,0x0F,0xF0,0x00,0x00},
  38          
  39          {//图片数字4
  40          0x00,0x00,0x00,0x18,0x00,0x38,0x00,0x38,0x00,0x78,0x00,0xF8,0x01,0xF8,0x01,0xF8,
  41          0x03,0xF8,0x07,0xF8,0x07,0xF8,0x0F,0x78,0x0F,0x78,0x1E,0x78,0x1E,0x78,0x3C,0x78,
  42          0x3C,0x78,0x78,0x78,0x78,0x78,0x78,0x78,0x7F,0xFE,0x7F,0xFE,0x7F,0xFE,0x7F,0xFE,
  43          0x00,0x78,0x00,0x78,0x00,0x78,0x00,0x78,0x00,0x78,0x00,0x78,0x00,0x78,0x00,0x00},
  44          
  45          {//图片数字5
  46          0x00,0x00,0x7F,0xFE,0x7F,0xFE,0x7F,0xFE,0x7F,0xFE,0x78,0x00,0x78,0x00,0x78,0x00,
  47          0x78,0x00,0x78,0x00,0x7B,0xF0,0x7F,0xF8,0x7F,0xFC,0x7F,0xFE,0x7E,0x3E,0x7C,0x1E,
  48          0x7C,0x1E,0x00,0x1E,0x00,0x1E,0x00,0x1E,0x78,0x1E,0x78,0x1E,0x78,0x1E,0x78,0x1E,
  49          0x78,0x1E,0x78,0x1E,0x7C,0x3E,0x7F,0xFE,0x3F,0xFC,0x1F,0xF8,0x0F,0xF0,0x00,0x00},
  50          
  51          {//图片数字6
  52          0x00,0x00,0x0F,0xF0,0x1F,0xF8,0x3F,0xFC,0x7F,0xFE,0x7C,0x3E,0x78,0x1E,0x78,0x1E,
C51 COMPILER V9.01   FONT                                                                  07/27/2013 10:39:09 PAGE 2   

  53          0x78,0x1E,0x78,0x00,0x78,0x00,0x78,0x00,0x78,0x00,0x7B,0xF8,0x7F,0xFC,0x7F,0xFE,
  54          0x7F,0xFE,0x7C,0x3E,0x78,0x1E,0x78,0x1E,0x78,0x1E,0x78,0x1E,0x78,0x1E,0x78,0x1E,
  55          0x78,0x1E,0x78,0x1E,0x7C,0x3E,0x7F,0xFE,0x3F,0xFC,0x1F,0xF8,0x0F,0xF0,0x00,0x00},
  56          
  57          {//图片数字7
  58          0x00,0x00,0x7F,0xFE,0x7F,0xFE,0x7F,0xFE,0x7F,0xFE,0x00,0x3C,0x00,0x3C,0x00,0x78,
  59          0x00,0x78,0x00,0x78,0x00,0xF0,0x00,0xF0,0x00,0xF0,0x01,0xE0,0x01,0xE0,0x01,0xE0,
  60          0x03,0xC0,0x03,0xC0,0x03,0xC0,0x07,0x80,0x07,0x80,0x07,0x80,0x07,0x80,0x07,0x80,
  61          0x07,0x80,0x07,0x80,0x07,0x80,0x07,0x80,0x07,0x80,0x07,0x80,0x07,0x80,0x00,0x00},
  62          
  63          {//图片数字8
  64          0x00,0x00,0x0F,0xF0,0x1F,0xF8,0x3F,0xFC,0x7F,0xFE,0x7C,0x3E,0x78,0x1E,0x78,0x1E,
  65          0x78,0x1E,0x78,0x1E,0x78,0x1E,0x78,0x1E,0x7C,0x3E,0x3F,0xFC,0x1F,0xF8,0x1F,0xF8,
  66          0x3F,0xFC,0x7C,0x3E,0x78,0x1E,0x78,0x1E,0x78,0x1E,0x78,0x1E,0x78,0x1E,0x78,0x1E,
  67          0x78,0x1E,0x78,0x1E,0x7C,0x3E,0x7F,0xFE,0x3F,0xFC,0x1F,0xF8,0x0F,0xF0,0x00,0x00},
  68          
  69          {//图片数字9
  70          0x00,0x00,0x0F,0xF0,0x1F,0xF8,0x3F,0xFC,0x7F,0xFE,0x7C,0x3E,0x78,0x1E,0x78,0x1E,
  71          0x78,0x1E,0x78,0x1E,0x78,0x1E,0x78,0x1E,0x78,0x1E,0x78,0x1E,0x78,0x1E,0x7C,0x3E,
  72          0x7F,0xFE,0x3F,0xFE,0x1F,0xFE,0x0F,0xDE,0x00,0x1E,0x00,0x1E,0x00,0x1E,0x78,0x1E,
  73          0x78,0x1E,0x78,0x1E,0x7C,0x3E,0x7F,0xFE,0x3F,0xFC,0x1F,0xF8,0x0F,0xF0,0x00,0x00},
  74          {// 图片":"     10
  75          //6X6方点
  76          0x00,0x00,0x00,0x00,0x00,0x00,0x00,0x00,0x00,0x00,0x00,0x00,0x07,0xE0,0x07,0xE0,
  77          0x07,0xE0,0x07,0xE0,0x07,0xE0,0x07,0xE0,0x00,0x00,0x00,0x00,0x00,0x00,0x00,0x00,
  78          0x00,0x00,0x00,0x00,0x00,0x00,0x00,0x00,0x07,0xE0,0x07,0xE0,0x07,0xE0,0x07,0xE0,
  79          0x07,0xE0,0x07,0xE0,0x00,0x00,0x00,0x00,0x00,0x00,0x00,0x00,0x00,0x00,0x00,0x00},
  80          
  81          {// 图片 11 空格
  82          0x00,0x00,0x00,0x00,0x00,0x00,0x00,0x00,0x00,0x00,0x00,0x00,0x00,0x00,0x00,0x00,
  83          0x00,0x00,0x00,0x00,0x00,0x00,0x00,0x00,0x00,0x00,0x00,0x00,0x00,0x00,0x00,0x00,
  84          0x00,0x00,0x00,0x00,0x00,0x00,0x00,0x00,0x00,0x00,0x00,0x00,0x00,0x00,0x00,0x00,
  85          0x00,0x00,0x00,0x00,0x00,0x00,0x00,0x00,0x00,0x00,0x00,0x00,0x00,0x00,0x00,0x00},
  86          */
  87          /*
  88          //=================================字体2(数码管字体)==================================================
  89          //---0---
  90          {0x00,0x00,0x7F,0xFC,0xBF,0xFA,0xDF,0xF6,0xEF,0xEE,0xF0,0x1E,0xF0,0x1E,0xF0,0x1E,
  91           0xF0,0x1E,0xF0,0x1E,0xF0,0x1E,0xF0,0x1E,0xF0,0x1E,0xE0,0x0E,0xC0,0x06,0x80,0x02,
  92           0x00,0x00,0x80,0x02,0xC0,0x06,0xE0,0x0E,0xF0,0x1E,0xF0,0x1E,0xF0,0x1E,0xF0,0x1E,
  93           0xF0,0x1E,0xF0,0x1E,0xF0,0x1E,0xEF,0xEE,0xDF,0xF6,0xBF,0xFA,0x7F,0xFC,0x00,0x00},
  94          //---1---
  95          {0x00,0x00,0x00,0x00,0x00,0x02,0x00,0x06,0x00,0x0E,0x00,0x1E,0x00,0x1E,0x00,0x1E,
  96           0x00,0x1E,0x00,0x1E,0x00,0x1E,0x00,0x1E,0x00,0x1E,0x00,0x0E,0x00,0x06,0x00,0x02,
  97           0x00,0x00,0x00,0x02,0x00,0x06,0x00,0x0E,0x00,0x1E,0x00,0x1E,0x00,0x1E,0x00,0x1E,
  98           0x00,0x1E,0x00,0x1E,0x00,0x1E,0x00,0x0E,0x00,0x06,0x00,0x02,0x00,0x00,0x00,0x00},
  99          //---2---
 100          {0x00,0x00,0x7F,0xFC,0x3F,0xFA,0x1F,0xF6,0x0F,0xEE,0x00,0x1E,0x00,0x1E,0x00,0x1E,
 101           0x00,0x1E,0x00,0x1E,0x00,0x1E,0x00,0x1E,0x00,0x1E,0x00,0x0E,0x1F,0xF6,0x3F,0xFA,
 102           0x7F,0xFC,0xBF,0xF8,0xDF,0xF0,0xE0,0x00,0xF0,0x00,0xF0,0x00,0xF0,0x00,0xF0,0x00,
 103           0xF0,0x00,0xF0,0x00,0xF0,0x00,0xEF,0xE0,0xDF,0xF0,0xBF,0xF8,0x7F,0xFC,0x00,0x00},
 104          //---3---
 105          {0x00,0x00,0x7F,0xFC,0x3F,0xFA,0x1F,0xF6,0x0F,0xEE,0x00,0x1E,0x00,0x1E,0x00,0x1E,
 106           0x00,0x1E,0x00,0x1E,0x00,0x1E,0x00,0x1E,0x00,0x1E,0x00,0x0E,0x1F,0xF6,0x3F,0xFA,
 107           0x7F,0xFC,0x3F,0xFA,0x1F,0xF6,0x00,0x0E,0x00,0x1E,0x00,0x1E,0x00,0x1E,0x00,0x1E,
 108           0x00,0x1E,0x00,0x1E,0x00,0x1E,0x0F,0xEE,0x1F,0xF6,0x3F,0xFA,0x7F,0xFC,0x00,0x00},
 109          //---4---
 110          {0x00,0x00,0x00,0x00,0x80,0x02,0xC0,0x06,0xE0,0x0E,0xF0,0x1E,0xF0,0x1E,0xF0,0x1E,
 111           0xF0,0x1E,0xF0,0x1E,0xF0,0x1E,0xF0,0x1E,0xF0,0x1E,0xE0,0x0E,0xDF,0xF6,0xBF,0xFA,
 112           0x7F,0xFC,0x3F,0xFA,0x1F,0xF6,0x00,0x0E,0x00,0x1E,0x00,0x1E,0x00,0x1E,0x00,0x1E,
 113           0x00,0x1E,0x00,0x1E,0x00,0x1E,0x00,0x0E,0x00,0x06,0x00,0x02,0x00,0x00,0x00,0x00},
 114          //---5---
C51 COMPILER V9.01   FONT                                                                  07/27/2013 10:39:09 PAGE 3   

 115          {0x00,0x00,0x7F,0xFC,0xBF,0xF8,0xDF,0xF0,0xEF,0xE0,0xF0,0x00,0xF0,0x00,0xF0,0x00,
 116           0xF0,0x00,0xF0,0x00,0xF0,0x00,0xF0,0x00,0xF0,0x00,0xE0,0x00,0xDF,0xF0,0xBF,0xF8,
 117           0x7F,0xFC,0x3F,0xFA,0x1F,0xF6,0x00,0x0E,0x00,0x1E,0x00,0x1E,0x00,0x1E,0x00,0x1E,
 118           0x00,0x1E,0x00,0x1E,0x00,0x1E,0x0F,0xEE,0x1F,0xF6,0x3F,0xFA,0x7F,0xFC,0x00,0x00},
 119          //---6---
 120          {0x00,0x00,0x7F,0xFC,0xBF,0xF8,0xDF,0xF0,0xEF,0xE0,0xF0,0x00,0xF0,0x00,0xF0,0x00,
 121           0xF0,0x00,0xF0,0x00,0xF0,0x00,0xF0,0x00,0xF0,0x00,0xE0,0x00,0xDF,0xF0,0xBF,0xF8,
 122           0x7F,0xFC,0xBF,0xFA,0xDF,0xF6,0xE0,0x0E,0xF0,0x1E,0xF0,0x1E,0xF0,0x1E,0xF0,0x1E,
 123           0xF0,0x1E,0xF0,0x1E,0xF0,0x1E,0xEF,0xEE,0xDF,0xF6,0xBF,0xFA,0x7F,0xFC,0x00,0x00},
 124          //---7---
 125          {0x00,0x00,0x7F,0xFC,0x3F,0xFA,0x1F,0xF6,0x0F,0xEE,0x00,0x1E,0x00,0x1E,0x00,0x1E,
 126           0x00,0x1E,0x00,0x1E,0x00,0x1E,0x00,0x1E,0x00,0x1E,0x00,0x0E,0x00,0x06,0x00,0x02,
 127           0x00,0x00,0x00,0x02,0x00,0x06,0x00,0x0E,0x00,0x1E,0x00,0x1E,0x00,0x1E,0x00,0x1E,
 128           0x00,0x1E,0x00,0x1E,0x00,0x1E,0x00,0x0E,0x00,0x06,0x00,0x02,0x00,0x00,0x00,0x00},
 129          //---8---
 130          {0x00,0x00,0x7F,0xFC,0xBF,0xFA,0xDF,0xF6,0xEF,0xEE,0xF0,0x1E,0xF0,0x1E,0xF0,0x1E,
 131           0xF0,0x1E,0xF0,0x1E,0xF0,0x1E,0xF0,0x1E,0xF0,0x1E,0xE0,0x0E,0xDF,0xF6,0xBF,0xFA,
 132           0x7F,0xFC,0xBF,0xFA,0xDF,0xF6,0xE0,0x0E,0xF0,0x1E,0xF0,0x1E,0xF0,0x1E,0xF0,0x1E,
 133           0xF0,0x1E,0xF0,0x1E,0xF0,0x1E,0xEF,0xEE,0xDF,0xF6,0xBF,0xFA,0x7F,0xFC,0x00,0x00},
 134          //---9---
 135          {0x00,0x00,0x7F,0xFC,0xBF,0xFA,0xDF,0xF6,0xEF,0xEE,0xF0,0x1E,0xF0,0x1E,0xF0,0x1E,
 136           0xF0,0x1E,0xF0,0x1E,0xF0,0x1E,0xF0,0x1E,0xF0,0x1E,0xE0,0x0E,0xDF,0xF6,0xBF,0xFA,
 137           0x7F,0xFC,0x3F,0xFA,0x1F,0xF6,0x00,0x0E,0x00,0x1E,0x00,0x1E,0x00,0x1E,0x00,0x1E,
 138           0x00,0x1E,0x00,0x1E,0x00,0x1E,0x0F,0xEE,0x1F,0xF6,0x3F,0xFA,0x7F,0xFC,0x00,0x00},
 139          //笑脸
 140          {0x00,0x00,0x00,0x00,0x00,0x00,0x00,0x00,0x00,0x00,0x03,0xC0,0x07,0xE0,0x0F,0xF0,
 141           0x09,0x90,0x0F,0xF0,0x0F,0xF0,0x0D,0xB0,0x06,0x60,0x03,0xC0,0x00,0x00,0x00,0x00,
 142           0x00,0x00,0x00,0x00,0x00,0x00,0x03,0xC0,0x07,0xE0,0x0F,0xF0,0x09,0x90,0x0F,0xF0,
 143           0x0F,0xF0,0x0D,0xB0,0x06,0x60,0x03,0xC0,0x00,0x00,0x00,0x00,0x00,0x00,0x00,0x00},
 144           {// 图片 11 空格
 145          0x00,0x00,0x00,0x00,0x00,0x00,0x00,0x00,0x00,0x00,0x00,0x00,0x00,0x00,0x00,0x00,
 146          0x00,0x00,0x00,0x00,0x00,0x00,0x00,0x00,0x00,0x00,0x00,0x00,0x00,0x00,0x00,0x00,
 147          0x00,0x00,0x00,0x00,0x00,0x00,0x00,0x00,0x00,0x00,0x00,0x00,0x00,0x00,0x00,0x00,
 148          0x00,0x00,0x00,0x00,0x00,0x00,0x00,0x00,0x00,0x00,0x00,0x00,0x00,0x00,0x00,0x00}
 149          *
 150          /*
 151          //===================================字体3（文鼎字体）==================================================
 152                  //0
 153             {0x00,0x00,0x00,0x00,0x00,0x00,0x00,0x00,0x00,0x00,0x00,0x00,0x07,0xF0,0x1D,0xD8,
 154                  0x37,0x6C,0x36,0x6C,0x6C,0x36,0x6C,0x37,0x6C,0x3F,0xC6,0x3F,0x7C,0x33,0xCC,0x1E,
 155                  0xFE,0x1E,0xFE,0x1E,0xCC,0x1E,0x6C,0x1E,0x6C,0x36,0x6C,0x36,0x36,0x66,0x36,0x3C,
 156                  0x1B,0xEC,0x0D,0xB8,0x07,0xE0,0x00,0x00,0x00,0x00,0x00,0x00,0x00,0x00,0x00,0x00},
 157                  //1
 158                  {0x00,0x00,0x00,0x00,0x00,0x00,0x00,0x00,0x00,0x00,0x00,0x00,0x03,0xC0,0x1E,0xC0,
 159                  0x30,0xC0,0x1E,0xC0,0x06,0xC0,0x06,0xC0,0x06,0xC0,0x06,0xC0,0x06,0xC0,0x06,0x60,
 160                  0x07,0xE0,0x07,0xE0,0x06,0x60,0x06,0xC0,0x06,0xC0,0x06,0xC0,0x06,0xC0,0x06,0xC0,
 161                  0x06,0x60,0x3C,0x3C,0x3F,0xFC,0x00,0x00,0x00,0x00,0x00,0x00,0x00,0x00,0x00,0x00},
 162                  //2
 163                  {0x00,0x00,0x00,0x00,0x00,0x00,0x00,0x00,0x00,0x00,0x00,0x00,0x0F,0xF8,0x19,0xEC,
 164                  0x37,0x36,0x6C,0x36,0x6C,0x33,0x66,0x33,0x6C,0x36,0x38,0x36,0x00,0x66,0x00,0x6C,
 165                  0x00,0xD8,0x01,0xB0,0x07,0x60,0x01,0xC0,0x1F,0x80,0x1B,0x0F,0x36,0x1E,0x6C,0x1E,
 166                  0x7F,0xF6,0x60,0x0C,0x7F,0xFC,0x00,0x00,0x00,0x00,0x00,0x00,0x00,0x00,0x00,0x00},
 167                  //3
 168                  {0x00,0x00,0x00,0x00,0x00,0x00,0x00,0x00,0x00,0x00,0x00,0x00,0x0F,0xF8,0x19,0xCC,
 169                  0x37,0x6C,0x6C,0x3C,0x66,0x36,0x66,0x63,0x3C,0x36,0x00,0x6C,0x00,0xCC,0x0F,0x98,
 170                  0x0C,0x18,0x07,0xEC,0x00,0x36,0x00,0x36,0x38,0x36,0x6C,0x1E,0x6C,0x36,0x6C,0x36,
 171                  0x66,0x6C,0x33,0xD8,0x1F,0xF0,0x00,0x00,0x00,0x00,0x00,0x00,0x00,0x00,0x00,0x00},
 172                  //4
 173                  {0x00,0x00,0x00,0x00,0x00,0x00,0x00,0x00,0x00,0x00,0x00,0x00,0x00,0x78,0x00,0x78,
 174                  0x00,0xD8,0x01,0x8C,0x03,0xF8,0x03,0x0C,0x03,0xD8,0x07,0xD8,0x0F,0xD8,0x1B,0xD8,
 175                  0x36,0xCC,0x3E,0xFC,0x7D,0x8C,0x6C,0xCC,0x67,0x87,0x60,0x03,0x3F,0xDE,0x00,0xD8,
 176                  0x00,0xCC,0x03,0x87,0x03,0xFF,0x00,0x00,0x00,0x00,0x00,0x00,0x00,0x00,0x00,0x00},
C51 COMPILER V9.01   FONT                                                                  07/27/2013 10:39:09 PAGE 4   

 177                  //5
 178                  {0x00,0x00,0x00,0x00,0x00,0x00,0x00,0x00,0x00,0x00,0x00,0x00,0x3F,0xFC,0x30,0x06,
 179                  0x3F,0xFC,0x6C,0x00,0x38,0x00,0x6C,0x00,0x6C,0x00,0x79,0xE0,0x6F,0x38,0x63,0xCC,
 180                  0x6E,0x66,0x38,0x3C,0x00,0x67,0x00,0x36,0x78,0x36,0xCC,0x36,0xCC,0x66,0xC6,0xC6,
 181                  0x7C,0xFC,0x77,0xB8,0x1F,0xE0,0x00,0x00,0x00,0x00,0x00,0x00,0x00,0x00,0x00,0x00},
 182                  //6
 183                  {0x00,0x00,0x00,0x00,0x00,0x00,0x00,0x00,0x00,0x00,0x00,0x00,0x0F,0xF0,0x19,0xD8,
 184                  0x37,0x6C,0x3C,0xCC,0xEC,0xCC,0xFC,0x7C,0xCC,0x00,0xD8,0x00,0xDF,0xF8,0xDD,0xCC,
 185                  0xCF,0x6C,0xD8,0x36,0xD8,0x63,0xD8,0x3E,0xD8,0x63,0xD8,0x3E,0x6C,0x63,0x6C,0x3E,
 186                  0x36,0xF8,0x1B,0xB8,0x0F,0xE0,0x00,0x00,0x00,0x00,0x00,0x00,0x00,0x00,0x00,0x00},
 187                  //7
 188                  {0x00,0x00,0x00,0x00,0x00,0x00,0x00,0x00,0x00,0x00,0x00,0x00,0x3F,0xFF,0x60,0x03,
 189                  0xC7,0xFE,0xFC,0x36,0xD8,0x6C,0xF0,0x7C,0x61,0xCC,0x00,0xD8,0x01,0xB0,0x01,0xE0,
 190                  0x03,0x60,0x03,0xC0,0x06,0xC0,0x06,0xC0,0x0D,0x80,0x18,0xC0,0x0F,0x80,0x18,0xC0,
 191                  0x0D,0x80,0x19,0x80,0x0F,0x00,0x00,0x00,0x00,0x00,0x00,0x00,0x00,0x00,0x00,0x00},
 192                  //8
 193                  {0x00,0x00,0x00,0x00,0x00,0x00,0x00,0x00,0x00,0x00,0x00,0x00,0x0F,0xF0,0x19,0xD8,
 194                  0x37,0x6C,0x66,0x6C,0x6C,0x36,0x6C,0x66,0x66,0x7F,0x37,0xCE,0x31,0xCC,0x1B,0x38,
 195                  0x1E,0xFC,0x33,0xCC,0x66,0x66,0xCC,0x33,0xD8,0x33,0xD8,0x1B,0xCC,0x33,0xFC,0x36,
 196                  0x67,0x6C,0x31,0xD8,0x1F,0xF0,0x00,0x00,0x00,0x00,0x00,0x00,0x00,0x00,0x00,0x00},
 197                  //9
 198                  {0x00,0x00,0x00,0x00,0x00,0x00,0x00,0x00,0x00,0x00,0x00,0x00,0x0F,0xF0,0x19,0xD8,
 199                  0x37,0x6C,0x6C,0x36,0x6C,0x36,0x6C,0x33,0xDC,0x1E,0xFE,0x33,0xCC,0x1B,0x6C,0x1B,
 200                  0x36,0xF3,0x1B,0xBB,0x0F,0xFB,0x00,0x1E,0x00,0x36,0x3E,0x36,0x36,0x36,0x63,0xE6,
 201                  0x3E,0x3C,0x33,0xF8,0x1F,0xF0,0x00,0x00,0x00,0x00,0x00,0x00,0x00,0x00,0x00,0x00},
 202                  //笑脸
 203                  {0x00,0x00,0x00,0x00,0x00,0x00,0x00,0x00,0x00,0x00,0x03,0xC0,0x07,0xE0,0x0F,0xF0,
 204                   0x09,0x90,0x0F,0xF0,0x0F,0xF0,0x0D,0xB0,0x06,0x60,0x03,0xC0,0x00,0x00,0x00,0x00,
 205                   0x00,0x00,0x00,0x00,0x00,0x00,0x03,0xC0,0x07,0xE0,0x0F,0xF0,0x09,0x90,0x0F,0xF0,
 206                   0x0F,0xF0,0x0D,0xB0,0x06,0x60,0x03,0xC0,0x00,0x00,0x00,0x00,0x00,0x00,0x00,0x00},
 207                   // 图片 11 空格
 208                  {0x00,0x00,0x00,0x00,0x00,0x00,0x00,0x00,0x00,0x00,0x00,0x00,0x00,0x00,0x00,0x00,
 209                  0x00,0x00,0x00,0x00,0x00,0x00,0x00,0x00,0x00,0x00,0x00,0x00,0x00,0x00,0x00,0x00,
 210                  0x00,0x00,0x00,0x00,0x00,0x00,0x00,0x00,0x00,0x00,0x00,0x00,0x00,0x00,0x00,0x00,
 211                  0x00,0x00,0x00,0x00,0x00,0x00,0x00,0x00,0x00,0x00,0x00,0x00,0x00,0x00,0x00,0x00}
 212          */
 213          /*
 214          //===================================字体4（Algerian）==================================================
 215                  //0     
 216                  {0x00,0x00,0x00,0x00,0x00,0x00,0x00,0x00,0x00,0x00,0x00,0x00,0x00,0x00,0x07,0xF8,
 217                  0x1C,0x3C,0x3B,0xFE,0x7E,0x3F,0x76,0x0F,0xFC,0x0F,0xFC,0x0F,0xFC,0x0F,0xFC,0x0F,
 218                  0xFC,0x0F,0xFC,0x0F,0xFC,0x0F,0x7C,0x0F,0x7C,0x0F,0x7E,0x1F,0x3E,0x1E,0x1F,0x3E,
 219                  0x1F,0xFC,0x0F,0xF0,0x00,0x00,0x00,0x00,0x00,0x00,0x00,0x00,0x00,0x00,0x00,0x00},
 220                  //1
 221                  {0x00,0x00,0x00,0x00,0x00,0x00,0x00,0x00,0x00,0x00,0x00,0x00,0x00,0x00,0x01,0xC0,
 222                  0x37,0xE0,0x3F,0xE0,0x1F,0xE0,0x03,0xE0,0x03,0xE0,0x03,0xE0,0x03,0xE0,0x03,0xE0,
 223                  0x03,0xE0,0x03,0xE0,0x03,0xE0,0x03,0xE0,0x03,0xE0,0x03,0xE0,0x03,0xE0,0x03,0xF0,
 224                  0x07,0xF0,0x0F,0xF8,0x00,0x00,0x00,0x00,0x00,0x00,0x00,0x00,0x00,0x00,0x00,0x00},
 225                  //2
 226                  {0x00,0x00,0x00,0x00,0x00,0x00,0x00,0x00,0x00,0x00,0x00,0x00,0x00,0x00,0x0F,0xE0,
 227                  0x3C,0x7C,0x3B,0xFE,0x7F,0x3F,0x7E,0x1F,0x7F,0x9F,0x3F,0xDF,0x3F,0xBF,0x1F,0x3E,
 228                  0x00,0xFC,0x01,0xF8,0x07,0xF0,0x0F,0xC0,0x1F,0x00,0x3E,0x03,0x78,0x07,0x7F,0xFF,
 229                  0x7F,0xFF,0xFF,0xFF,0x00,0x00,0x00,0x00,0x00,0x00,0x00,0x00,0x00,0x00,0x00,0x00},
 230                  //3
 231                  {0x00,0x00,0x00,0x00,0x00,0x00,0x00,0x00,0x00,0x00,0x00,0x00,0x00,0x00,0x0F,0xE0,
 232                  0x3F,0xFE,0x7E,0x7F,0x7E,0x3F,0x7E,0x3F,0x3F,0x7F,0x03,0xFE,0x03,0xFC,0x06,0x70,
 233                  0x03,0xFE,0x00,0x1F,0x18,0x1F,0x3C,0x1F,0x7C,0x1F,0x7C,0x1F,0x7C,0x3F,0x3E,0x7F,
 234                  0x3F,0xFE,0x1F,0xF8,0x00,0x00,0x00,0x00,0x00,0x00,0x00,0x00,0x00,0x00,0x00,0x00},
 235                  //4
 236                  {0x00,0x00,0x00,0x00,0x00,0x00,0x00,0x00,0x00,0x00,0x00,0x00,0x00,0x00,0x07,0xE0,
 237                  0x07,0xC0,0x07,0xC0,0x0F,0xC0,0x0F,0xB8,0x0F,0xF8,0x1F,0xF8,0x1F,0xF8,0x1E,0xF8,
 238                  0x3C,0xF8,0x7C,0xF8,0x78,0xF8,0xFF,0xFF,0xFF,0xF7,0x00,0xFF,0x00,0xF8,0x00,0xF8,
C51 COMPILER V9.01   FONT                                                                  07/27/2013 10:39:09 PAGE 5   

 239                  0x01,0xFC,0x03,0xFE,0x00,0x00,0x00,0x00,0x00,0x00,0x00,0x00,0x00,0x00,0x00,0x00},
 240                  //5
 241                  {0x00,0x00,0x00,0x00,0x00,0x00,0x00,0x00,0x00,0x00,0x00,0x0E,0x00,0x0F,0x3F,0xFF,
 242                  0x3F,0xFF,0x30,0x06,0x3F,0xFC,0x3C,0x00,0x3F,0xF0,0x3E,0x3C,0x3F,0xDE,0x3C,0x7F,
 243                  0x18,0x3F,0x00,0x0F,0x00,0x0F,0x3C,0x0F,0x7C,0x0F,0xFC,0x0F,0x76,0x1F,0x7B,0x1E,
 244                  0x3C,0x7C,0x1F,0xF0,0x00,0x00,0x00,0x00,0x00,0x00,0x00,0x00,0x00,0x00,0x00,0x00},
 245                  //6
 246                  {0x00,0x00,0x00,0x00,0x00,0x00,0x00,0x00,0x00,0x00,0x00,0x00,0x00,0x00,0x07,0xF8,
 247                  0x1F,0xFE,0x3E,0x7F,0x3C,0x1F,0x7C,0x1C,0x7F,0xF0,0xFE,0x78,0xFF,0xFE,0xFB,0x7E,
 248                  0xFE,0x3F,0xFC,0x1F,0xFC,0x1F,0x7C,0x1F,0x7C,0x1F,0x7E,0x3E,0x3E,0x3E,0x1F,0x7C,
 249                  0x07,0xF8,0x0F,0xF0,0x00,0x00,0x00,0x00,0x00,0x00,0x00,0x00,0x00,0x00,0x00,0x00},
 250                  //7
 251                  {0x00,0x00,0x00,0x00,0x00,0x00,0x00,0x00,0x00,0x00,0x00,0x00,0x00,0x00,0x1F,0xFF,
 252                  0x1F,0xFF,0x18,0x07,0x1F,0xFF,0x1C,0x07,0x7C,0x0E,0x00,0x1E,0x00,0x1C,0x00,0x3C,
 253                  0x00,0x78,0x00,0xF8,0x00,0xF8,0x01,0xF0,0x01,0xF0,0x03,0xF0,0x03,0xF0,0x03,0xF0,
 254                  0x03,0xF0,0x03,0xF0,0x00,0x00,0x00,0x00,0x00,0x00,0x00,0x00,0x00,0x00,0x00,0x00},
 255                  //8
 256                  {0x00,0x00,0x00,0x00,0x00,0x00,0x00,0xF0,0x00,0x70,0x00,0xF0,0x03,0xE0,0x0F,0xF0,
 257                  0x3F,0x9C,0x7F,0xFE,0x7C,0x1E,0x7C,0x0E,0x3E,0x3E,0x1F,0xFC,0x07,0xF8,0x1D,0xFC,
 258                  0x3B,0x7F,0x7E,0x3F,0xFC,0x1F,0xFC,0x0F,0xFC,0x0F,0xFC,0x0F,0x7C,0x0F,0x7E,0x1F,
 259                  0x3E,0x3E,0x0F,0xF8,0x00,0x00,0x00,0x00,0x00,0x00,0x00,0x00,0x00,0x00,0x00,0x00},
 260                  //9
 261                  {0x00,0x00,0x00,0x00,0x00,0x00,0x00,0x00,0x00,0x00,0x00,0x00,0x00,0x00,0x0F,0xC0,
 262                  0x3C,0x78,0x7F,0xFC,0x76,0x7E,0xFC,0x1E,0xFC,0x1F,0xFC,0x1F,0xFC,0x3F,0xFC,0x3F,
 263                  0x7E,0x7F,0x3F,0xFF,0x1F,0xFF,0x0F,0xDE,0x00,0x3E,0x00,0x3E,0x00,0x7C,0x00,0x7C,
 264                  0x00,0xF8,0x01,0xF0,0x0F,0xE0,0x7D,0xC0,0x3F,0x00,0x00,0x00,0x00,0x00,0x00,0x00},
 265                  //笑脸
 266                  {0x00,0x00,0x00,0x00,0x00,0x00,0x00,0x00,0x00,0x00,0x03,0xC0,0x07,0xE0,0x0F,0xF0,
 267                   0x09,0x90,0x0F,0xF0,0x0F,0xF0,0x0D,0xB0,0x06,0x60,0x03,0xC0,0x00,0x00,0x00,0x00,
 268                   0x00,0x00,0x00,0x00,0x00,0x00,0x03,0xC0,0x07,0xE0,0x0F,0xF0,0x09,0x90,0x0F,0xF0,
 269                   0x0F,0xF0,0x0D,0xB0,0x06,0x60,0x03,0xC0,0x00,0x00,0x00,0x00,0x00,0x00,0x00,0x00},
 270                   // 图片 11 空格
 271                  {0x00,0x00,0x00,0x00,0x00,0x00,0x00,0x00,0x00,0x00,0x00,0x00,0x00,0x00,0x00,0x00,
 272                  0x00,0x00,0x00,0x00,0x00,0x00,0x00,0x00,0x00,0x00,0x00,0x00,0x00,0x00,0x00,0x00,
 273                  0x00,0x00,0x00,0x00,0x00,0x00,0x00,0x00,0x00,0x00,0x00,0x00,0x00,0x00,0x00,0x00,
 274                  0x00,0x00,0x00,0x00,0x00,0x00,0x00,0x00,0x00,0x00,0x00,0x00,0x00,0x00,0x00,0x00}
 275           */
 276           /*
 277          //==============================字体5(Roman)==============================================
 278                  //0  
 279                  {0x00,0x00,0x00,0x00,0x00,0x00,0x00,0x00,0x07,0xC0,0x1C,0x70,0x38,0x30,0x38,0x38,
 280                  0x70,0x18,0x70,0x1C,0x70,0x1C,0x70,0x1C,0x70,0x1C,0xE0,0x1C,0xE0,0x1C,0xE0,0x1C,
 281                  0xE0,0x1C,0x70,0x1C,0x70,0x1C,0x70,0x1C,0x70,0x1C,0x70,0x18,0x38,0x38,0x38,0x30,
 282                  0x1C,0x70,0x07,0xC0,0x00,0x00,0x00,0x00,0x00,0x00,0x00,0x00,0x00,0x00,0x00,0x00},
 283                   //1
 284                  {0x00,0x00,0x00,0x00,0x00,0x00,0x00,0x00,0x01,0x80,0x03,0x80,0x03,0x80,0x0F,0x80,
 285                  0x1B,0x80,0x03,0x80,0x03,0x80,0x03,0x80,0x03,0x80,0x03,0x80,0x03,0x80,0x03,0x80,
 286                  0x03,0x80,0x03,0x80,0x03,0x80,0x03,0x80,0x03,0x80,0x03,0x80,0x03,0x80,0x03,0x80,
 287                  0x03,0x80,0x1F,0xF0,0x00,0x00,0x00,0x00,0x00,0x00,0x00,0x00,0x00,0x00,0x00,0x00},
 288                  //2
 289                  {0x00,0x00,0x00,0x00,0x00,0x00,0x00,0x00,0x0F,0xE0,0x38,0x78,0x60,0x18,0x60,0x1C,
 290                  0xE0,0x1C,0xF0,0x1C,0x60,0x1C,0x00,0x1C,0x00,0x38,0x00,0x70,0x00,0xE0,0x03,0x80,
 291                  0x0E,0x00,0x18,0x00,0x30,0x00,0x60,0x00,0x60,0x00,0x60,0x0C,0xFC,0x0C,0xCF,0x1C,
 292                  0xC3,0xF8,0x01,0xF8,0x00,0x00,0x00,0x00,0x00,0x00,0x00,0x00,0x00,0x00,0x00,0x00},
 293                  //3
 294                  {0x00,0x00,0x00,0x00,0x00,0x00,0x00,0x00,0x0F,0xE0,0x38,0x78,0x60,0x38,0x60,0x18,
 295                  0xE0,0x18,0xF0,0x18,0x60,0x18,0x00,0x38,0x00,0x78,0x01,0xE0,0x00,0x70,0x00,0x18,
 296                  0x00,0x18,0x00,0x1C,0x00,0x1C,0x60,0x1C,0xF0,0x1C,0xC0,0x1C,0x60,0x1C,0x60,0x18,
 297                  0x38,0x78,0x0F,0xE0,0x00,0x00,0x00,0x00,0x00,0x00,0x00,0x00,0x00,0x00,0x00,0x00},
 298                  //4
 299                  {0x00,0x00,0x00,0x00,0x00,0x00,0x00,0x00,0x00,0x60,0x00,0xE0,0x00,0xE0,0x01,0xE0,
 300                  0x03,0xE0,0x03,0xE0,0x06,0xE0,0x06,0xE0,0x0C,0xE0,0x18,0xE0,0x18,0xE0,0x30,0xE0,
C51 COMPILER V9.01   FONT                                                                  07/27/2013 10:39:09 PAGE 6   

 301                  0x30,0xE0,0x60,0xE0,0xC0,0xE0,0xFF,0xFC,0x00,0xE0,0x00,0xE0,0x00,0xE0,0x00,0xE0,
 302                  0x00,0xE0,0x03,0xF0,0x00,0x00,0x00,0x00,0x00,0x00,0x00,0x00,0x00,0x00,0x00,0x00},
 303                  //5
 304                  {0x00,0x00,0x00,0x00,0x00,0x00,0x00,0x00,0x3F,0xF0,0x3F,0xC0,0x30,0x00,0x30,0x00,
 305                  0x30,0x00,0x60,0x00,0x60,0x00,0x6F,0xC0,0x78,0x70,0x60,0x38,0xC0,0x18,0x00,0x1C,
 306                  0x00,0x1C,0x00,0x1C,0x00,0x1C,0x60,0x1C,0xF0,0x1C,0xC0,0x1C,0x60,0x18,0x60,0x38,
 307                  0x38,0x70,0x0F,0xC0,0x00,0x00,0x00,0x00,0x00,0x00,0x00,0x00,0x00,0x00,0x00,0x00},
 308                  //6
 309                  {0x00,0x00,0x00,0x00,0x00,0x00,0x00,0x00,0x03,0xE0,0x0E,0x38,0x1C,0x18,0x38,0x18,
 310                  0x38,0x38,0x70,0x18,0x70,0x00,0x70,0x00,0x73,0xC0,0xEE,0x70,0xF8,0x38,0xF0,0x18,
 311                  0xF0,0x1C,0xF0,0x1C,0xE0,0x1C,0xE0,0x1C,0x70,0x1C,0x70,0x1C,0x70,0x18,0x38,0x38,
 312                  0x1C,0x70,0x07,0xC0,0x00,0x00,0x00,0x00,0x00,0x00,0x00,0x00,0x00,0x00,0x00,0x00},
 313                  //7
 314                  {0x00,0x00,0x00,0x00,0x00,0x00,0x00,0x00,0xDE,0x0C,0xFF,0x0C,0xF3,0xDC,0xE0,0xFC,
 315                  0xC0,0x0C,0xC0,0x0C,0x00,0x18,0x00,0x18,0x00,0x30,0x00,0x60,0x00,0xE0,0x01,0xC0,
 316                  0x01,0xC0,0x03,0x80,0x03,0x80,0x03,0x80,0x03,0x00,0x03,0x00,0x03,0x00,0x03,0x00,
 317                  0x03,0x00,0x00,0x00,0x00,0x00,0x00,0x00,0x00,0x00,0x00,0x00,0x00,0x00,0x00,0x00},
 318                  //8
 319                  {0x00,0x00,0x00,0x00,0x00,0x00,0x00,0x00,0x0F,0xE0,0x38,0x78,0x38,0x38,0x70,0x18,
 320                  0x70,0x18,0x70,0x18,0x70,0x18,0x38,0x38,0x38,0x78,0x0F,0xE0,0x38,0x78,0x70,0x18,
 321                  0x70,0x1C,0xE0,0x1C,0xE0,0x1C,0xE0,0x1C,0xE0,0x1C,0xE0,0x1C,0x70,0x1C,0x70,0x18,
 322                  0x38,0x78,0x0F,0xE0,0x00,0x00,0x00,0x00,0x00,0x00,0x00,0x00,0x00,0x00,0x00,0x00},
 323                  //9
 324                  {0x00,0x00,0x00,0x00,0x00,0x00,0x00,0x00,0x07,0xC0,0x1C,0x70,0x38,0x38,0x70,0x18,
 325                  0x70,0x1C,0x70,0x1C,0xE0,0x1C,0xE0,0x1C,0x70,0x1C,0x70,0x1C,0x70,0x1C,0x38,0x3C,
 326                  0x1C,0xFC,0x07,0x9C,0x00,0x1C,0x00,0x1C,0x30,0x18,0x78,0x38,0x60,0x38,0x30,0x70,
 327                  0x38,0xE0,0x0F,0x80,0x00,0x00,0x00,0x00,0x00,0x00,0x00,0x00,0x00,0x00,0x00,0x00},
 328                   //笑脸
 329                  {0x00,0x00,0x00,0x00,0x00,0x00,0x00,0x00,0x00,0x00,0x03,0xC0,0x07,0xE0,0x0F,0xF0,
 330                   0x09,0x90,0x0F,0xF0,0x0F,0xF0,0x0D,0xB0,0x06,0x60,0x03,0xC0,0x00,0x00,0x00,0x00,
 331                   0x00,0x00,0x00,0x00,0x00,0x00,0x03,0xC0,0x07,0xE0,0x0F,0xF0,0x09,0x90,0x0F,0xF0,
 332                   0x0F,0xF0,0x0D,0xB0,0x06,0x60,0x03,0xC0,0x00,0x00,0x00,0x00,0x00,0x00,0x00,0x00},
 333                   // 图片 11 空格
 334                  {0x00,0x00,0x00,0x00,0x00,0x00,0x00,0x00,0x00,0x00,0x00,0x00,0x00,0x00,0x00,0x00,
 335                  0x00,0x00,0x00,0x00,0x00,0x00,0x00,0x00,0x00,0x00,0x00,0x00,0x00,0x00,0x00,0x00,
 336                  0x00,0x00,0x00,0x00,0x00,0x00,0x00,0x00,0x00,0x00,0x00,0x00,0x00,0x00,0x00,0x00,
 337                  0x00,0x00,0x00,0x00,0x00,0x00,0x00,0x00,0x00,0x00,0x00,0x00,0x00,0x00,0x00,0x00}
 338           */
 339           /*
 340          //================================字体6（Times New Roman）================================================
             -======
 341                  //0
 342                  {0x00,0x00,0x00,0x00,0x00,0x00,0x00,0x00,0x00,0x00,0x00,0x00,0x00,0x00,0x07,0xE0,
 343                  0x1C,0x38,0x38,0x1C,0x38,0x1E,0x78,0x1E,0x78,0x1E,0xF8,0x1F,0xF8,0x1F,0xF8,0x1F,
 344                  0xF8,0x1F,0xF8,0x1F,0xF8,0x1F,0xF8,0x1F,0x78,0x1E,0x78,0x1E,0x38,0x1E,0x38,0x1C,
 345                  0x1C,0x38,0x07,0xE0,0x00,0x00,0x00,0x00,0x00,0x00,0x00,0x00,0x00,0x00,0x00,0x00},
 346             //1
 347                  {0x00,0x00,0x00,0x00,0x00,0x00,0x00,0x00,0x00,0x00,0x00,0x00,0x00,0x00,0x00,0x30,
 348                  0x01,0xF0,0x0F,0xF0,0x1F,0xF0,0x01,0xF0,0x01,0xF0,0x01,0xF0,0x01,0xF0,0x01,0xF0,
 349                  0x01,0xF0,0x01,0xF0,0x01,0xF0,0x01,0xF0,0x01,0xF0,0x01,0xF0,0x01,0xF0,0x01,0xF0,
 350                  0x03,0xF8,0x1F,0xFF,0x00,0x00,0x00,0x00,0x00,0x00,0x00,0x00,0x00,0x00,0x00,0x00},
 351             //2
 352                  {0x00,0x00,0x00,0x00,0x00,0x00,0x00,0x00,0x00,0x00,0x00,0x00,0x00,0x00,0x07,0xE0,
 353                  0x1F,0xF8,0x3F,0xFC,0x60,0xFE,0x40,0x7E,0x00,0x3E,0x00,0x3E,0x00,0x3C,0x00,0x38,
 354                  0x00,0x78,0x00,0xF0,0x00,0xC0,0x01,0x80,0x03,0x01,0x06,0x03,0x0F,0xFE,0x3F,0xFE,
 355                  0x7F,0xFE,0xFF,0xFE,0x00,0x00,0x00,0x00,0x00,0x00,0x00,0x00,0x00,0x00,0x00,0x00},
 356             //3
 357                  {0x00,0x00,0x00,0x00,0x00,0x00,0x00,0x00,0x00,0x00,0x00,0x00,0x00,0x00,0x03,0xF0,
 358                  0x0F,0xFC,0x30,0x7E,0x60,0x3E,0x00,0x3E,0x00,0x3C,0x00,0x70,0x01,0xF0,0x07,0xFC,
 359                  0x01,0xFE,0x00,0x7F,0x00,0x3F,0x00,0x1F,0x00,0x1F,0x00,0x1E,0x70,0x1E,0xFC,0x3C,
 360                  0xFF,0xF0,0x3F,0xC0,0x00,0x00,0x00,0x00,0x00,0x00,0x00,0x00,0x00,0x00,0x00,0x00},
 361             //4
C51 COMPILER V9.01   FONT                                                                  07/27/2013 10:39:09 PAGE 7   

 362                  {0x00,0x00,0x00,0x00,0x00,0x00,0x00,0x00,0x00,0x00,0x00,0x00,0x00,0x00,0x00,0x1C,
 363                  0x00,0x3C,0x00,0x3C,0x00,0x7C,0x00,0xFC,0x01,0x7C,0x02,0x7C,0x04,0x7C,0x08,0x7C,
 364                  0x10,0x7C,0x20,0x7C,0x40,0x7C,0x7F,0xFF,0x7F,0xFF,0x7F,0xFF,0x00,0x7C,0x00,0x7C,
 365                  0x00,0x7C,0x00,0x7C,0x00,0x00,0x00,0x00,0x00,0x00,0x00,0x00,0x00,0x00,0x00,0x00},
 366            //5
 367                  {0x00,0x00,0x00,0x00,0x00,0x00,0x00,0x00,0x00,0x00,0x00,0x00,0x00,0x00,0x07,0xFF,
 368                  0x0F,0xFE,0x0F,0xFE,0x0F,0xFC,0x10,0x00,0x10,0x00,0x3F,0x00,0x3F,0xF0,0x3F,0xFC,
 369                  0x7F,0xFE,0x00,0xFE,0x00,0x1F,0x00,0x07,0x00,0x03,0x00,0x03,0x38,0x03,0x7E,0x02,
 370                  0x7F,0x0C,0x1F,0xF0,0x00,0x00,0x00,0x00,0x00,0x00,0x00,0x00,0x00,0x00,0x00,0x00},
 371            //6
 372                  {0x00,0x00,0x00,0x00,0x00,0x00,0x00,0x00,0x00,0x00,0x00,0x00,0x00,0x00,0x00,0x0F,
 373                  0x00,0x7C,0x01,0xE0,0x07,0x80,0x0F,0x00,0x1E,0x00,0x1E,0x00,0x3F,0xF8,0x3C,0x7C,
 374                  0x7C,0x3E,0x7C,0x1F,0x7C,0x1F,0x7C,0x1F,0x7C,0x1F,0x7C,0x1F,0x3E,0x1E,0x1E,0x1E,
 375                  0x0F,0x3C,0x03,0xF0,0x00,0x00,0x00,0x00,0x00,0x00,0x00,0x00,0x00,0x00,0x00,0x00},
 376            //7
 377                  {0x00,0x00,0x00,0x00,0x00,0x00,0x00,0x00,0x00,0x00,0x00,0x00,0x00,0x00,0x1F,0xFF,
 378                  0x3F,0xFF,0x3F,0xFE,0x3F,0xFE,0x60,0x0C,0x40,0x0C,0x00,0x0C,0x00,0x18,0x00,0x18,
 379                  0x00,0x30,0x00,0x30,0x00,0x60,0x00,0x60,0x00,0x40,0x00,0xC0,0x00,0xC0,0x01,0x80,
 380                  0x01,0x80,0x03,0x00,0x00,0x00,0x00,0x00,0x00,0x00,0x00,0x00,0x00,0x00,0x00,0x00},
 381            //8
 382                  {0x00,0x00,0x00,0x00,0x00,0x00,0x00,0x00,0x00,0x00,0x00,0x00,0x00,0x00,0x07,0xF8,
 383                  0x1E,0x1C,0x3C,0x0E,0x7C,0x0F,0x7C,0x0F,0x7E,0x0F,0x7F,0x1E,0x3F,0xFC,0x1F,0xF0,
 384                  0x07,0xFC,0x0F,0xFE,0x3C,0x7E,0x38,0x3F,0x78,0x3F,0x78,0x1F,0x78,0x1F,0x38,0x1E,
 385                  0x1C,0x3C,0x07,0xF0,0x00,0x00,0x00,0x00,0x00,0x00,0x00,0x00,0x00,0x00,0x00,0x00},
 386            //9
 387                  {0x00,0x00,0x00,0x00,0x00,0x00,0x00,0x00,0x00,0x00,0x00,0x00,0x00,0x00,0x07,0xE0,
 388                  0x1E,0x78,0x3C,0x3C,0x3C,0x3E,0x7C,0x1E,0x7C,0x1F,0x7C,0x1F,0x7C,0x1F,0x7C,0x1F,
 389                  0x3E,0x1F,0x1F,0x1F,0x0F,0xFE,0x00,0x3E,0x00,0x3C,0x00,0x78,0x00,0xF0,0x03,0xE0,
 390                  0x1F,0x80,0x78,0x00,0x00,0x00,0x00,0x00,0x00,0x00,0x00,0x00,0x00,0x00,0x00,0x00},
 391                   //笑脸
 392                  {0x00,0x00,0x00,0x00,0x00,0x00,0x00,0x00,0x00,0x00,0x03,0xC0,0x07,0xE0,0x0F,0xF0,
 393                   0x09,0x90,0x0F,0xF0,0x0F,0xF0,0x0D,0xB0,0x06,0x60,0x03,0xC0,0x00,0x00,0x00,0x00,
 394                   0x00,0x00,0x00,0x00,0x00,0x00,0x03,0xC0,0x07,0xE0,0x0F,0xF0,0x09,0x90,0x0F,0xF0,
 395                   0x0F,0xF0,0x0D,0xB0,0x06,0x60,0x03,0xC0,0x00,0x00,0x00,0x00,0x00,0x00,0x00,0x00},
 396                   // 图片 11 空格
 397                  {0x00,0x00,0x00,0x00,0x00,0x00,0x00,0x00,0x00,0x00,0x00,0x00,0x00,0x00,0x00,0x00,
 398                  0x00,0x00,0x00,0x00,0x00,0x00,0x00,0x00,0x00,0x00,0x00,0x00,0x00,0x00,0x00,0x00,
 399                  0x00,0x00,0x00,0x00,0x00,0x00,0x00,0x00,0x00,0x00,0x00,0x00,0x00,0x00,0x00,0x00,
 400                  0x00,0x00,0x00,0x00,0x00,0x00,0x00,0x00,0x00,0x00,0x00,0x00,0x00,0x00,0x00,0x00}
 401           */
 402           /*
 403          //========================================字体7（幼圆）==========================================
 404                  //0
 405                  {0x00,0x00,0x00,0x00,0x00,0x00,0x00,0x00,0x00,0x00,0x00,0x00,0x07,0xE0,0x0E,0x70,
 406                  0x1C,0x38,0x38,0x1C,0x38,0x1C,0x38,0x0C,0x70,0x0E,0x70,0x0E,0x70,0x0E,0x70,0x0E,
 407                  0x70,0x0E,0x70,0x0E,0x70,0x0E,0x70,0x0E,0x70,0x0E,0x38,0x0C,0x38,0x1C,0x38,0x1C,
 408                  0x1C,0x38,0x0E,0x70,0x07,0xE0,0x00,0x00,0x00,0x00,0x00,0x00,0x00,0x00,0x00,0x00},
 409                  //1
 410                  {0x00,0x00,0x00,0x00,0x00,0x00,0x00,0x00,0x00,0x00,0x00,0x00,0x01,0x80,0x03,0x80,
 411                  0x3F,0x80,0x03,0x80,0x03,0x80,0x03,0x80,0x03,0x80,0x03,0x80,0x03,0x80,0x03,0x80,
 412                  0x03,0x80,0x03,0x80,0x03,0x80,0x03,0x80,0x03,0x80,0x03,0x80,0x03,0x80,0x03,0x80,
 413                  0x03,0x80,0x07,0xC0,0x3F,0xF8,0x00,0x00,0x00,0x00,0x00,0x00,0x00,0x00,0x00,0x00},
 414                  //2
 415                  {0x00,0x00,0x00,0x00,0x00,0x00,0x00,0x00,0x00,0x00,0x00,0x00,0x0F,0xE0,0x18,0x78,
 416                  0x30,0x38,0x60,0x1C,0x60,0x1C,0x70,0x1C,0x70,0x1C,0x00,0x1C,0x00,0x38,0x00,0x30,
 417                  0x00,0x60,0x00,0xC0,0x01,0x80,0x03,0x00,0x06,0x00,0x0C,0x0C,0x18,0x0C,0x30,0x0C,
 418                  0x60,0x1C,0x7F,0xF8,0x7F,0xF8,0x00,0x00,0x00,0x00,0x00,0x00,0x00,0x00,0x00,0x00},
 419                  //3
 420                  {0x00,0x00,0x00,0x00,0x00,0x00,0x00,0x00,0x00,0x00,0x00,0x00,0x0F,0xC0,0x38,0xF0,
 421                  0x70,0x70,0x70,0x38,0x70,0x38,0x70,0x38,0x00,0x38,0x00,0x70,0x00,0xE0,0x07,0xC0,
 422                  0x00,0xF0,0x00,0x38,0x00,0x18,0x00,0x1C,0x00,0x1C,0x70,0x1C,0x70,0x1C,0x70,0x18,
 423                  0x70,0x38,0x38,0x70,0x0F,0xC0,0x00,0x00,0x00,0x00,0x00,0x00,0x00,0x00,0x00,0x00},
C51 COMPILER V9.01   FONT                                                                  07/27/2013 10:39:09 PAGE 8   

 424                  //4
 425                  {0x00,0x00,0x00,0x00,0x00,0x00,0x00,0x00,0x00,0x00,0x00,0x00,0x00,0x70,0x00,0xF0,
 426                  0x00,0xF0,0x01,0xF0,0x03,0xF0,0x03,0xF0,0x06,0xF0,0x0E,0xF0,0x0C,0xF0,0x18,0xF0,
 427                  0x18,0xF0,0x30,0xF0,0x60,0xF0,0x60,0xF0,0xFF,0xFE,0x00,0xF0,0x00,0xF0,0x00,0xF0,
 428                  0x00,0xF0,0x00,0xF0,0x00,0xF0,0x07,0xFE,0x00,0x00,0x00,0x00,0x00,0x00,0x00,0x00},
 429                  //5
 430                  {0x00,0x00,0x00,0x00,0x00,0x00,0x00,0x00,0x00,0x00,0x00,0x00,0x1F,0xFC,0x1F,0xFC,
 431                  0x18,0x00,0x18,0x00,0x18,0x00,0x30,0x00,0x30,0x00,0x37,0xE0,0x3C,0x70,0x38,0x38,
 432                  0x30,0x18,0x00,0x1C,0x00,0x1C,0x00,0x1C,0x00,0x1C,0x70,0x1C,0x70,0x1C,0x60,0x38,
 433                  0x60,0x38,0x30,0x70,0x1F,0xC0,0x00,0x00,0x00,0x00,0x00,0x00,0x00,0x00,0x00,0x00},
 434                  //6                                                                                                                                                        
 435                  {0x00,0x00,0x00,0x00,0x00,0x00,0x00,0x00,0x00,0x00,0x00,0x00,0x03,0xF0,0x07,0x18,
 436                  0x0C,0x1C,0x18,0x1C,0x38,0x00,0x38,0x00,0x30,0x00,0x70,0x00,0x73,0xF0,0x7E,0x38,
 437                  0x7C,0x1C,0x78,0x0E,0x70,0x0E,0x70,0x0E,0x70,0x0E,0x70,0x0E,0x38,0x0E,0x38,0x0C,
 438                  0x1C,0x1C,0x0E,0x38,0x07,0xE0,0x00,0x00,0x00,0x00,0x00,0x00,0x00,0x00,0x00,0x00},
 439                  //7
 440                  {0x00,0x00,0x00,0x00,0x00,0x00,0x00,0x00,0x00,0x00,0x00,0x00,0x3F,0xFC,0x3F,0xFC,
 441                  0x78,0x18,0x70,0x30,0x60,0x30,0x60,0x60,0x00,0x60,0x00,0xC0,0x00,0xC0,0x01,0x80,
 442                  0x01,0x80,0x01,0x80,0x03,0x00,0x03,0x00,0x03,0x00,0x07,0x00,0x07,0x00,0x07,0x00,
 443                  0x07,0x00,0x07,0x00,0x07,0x00,0x00,0x00,0x00,0x00,0x00,0x00,0x00,0x00,0x00,0x00},
 444                  //8
 445                  {0x00,0x00,0x00,0x00,0x00,0x00,0x00,0x00,0x00,0x00,0x00,0x00,0x0F,0xE0,0x1C,0x70,
 446                  0x38,0x38,0x70,0x1C,0x70,0x1C,0x70,0x1C,0x78,0x1C,0x3C,0x38,0x1E,0x30,0x0F,0xE0,
 447                  0x1F,0xE0,0x38,0xF0,0x70,0x78,0xE0,0x3C,0xE0,0x1C,0xE0,0x1C,0xE0,0x1C,0xE0,0x1C,
 448                  0x70,0x38,0x38,0x70,0x0F,0xC0,0x00,0x00,0x00,0x00,0x00,0x00,0x00,0x00,0x00,0x00},
 449                  //9
 450                  {0x00,0x00,0x00,0x00,0x00,0x00,0x00,0x00,0x00,0x00,0x00,0x00,0x0F,0xC0,0x38,0x60,
 451                  0x70,0x30,0x70,0x38,0xE0,0x18,0xE0,0x1C,0xE0,0x1C,0xE0,0x1C,0xE0,0x1C,0xE0,0x3C,
 452                  0x70,0x7C,0x38,0xFC,0x1F,0x9C,0x00,0x1C,0x00,0x38,0x00,0x38,0x00,0x38,0x70,0x70,
 453                  0x70,0xE0,0x71,0xC0,0x1F,0x80,0x00,0x00,0x00,0x00,0x00,0x00,0x00,0x00,0x00,0x00},
 454                  //笑脸
 455                  {0x00,0x00,0x00,0x00,0x00,0x00,0x00,0x00,0x00,0x00,0x03,0xC0,0x07,0xE0,0x0F,0xF0,
 456                   0x09,0x90,0x0F,0xF0,0x0F,0xF0,0x0D,0xB0,0x06,0x60,0x03,0xC0,0x00,0x00,0x00,0x00,
 457                   0x00,0x00,0x00,0x00,0x00,0x00,0x03,0xC0,0x07,0xE0,0x0F,0xF0,0x09,0x90,0x0F,0xF0,
 458                   0x0F,0xF0,0x0D,0xB0,0x06,0x60,0x03,0xC0,0x00,0x00,0x00,0x00,0x00,0x00,0x00,0x00},
 459                   // 图片 11 空格
 460                  {0x00,0x00,0x00,0x00,0x00,0x00,0x00,0x00,0x00,0x00,0x00,0x00,0x00,0x00,0x00,0x00,
 461                  0x00,0x00,0x00,0x00,0x00,0x00,0x00,0x00,0x00,0x00,0x00,0x00,0x00,0x00,0x00,0x00,
 462                  0x00,0x00,0x00,0x00,0x00,0x00,0x00,0x00,0x00,0x00,0x00,0x00,0x00,0x00,0x00,0x00,
 463                  0x00,0x00,0x00,0x00,0x00,0x00,0x00,0x00,0x00,0x00,0x00,0x00,0x00,0x00,0x00,0x00}
 464           */
 465           /**/
 466          //==========================字体8（米芾字体）===========================================================
 467                  //0
 468                  {0x00,0x00,0x00,0x00,0x00,0x00,0x00,0x00,0x00,0x00,0x00,0x70,0x19,0xFC,0x3F,0xFF,
 469                  0x3F,0xFF,0x78,0x0F,0x70,0x07,0xF0,0x07,0xE0,0x07,0xE0,0x03,0xE0,0x03,0xE0,0x07,
 470                  0xE0,0x07,0xE0,0x0E,0xE0,0x0E,0xE0,0x1C,0xE0,0x3C,0xF0,0x78,0xF9,0xF0,0xFF,0xE0,
 471                  0x3F,0x80,0x00,0x00,0x00,0x00,0x00,0x00,0x00,0x00,0x00,0x00,0x00,0x00,0x00,0x00},
 472                  //1
 473                  {0x00,0x00,0x00,0x00,0x00,0x00,0x00,0x00,0x00,0x00,0x00,0x00,0x00,0x00,0x00,0x0F,
 474                  0x00,0x3F,0x00,0x7F,0x01,0xFF,0x03,0xFF,0x07,0x9E,0x1E,0x1E,0x38,0x3E,0x70,0x3E,
 475                  0x40,0x3C,0x00,0x3C,0x00,0x3C,0x00,0x3C,0x00,0x78,0x00,0x78,0x00,0x78,0x00,0xF0,
 476                  0x00,0xF0,0x00,0xE0,0x01,0xC0,0x00,0x00,0x00,0x00,0x00,0x00,0x00,0x00,0x00,0x00},
 477                  //2
 478                  {0x00,0x00,0x00,0x00,0x00,0x00,0x00,0x00,0x00,0x00,0x00,0x00,0x00,0x00,0x1F,0xF0,
 479                  0xFF,0xFE,0xFF,0xFF,0xF8,0x7F,0xE0,0x0F,0xC0,0x07,0x00,0x0F,0x00,0x1E,0x00,0x3C,
 480                  0x00,0x78,0x00,0xE0,0x01,0xC0,0x07,0x80,0x0F,0x00,0x3E,0x00,0x78,0x00,0xF8,0x00,
 481                  0xFF,0xFF,0xFF,0xFF,0x06,0x00,0x00,0x00,0x00,0x00,0x00,0x00,0x00,0x00,0x00,0x00},
 482                  //3
 483                  {0x00,0x00,0x00,0x00,0x00,0x00,0x00,0x00,0x00,0x00,0x00,0x00,0x00,0x38,0x1F,0xFF,
 484                  0x3F,0xFF,0x7F,0xFF,0x60,0x0F,0x00,0x1C,0x00,0x38,0x00,0xF0,0x01,0xE0,0x03,0xC0,
 485                  0x07,0x80,0x0F,0xF0,0x07,0xFE,0x00,0x7F,0x00,0x07,0x00,0x1F,0x00,0x7F,0x01,0xFC,
C51 COMPILER V9.01   FONT                                                                  07/27/2013 10:39:09 PAGE 9   

 486                  0x0F,0xF0,0x7F,0x80,0xF8,0x00,0x00,0x00,0x00,0x00,0x00,0x00,0x00,0x00,0x00,0x00},
 487                  //4
 488                  {0x00,0x00,0x00,0x00,0x00,0x00,0x00,0x00,0x00,0x00,0x00,0x00,0x03,0xC0,0x0F,0x80,
 489                  0x1F,0x00,0x1F,0x00,0x1E,0x00,0x3E,0x03,0x3C,0x07,0x7C,0x0F,0x78,0x0F,0x78,0x0F,
 490                  0x70,0x0F,0x70,0x0F,0x70,0x1E,0x70,0x1E,0x7F,0xFF,0x7F,0xFF,0x3F,0xFC,0x00,0x1C,
 491                  0x00,0x1C,0x00,0x3C,0x00,0x38,0x00,0x38,0x00,0x30,0x00,0x00,0x00,0x00,0x00,0x00},
 492                  //5
 493                  {0x00,0x00,0x00,0x00,0x00,0x00,0x00,0x00,0x00,0x00,0x00,0x00,0x00,0x00,0x07,0xFF,
 494                  0x0F,0xFF,0x1F,0xFF,0x3F,0x80,0x7C,0x00,0x78,0x00,0x78,0x00,0x78,0x00,0x3C,0x00,
 495                  0x1F,0x00,0x07,0xC0,0x01,0xF8,0x00,0x7E,0x00,0x1F,0x00,0x07,0x00,0x07,0x00,0xFF,
 496                  0xFF,0xFE,0xFF,0xF0,0x00,0x00,0x00,0x00,0x00,0x00,0x00,0x00,0x00,0x00,0x00,0x00},
 497                  //6
 498                  {0x00,0x00,0x00,0x00,0x00,0x00,0x00,0x00,0x00,0x00,0x00,0x03,0x00,0x0F,0x00,0x3E,
 499                  0x00,0x7C,0x01,0xF0,0x07,0xE0,0x0F,0xC0,0x1F,0x80,0x3E,0x00,0x7E,0x00,0xFB,0x80,
 500                  0xF9,0xE0,0xF0,0x78,0xF0,0x3C,0xE0,0x1E,0xE0,0x0F,0x70,0x0F,0x38,0x07,0x1F,0x07,
 501                  0x0F,0xFF,0x03,0xFE,0x00,0x00,0x00,0x00,0x00,0x00,0x00,0x00,0x00,0x00,0x00,0x00},
 502                  //7
 503                  {0x00,0x00,0x00,0x00,0x00,0x00,0x00,0x00,0x00,0x00,0x80,0x00,0xFE,0x00,0xFF,0xE0,
 504                  0xFF,0xF8,0x01,0xFC,0x00,0x1E,0x00,0x1E,0x00,0x3E,0x00,0x3E,0x00,0x7C,0x00,0x7C,
 505                  0x00,0xF8,0x00,0xF8,0x01,0xF0,0x01,0xE0,0x01,0xE0,0x03,0xC0,0x03,0xC0,0x07,0x80,
 506                  0x07,0x00,0x07,0x00,0x0E,0x00,0x00,0x00,0x00,0x00,0x00,0x00,0x00,0x00,0x00,0x00},
 507                  //8
 508                  {0x00,0x00,0x00,0x00,0x00,0x00,0x00,0x00,0x00,0x70,0x07,0xFE,0x1F,0xFF,0x7F,0x03,
 509                  0x60,0x03,0x20,0x03,0x60,0x07,0xE0,0x0F,0xE0,0x1F,0xF0,0x3F,0xF8,0x7C,0x3F,0xF8,
 510                  0x0F,0xF0,0x07,0xE0,0x1F,0xF0,0x3E,0x78,0x7C,0x38,0xF8,0x38,0xF0,0x38,0xF0,0xF0,
 511                  0xFF,0xC0,0x00,0x00,0x00,0x00,0x00,0x00,0x00,0x00,0x00,0x00,0x00,0x00,0x00,0x00},
 512                  //9
 513                  {0x00,0x00,0x00,0x00,0x00,0x00,0x00,0x00,0x00,0x00,0x00,0x3F,0x00,0xFF,0x01,0xFC,
 514                  0x07,0xE0,0x0F,0xC1,0x3F,0x07,0x7E,0x0F,0x78,0x3F,0xF0,0xFF,0xE7,0xCF,0xFF,0x0F,
 515                  0xF8,0x1F,0x00,0x1E,0x00,0x1E,0x00,0x3C,0x00,0x3C,0x00,0x78,0x00,0x78,0x00,0x70,
 516                  0x00,0xE0,0x01,0xC0,0x00,0x00,0x00,0x00,0x00,0x00,0x00,0x00,0x00,0x00,0x00,0x0},
 517                  //笑脸
 518                  {0x00,0x00,0x00,0x00,0x00,0x00,0x00,0x00,0x00,0x00,0x03,0xC0,0x07,0xE0,0x0F,0xF0,
 519                   0x09,0x90,0x0F,0xF0,0x0F,0xF0,0x0D,0xB0,0x06,0x60,0x03,0xC0,0x00,0x00,0x00,0x00,
 520                   0x00,0x00,0x00,0x00,0x00,0x00,0x03,0xC0,0x07,0xE0,0x0F,0xF0,0x09,0x90,0x0F,0xF0,
 521                   0x0F,0xF0,0x0D,0xB0,0x06,0x60,0x03,0xC0,0x00,0x00,0x00,0x00,0x00,0x00,0x00,0x00},
 522                   // 图片 11 空格
 523                  {0x00,0x00,0x00,0x00,0x00,0x00,0x00,0x00,0x00,0x00,0x00,0x00,0x00,0x00,0x00,0x00,
 524                  0x00,0x00,0x00,0x00,0x00,0x00,0x00,0x00,0x00,0x00,0x00,0x00,0x00,0x00,0x00,0x00,
 525                  0x00,0x00,0x00,0x00,0x00,0x00,0x00,0x00,0x00,0x00,0x00,0x00,0x00,0x00,0x00,0x00,
 526                  0x00,0x00,0x00,0x00,0x00,0x00,0x00,0x00,0x00,0x00,0x00,0x00,0x00,0x00,0x00,0x00}
 527          
 528          };
 529          /*16x16图标-------------------------------------------------------------------------*/
 530          /*PCtoLCD2002取模:顺向,逐行式*/
 531          unsigned char code bmp1616[4][32]={
 532          //"℃"    tt=0
 533          {0x00,0x00,0x30,0x00,0x48,0x00,0x48,0x00,0x33,0xE8,0x06,0x38,0x0C,0x18,0x0C,0x08,
 534           0x0C,0x00,0x0C,0x00,0x0C,0x00,0x0C,0x00,0x06,0x08,0x03,0x10,0x01,0xE0,0x00,0x00},     
 535          
 536          {0x00,0x00,0x33,0xCC,0x4C,0x32,0x48,0x12,0x30,0x0C,0x20,0x24,0x28,0x44,0x44,0x82,
 537          0x43,0x82,0x41,0x02,0x20,0x04,0x20,0x04,0x10,0x08,0x1C,0x38,0x33,0xCC,0x40,0x02},//闹钟标志
 538          
 539          //温度计图标
 540          {0x00,0x00,0x01,0x80,0x02,0x40,0x02,0xC0,0x02,0x40,0x02,0xC0,0x02,0x40,0x02,0xC0,
 541           0x02,0x40,0x03,0xC0,0x07,0xE0,0x0F,0xF0,0x0F,0xF0,0x07,0xE0,0x03,0xC0,0x00,0x00}
 542          };
 543          
 544          /******************************************************************************/
 545          /*--  一幅图像 KISS- 正向取模，字节正序*/     
 546          /*--  宽度x高度=128x64  --*/   
 547          /*      */
C51 COMPILER V9.01   FONT                                                                  07/27/2013 10:39:09 PAGE 10  

 548          unsigned char code BMP1[]={
 549          0x00,0x00,0x00,0x00,0x00,0x00,0x00,0x00,0x00,0x00,0x00,0x00,0x00,0x00,0x00,0x00, 
 550          0xFF,0xFF,0xFF,0x9F,0x00,0x00,0x0F,0x0E,0x00,0x00,0x00,0x00,0x19,0xFF,0xFF,0xFF, 
 551          0x00,0x00,0x00,0x00,0x00,0x00,0x1F,0xBF,0x80,0x00,0x00,0x00,0x00,0x00,0x00,0x00, 
 552          0x00,0x00,0x00,0x00,0x00,0x00,0x1F,0xFD,0x80,0x00,0x00,0x00,0x00,0x00,0x00,0x00, 
 553          0xFF,0xFF,0xF3,0xE0,0x00,0x00,0x1F,0xFD,0x80,0x00,0x00,0x00,0x00,0x3F,0xFF,0xFF, 
 554          0x00,0x00,0x00,0x00,0x00,0x00,0x0F,0xFA,0x00,0x00,0x00,0x00,0x01,0x80,0x00,0x00, 
 555          0x00,0x00,0x00,0x00,0x00,0x00,0x07,0xF4,0x00,0x00,0x00,0x00,0x00,0x00,0x00,0x00, 
 556          0xFF,0xFF,0xF0,0x00,0x00,0x00,0x03,0xF8,0x01,0xFF,0xFF,0xE0,0x00,0x07,0xFF,0xFF, 
 557          0x00,0x00,0x00,0x0F,0xFF,0xFC,0x00,0xF0,0x3F,0xFF,0xFF,0xFE,0x00,0x30,0x00,0x00, 
 558          0x00,0x00,0x00,0x7F,0xFF,0xFF,0x80,0x41,0xFF,0xFF,0xFF,0xFF,0xC0,0x00,0x00,0x00, 
 559          0xFF,0xFF,0x01,0xFF,0xFF,0xFF,0xF0,0x02,0x7F,0xFF,0xFF,0xFF,0xE0,0x03,0xFF,0xFF, 
 560          0x00,0x00,0x03,0xFF,0xFF,0xFF,0xF8,0x04,0x3F,0xFF,0xFF,0xFF,0xF0,0x00,0x00,0x00, 
 561          0x00,0x00,0x1F,0xFF,0xFF,0xFF,0xFC,0x08,0x73,0xFF,0xFF,0xFF,0xF8,0x00,0x00,0x00, 
 562          0xFF,0xE4,0x3F,0x7F,0xFF,0xFF,0xFF,0x30,0x2F,0xFF,0xFF,0xFF,0xFE,0x00,0x7F,0xFF, 
 563          0x00,0x00,0xFE,0x9F,0xFF,0xFF,0xFF,0xB0,0x1D,0xFF,0xFF,0xFF,0x3F,0x00,0x00,0x00, 
 564          0x00,0x00,0xFF,0x7F,0xFF,0xFF,0xFF,0xC2,0x23,0x3F,0xFF,0xFE,0x1F,0x80,0x00,0x00,
 565          
 566          0xFF,0xE1,0xFF,0xFF,0xFF,0xFF,0xFC,0xC5,0x92,0xFF,0xB7,0xB8,0xC9,0x80,0x7F,0xFF, 
 567          0x00,0x03,0xFF,0xFF,0xFF,0xFF,0xFC,0x4F,0xEF,0x3F,0xC8,0x1A,0x20,0xC0,0x00,0x00, 
 568          0x00,0x03,0xFF,0xFF,0xFF,0xFF,0xF8,0x7F,0xFF,0xFF,0x75,0x86,0xF6,0xC0,0x00,0x00, 
 569          0xFF,0x03,0xEF,0x9F,0xFB,0xFF,0xF8,0x7F,0xFF,0xFF,0xFB,0xDF,0xFE,0xC0,0x7F,0xFF, 
 570          0x00,0x07,0xDE,0x7F,0xC7,0xFF,0xF0,0x7E,0x7F,0xFF,0xFF,0xFF,0xFF,0xC0,0x00,0x00, 
 571          0x00,0x07,0x1C,0xF7,0x9F,0xDF,0xF0,0x7E,0x7F,0xFF,0xFF,0xFF,0xFF,0xC0,0x00,0x00, 
 572          0xFC,0x07,0x00,0x8C,0x1F,0xBF,0xE7,0x3C,0x3F,0xFF,0xFF,0xFF,0xFF,0xC0,0x7F,0xFF, 
 573          0x00,0x07,0x00,0x08,0x1C,0x3F,0x88,0x3C,0x7F,0xFF,0xFF,0xFF,0xFF,0xC0,0x00,0x00, 
 574          0x00,0x06,0x0C,0x08,0x98,0x7F,0x80,0x0D,0x9F,0xFF,0xFF,0xFF,0xFF,0xC0,0x00,0x00, 
 575          0xFC,0x06,0x1C,0xE3,0x99,0xFF,0x00,0x0C,0x0F,0xFF,0xFF,0xFF,0xFF,0xC0,0x5F,0xFF, 
 576          0x00,0x06,0xF1,0xE3,0x83,0xFE,0x00,0x08,0x03,0xDF,0xFF,0xFF,0xFF,0xC0,0x00,0x00, 
 577          0x00,0x06,0xF1,0xF7,0xC7,0xFE,0x00,0x08,0x01,0xCF,0xFF,0xFF,0xFF,0xC0,0x00,0x00, 
 578          0xFC,0x06,0xF3,0xF7,0xC7,0xFC,0x03,0x08,0x00,0x01,0xFF,0xFF,0xFF,0xC0,0xBF,0xFF, 
 579          0x00,0x07,0xF3,0xFF,0xE7,0xF0,0x03,0x09,0x80,0x00,0xFF,0xFF,0xFF,0xC0,0x00,0x00, 
 580          0x00,0x07,0xFF,0xFF,0xFF,0xE0,0x03,0x09,0x80,0x00,0x3F,0xFF,0xFF,0x80,0x00,0x00, 
 581          0xFC,0x07,0xFF,0xFF,0xFF,0xC0,0x03,0x09,0x80,0x00,0x0F,0xFF,0xFF,0x83,0xFF,0xFF,
 582          
 583          0x00,0x07,0xFF,0xE0,0xFE,0x00,0x03,0x09,0x80,0x00,0x07,0xFF,0xFF,0x80,0x00,0x00, 
 584          0x00,0x07,0xFF,0x80,0x7C,0x00,0x07,0xB1,0x80,0x00,0x07,0x83,0xFF,0x00,0x00,0x00, 
 585          0xFF,0x07,0xFF,0x0C,0x00,0x00,0x7F,0xB3,0xC0,0x00,0x06,0x01,0xFE,0x03,0xFF,0xFF, 
 586          0x00,0x07,0xFF,0x03,0x00,0x00,0x1F,0x43,0xFC,0x00,0x06,0x38,0xFE,0x00,0x00,0x00, 
 587          0x00,0x07,0xFF,0x03,0x00,0x00,0x00,0x81,0xF0,0x00,0x04,0x40,0xF8,0x00,0x00,0x00, 
 588          0xFC,0x87,0xFF,0x00,0x00,0x00,0x00,0x80,0x00,0x00,0x04,0x40,0xF0,0x07,0xFF,0xFF, 
 589          0x00,0x07,0xFF,0x80,0x00,0x2C,0x00,0x80,0x00,0x00,0x00,0x00,0xE0,0x00,0x00,0x00, 
 590          0x00,0x07,0xFF,0x80,0x00,0x52,0x00,0x40,0x00,0x00,0x00,0x01,0xE0,0x00,0x00,0x00, 
 591          0xFF,0x83,0xFF,0xF0,0x80,0x2C,0x00,0x40,0x00,0x00,0x00,0x01,0xC0,0x7F,0xFF,0xFF, 
 592          0x00,0x03,0xFF,0xFF,0x80,0x00,0x00,0x30,0x00,0x00,0x01,0x86,0x00,0x00,0x00,0x00, 
 593          0x00,0x03,0xFF,0xFF,0x80,0x00,0x00,0x38,0x00,0x00,0x01,0xF8,0x00,0x00,0x00,0x00, 
 594          0xFF,0xA3,0xFF,0xFF,0x80,0x00,0x00,0x44,0x00,0x00,0x01,0xFF,0x00,0x7F,0xFF,0xFF, 
 595          0x00,0x03,0xFF,0xFF,0x80,0x00,0x03,0x82,0x00,0x00,0x01,0xC0,0xC0,0x00,0x00,0x00, 
 596          0x00,0x03,0xFF,0xFF,0x80,0x00,0x1C,0x01,0xC0,0x00,0x00,0x78,0xC0,0x00,0x00,0x00, 
 597          0xFF,0x81,0xFF,0xFF,0xC0,0x3F,0xE0,0x00,0x3C,0x00,0x07,0x80,0x20,0x7F,0xFF,0xFF, 
 598          0x00,0x01,0xFF,0xFF,0xE0,0x40,0x00,0x00,0x03,0xFE,0x78,0x00,0x20,0x00,0x00,0x00,
 599          
 600          0x00,0x01,0xFF,0xFF,0xF8,0x40,0x00,0x00,0x00,0x21,0x80,0x00,0x10,0x00,0x00,0x00, 
 601          0xFF,0xC1,0xFF,0xFF,0xFC,0x40,0x00,0x00,0x00,0x2E,0x00,0x00,0x10,0x4F,0xFF,0xFF, 
 602          0x00,0x01,0xFF,0xFF,0xFE,0x20,0x00,0x00,0x00,0x30,0x00,0x00,0x30,0x00,0x00,0x00, 
 603          0x00,0x00,0xFF,0xFF,0xFF,0xA0,0x00,0x00,0x00,0xC0,0x00,0x01,0xF8,0x00,0x00,0x00, 
 604          0xFF,0xE0,0xFF,0xFF,0xFB,0xE0,0x00,0x00,0x00,0xC0,0x00,0x03,0xFE,0x07,0xFF,0xFF, 
 605          0x00,0x00,0xFF,0xFF,0xFD,0xE0,0x00,0x00,0x00,0xC0,0x00,0x1F,0xFF,0x00,0x00,0x00, 
 606          0x00,0x00,0xFF,0xFF,0xFE,0x70,0x00,0x00,0x01,0xE0,0x00,0x3F,0xFF,0x80,0x00,0x00, 
 607          0xFF,0xC0,0xFF,0xFF,0xFF,0xB0,0x00,0x00,0x01,0xE0,0x00,0x7F,0xFF,0xC0,0x3F,0xFF, 
 608          0x00,0x00,0xFF,0xFF,0xFF,0xDC,0x00,0x00,0x03,0xF7,0x81,0xFF,0xFF,0xF0,0x00,0x00, 
 609          0x00,0x01,0xFF,0x80,0x7F,0xDC,0x00,0x00,0x0F,0xFF,0xC3,0xFF,0xFF,0xF8,0x00,0x00, 
C51 COMPILER V9.01   FONT                                                                  07/27/2013 10:39:09 PAGE 11  

 610          0xFF,0x01,0xFF,0x00,0x1F,0xEE,0x00,0x00,0x13,0xFF,0xF7,0xFF,0xFF,0xFC,0x07,0xFF, 
 611          0x00,0x01,0xFE,0x00,0x07,0xEF,0x00,0x00,0x1F,0xFF,0xFF,0xFF,0xFF,0xFF,0x00,0x00, 
 612          0x00,0x01,0xFC,0x00,0x03,0xF3,0x00,0x00,0x13,0xFF,0xBF,0xFF,0xFF,0xFF,0x80,0x00, 
 613          0xFF,0x01,0xFC,0x00,0x01,0xF3,0x80,0x00,0x1F,0xFF,0xBF,0xFF,0xFF,0xFF,0x83,0xFF, 
 614          0x00,0x01,0xF0,0x00,0x01,0xFD,0x80,0x00,0x0F,0xFF,0x7F,0xFF,0xFF,0xFF,0xC0,0x00, 
 615          0x00,0x03,0xF0,0x00,0x00,0x72,0xE0,0x00,0x03,0xFE,0xFF,0xFF,0xFF,0xFF,0xC0,0x00  
 616          };
 617          
 618          /*--  一幅图像 “图木叶制作”- 正向取模，字节正序*/ 
 619          /*unsigned char code BMP1[]={ 
 620                  0x00,0x00,0x00,0x00,0x00,0x00,0x00,0x0F,0xFF,0xF0,0x00,0x00,0x00,0x00,0x00,0x00,
 621                  0x00,0x00,0x00,0x00,0x00,0x00,0x03,0xFF,0xFF,0xFF,0x80,0x00,0x00,0x00,0x00,0x00,
 622                  0x00,0x00,0x00,0x00,0x00,0x00,0x1F,0xFF,0xFF,0xFF,0xF0,0x00,0x00,0x00,0x00,0x00,
 623                  0x00,0x00,0x00,0x00,0x00,0x01,0xFF,0xFF,0xFF,0xFF,0xFC,0x00,0x00,0x00,0x00,0x00,
 624                  0x00,0x00,0x00,0x00,0x00,0x07,0xFF,0xFF,0xFF,0xFF,0xFF,0x80,0x00,0x00,0x00,0x00,
 625                  0x01,0xE0,0x00,0x00,0x00,0x0D,0xFF,0xFF,0xFF,0xFF,0xFF,0xE0,0x00,0x00,0x00,0x00,
 626                  0x1F,0xDE,0x00,0x00,0x00,0x3E,0xD7,0xFF,0xFF,0xFF,0xFF,0xF8,0x00,0x00,0x2F,0x20,
 627                  0x12,0x52,0x00,0x00,0x00,0xFF,0xAD,0xFF,0xFF,0xFF,0xFF,0xFC,0x00,0x00,0x3E,0x78,
 628                  0x12,0xD2,0x00,0x00,0x03,0xFD,0xDE,0xFF,0xFF,0xFF,0xFF,0xFF,0x00,0x00,0x02,0xC8,
 629                  0x15,0x6A,0x00,0x00,0x07,0xFE,0xF7,0x7F,0xFF,0xFF,0xFF,0xFF,0x80,0x00,0x1D,0x90,
 630                  0x14,0xCA,0x00,0x00,0x0F,0xFF,0xFF,0xFF,0xFF,0xFF,0xFF,0xFF,0xC0,0x00,0x0E,0xE0,
 631                  0x15,0xFA,0x00,0x00,0x1F,0xFF,0xFF,0xFF,0xFF,0xFF,0xFF,0xFF,0xF0,0x00,0x0E,0xE0,
 632                  0x16,0xB2,0x00,0x00,0x3F,0xFF,0xFF,0xFF,0xFF,0xFF,0xFF,0xFF,0xF8,0x00,0x18,0xB0,
 633                  0x14,0xCA,0x00,0x00,0x7F,0xFF,0xFF,0xFF,0xFF,0xFF,0xFF,0xFF,0xFE,0x00,0x31,0x38,
 634                  0x14,0xCA,0x00,0x00,0xFF,0xFF,0xFF,0xFF,0xFF,0xFF,0xFF,0xFF,0xFF,0x00,0x02,0x1E,
 635                  0x17,0xFA,0x00,0x01,0xFF,0xFF,0xFF,0xFF,0x55,0x55,0x57,0xFF,0xFF,0x80,0x00,0x0C,
 636                  0x10,0x02,0x00,0x01,0xFF,0xFF,0xFF,0xFE,0x00,0x00,0x01,0xFF,0xFF,0xE0,0x00,0x00,
 637                  0x0F,0xFC,0x00,0x03,0xFF,0xFF,0xFF,0xFC,0x00,0x00,0x00,0xFF,0xFF,0xF0,0x00,0x00,
 638                  0x00,0x00,0x00,0x07,0xFF,0xFF,0xFF,0xFC,0x00,0x00,0x00,0x3F,0xFF,0xB8,0x00,0x00,
 639                  0x00,0xE0,0x00,0x07,0xFF,0xFF,0xFF,0xF8,0x00,0x00,0x00,0x3F,0xFF,0x9C,0x00,0x00,
 640                  0x00,0xA0,0x00,0x0F,0xFF,0xFF,0xFF,0xF0,0x00,0x00,0x00,0x1F,0xFF,0x9C,0x00,0x00,
 641                  0x1F,0xBF,0x00,0x1F,0xFF,0xFF,0xFF,0xC0,0x00,0x04,0x00,0x0F,0xFF,0x8E,0x03,0x80,
 642                  0x20,0x00,0x80,0x1F,0xFF,0xFF,0xFF,0x00,0x00,0x04,0x00,0x07,0xFF,0x8E,0x3F,0xF8,
 643                  0x20,0x00,0x80,0x1F,0xFF,0xFF,0xFC,0x00,0x00,0x00,0x00,0x3F,0xFF,0x8E,0x02,0xD0,
 644                  0x1F,0x1F,0x00,0x3F,0xFF,0xFF,0xF1,0xFF,0xF0,0x00,0x0F,0xC3,0xFF,0x8E,0x32,0xF0,
 645                  0x02,0x08,0x00,0x7F,0xFF,0xFF,0xF0,0x00,0x0F,0x00,0x70,0x03,0xFF,0x0E,0x13,0xC0,
 646                  0x0C,0x06,0x00,0x7F,0xBB,0xCF,0xE0,0x3F,0xA0,0x00,0x0F,0xFB,0xFB,0x0C,0x26,0x80,
 647                  0x10,0xA1,0x00,0xFF,0xD7,0x07,0xC0,0xF7,0xF8,0x00,0x3B,0xCB,0xFB,0x08,0x20,0x80,
 648                  0x11,0xB1,0x01,0xFF,0xFF,0x03,0x80,0x7F,0x80,0x00,0x3F,0xA3,0xF3,0x18,0x7F,0xEC,
 649                  0x1E,0xAF,0x01,0xFF,0xDE,0x43,0x80,0x1F,0xC0,0x00,0x07,0xE9,0xF3,0x10,0x01,0xF8,
 650                  0x00,0xA0,0x03,0xFF,0xBE,0x03,0x00,0x00,0x00,0x00,0x00,0x03,0xE2,0x00,0x00,0x70,
 651                  0x00,0xE0,0x03,0xFF,0xFE,0x37,0x00,0x00,0x00,0x00,0x00,0x01,0xC4,0x00,0x00,0x00,
 652                  0x00,0x00,0x03,0xFF,0xFE,0x03,0x00,0x00,0x00,0x00,0x00,0x01,0x88,0x00,0x00,0x00,
 653                  0x00,0x30,0x07,0xFF,0xFF,0x03,0x00,0x00,0x00,0x00,0x40,0x03,0x80,0x00,0x00,0x00,
 654                  0x00,0x48,0x07,0xFF,0xFF,0x87,0x00,0x00,0x00,0x00,0x40,0x03,0x00,0x00,0x00,0x00,
 655                  0x1F,0xC8,0x0F,0xFF,0xFF,0xCF,0x00,0x00,0x00,0x00,0x40,0x07,0x00,0x00,0x00,0xC0,
 656                  0x20,0xC8,0x0F,0xFF,0xFF,0xFF,0x00,0x00,0x00,0x00,0x80,0x07,0x00,0x00,0x04,0x60,
 657                  0x20,0xC8,0x0F,0xFF,0xFF,0xFF,0x00,0x00,0x00,0x05,0x00,0x0F,0x00,0x00,0x1F,0xFC,
 658                  0x25,0xCF,0x1F,0xFF,0xFF,0xFF,0x80,0x00,0x00,0x00,0x00,0x1E,0x00,0x00,0x19,0xF8,
 659                  0x26,0x00,0x9F,0xFF,0xFF,0xFF,0x40,0x00,0x18,0x01,0x70,0x2E,0x00,0x00,0x09,0x48,
 660                  0x26,0x00,0xBF,0xFF,0xFF,0xFF,0x90,0x00,0x07,0xFF,0x80,0x46,0x00,0x00,0x0B,0xF0,
 661                  0x25,0xCF,0x3F,0xFF,0xFF,0xFF,0x84,0x00,0x00,0xFE,0x00,0x86,0x00,0x00,0x09,0x40,
 662                  0x20,0xC8,0x3F,0xFF,0xFF,0xFC,0x81,0x80,0x00,0x3C,0x02,0x06,0x00,0x00,0x08,0xC0,
 663                  0x20,0xC8,0x3F,0xFF,0xFF,0xFC,0xC0,0x70,0x00,0x00,0x0C,0x03,0x00,0x00,0x0F,0xB0,
 664                  0x1F,0x48,0x3F,0xFF,0xFF,0xEF,0xC0,0x0E,0x00,0x00,0x30,0x01,0x00,0x00,0x07,0x1E,
 665                  0x00,0x48,0x3F,0xFF,0xFF,0xF7,0x40,0x01,0xC0,0x00,0xC0,0x00,0x80,0x00,0x00,0x0C,
 666                  0x00,0x48,0x3F,0xFF,0xFF,0xF7,0x20,0x00,0x38,0x01,0x80,0x00,0x00,0x00,0x00,0x00,
 667                  0x00,0x30,0x1F,0xFF,0xFF,0xEC,0x60,0x00,0x06,0x0F,0xF0,0x00,0x00,0x00,0x00,0x00,
 668                  0x00,0x00,0x1F,0xFF,0xFF,0xE8,0x18,0x00,0x00,0xF3,0x0C,0x00,0x00,0x00,0x00,0x00,
 669                  0x00,0x00,0x1F,0xFF,0xFF,0xF4,0x06,0x00,0x00,0x01,0x02,0x00,0x00,0x00,0x00,0x00,
 670                  0x11,0x0A,0x1F,0xFF,0xFF,0xF4,0x01,0x80,0x00,0x01,0x01,0x00,0x00,0x00,0x0F,0xFC,
 671                  0x51,0x0A,0x07,0xFF,0xFF,0xF5,0x00,0x70,0x00,0x01,0x01,0xD0,0x00,0x00,0x0F,0x88,
C51 COMPILER V9.01   FONT                                                                  07/27/2013 10:39:09 PAGE 12  

 672                  0x7D,0x0F,0xC7,0xFF,0xFF,0xFB,0x00,0x0E,0x7F,0x81,0x01,0x0F,0x80,0x00,0x08,0xF8,
 673                  0x13,0x7A,0x03,0xFF,0xFF,0xCF,0x00,0x00,0x00,0x7A,0x01,0x00,0x78,0x00,0x0F,0xF8,
 674                  0xFF,0x13,0xC0,0xFF,0xFC,0x03,0x40,0x00,0x00,0x07,0x01,0xC0,0x07,0x80,0x08,0x88,
 675                  0x13,0x12,0x00,0x3B,0xFC,0x3F,0x8C,0x00,0x00,0x01,0x82,0xE0,0x00,0x60,0x0F,0xF8,
 676                  0x7F,0x13,0xE0,0xC1,0xE3,0x7F,0xF2,0x00,0x00,0x00,0xA7,0xF8,0x00,0x18,0x08,0x88,
 677                  0x55,0x12,0x03,0x00,0x00,0xFF,0xFC,0x80,0x00,0x00,0xFF,0xFC,0x00,0x0C,0x38,0x88,
 678                  0x5D,0x12,0x0C,0x00,0x00,0x7F,0xFE,0x38,0x00,0x00,0xEF,0xFF,0x00,0x06,0x70,0x80,
 679                  0x13,0x12,0x30,0x00,0x00,0xFF,0xFF,0x06,0x87,0xAA,0xEF,0xFF,0x80,0x03,0x00,0x00,
 680                  0x00,0x00,0xC0,0x00,0x00,0xFF,0xFF,0x80,0x00,0x00,0x6F,0xFF,0xC0,0x01,0x80,0x00,
 681                  0x00,0x01,0x80,0x00,0x00,0xFF,0xFF,0xC0,0x00,0x00,0x6F,0xFF,0xE0,0x00,0x80,0x00,
 682                  0x00,0x03,0x00,0x00,0x00,0xFF,0xFF,0xC0,0x00,0x00,0x77,0xFF,0xF0,0x00,0xC0,0x00,
 683                  0x00,0x06,0x00,0x00,0x00,0x7F,0xFF,0xE0,0x00,0x00,0x77,0xFF,0xF8,0x00,0x40,0x00,
 684          }; */  
 685          


MODULE INFORMATION:   STATIC OVERLAYABLE
   CODE SIZE        =   ----    ----
   CONSTANT SIZE    =   1920    ----
   XDATA SIZE       =   ----    ----
   PDATA SIZE       =   ----    ----
   DATA SIZE        =   ----    ----
   IDATA SIZE       =   ----    ----
   BIT SIZE         =   ----    ----
END OF MODULE INFORMATION.


C51 COMPILATION COMPLETE.  0 WARNING(S),  0 ERROR(S)
