C51 COMPILER V9.01   LEDQLF                                                                07/05/2013 19:21:11 PAGE 1   


C51 COMPILER V9.01, COMPILATION OF MODULE LEDQLF
OBJECT MODULE PLACED IN .\ledQlf.obj
COMPILER INVOKED BY: D:\(3)keil4\C51\BIN\C51.EXE ..\ledQlf.c BROWSE DEBUG OBJECTEXTEND OBJECT(.\ledQlf.obj)

line level    source

   1          #include<reg51.h>                                                               //定义头文件
   2          #include<intrins.h>
   3          #define uchar unsigned char                                             //宏定义
   4          #define uint unsigned int
   5          uchar disp_buffer[8];
   6          uchar code tab[88]={
   7          0x00,0x00,0x00,0x00,0x00,0x00,0x00,0x00,
   8          0x00,0x3C,0x66,0x42,0x42,0x42,0x66,0x3C,/*"0",0*/
   9          0x00,0x00,0x04,0x04,0x7E,0x00,0x00,0x00,/*"1",1*/
  10          0x00,0x64,0x64,0x62,0x52,0x52,0x4A,0x44,/*"2",2*/
  11          0x00,0x24,0x44,0x42,0x4A,0x4A,0x4A,0x34,/*"3",3*/
  12          0x00,0x10,0x18,0x18,0x14,0x12,0x7E,0x10,/*"4",4*/
  13          0x00,0x00,0xCF,0x89,0x89,0x99,0x71,0x00,/*"5",0*/
  14          0x00,0x3C,0x4C,0x4A,0x4A,0x4A,0x4A,0x34,/*"6",6*/
  15          0x00,0x02,0x02,0x42,0x32,0x0A,0x06,0x02,/*"7",7*/
  16          0x00,0x3C,0x52,0x52,0x52,0x52,0x5A,0x34,/*"8",8*/
  17          0x00,0x2C,0x52,0x52,0x52,0x52,0x32,0x3C/*"9",9*/
  18          };
  19          /***********************************************************************/
  20          //延时函数：功能带有入口参数的延时函数，时间单位1毫秒
  21          /***********************************************************************/
  22          void delayms(int m)
  23          {
  24   1              int i,j;
  25   1              for(i=0;i<m;i++)
  26   1              {
  27   2                      for(j=0;j<123;j++)
  28   2                      {}
  29   2              }
  30   1      }
  31          
  32          void display()
  33          {
  34   1              uchar i,temp;
  35   1              temp = 0xfe;
  36   1              for(i=0;i<8;i++)
  37   1              {
  38   2                      P2 = temp;
  39   2                      P0 = disp_buffer[i];
  40   2                      delayms(2);
  41   2                      P0 = 0x00;
  42   2                      temp = _crol_(temp,1);  
  43   2              }
  44   1      }
  45          /***********************************************************************/
  46          //
  47          /***********************************************************************/
  48          void main()
  49          {
  50   1              uchar i,j=0;
  51   1              uint con=0;
  52   1              while(1)
  53   1              {
  54   2                      for(i=0;i<8;i++)
  55   2                      {
C51 COMPILER V9.01   LEDQLF                                                                07/05/2013 19:21:11 PAGE 2   

  56   3                              disp_buffer[i] = tab[i+j];
  57   3                      }
  58   2                      display();
  59   2                      con++;
  60   2                      if(con>6)
  61   2                      {
  62   3                              con=0;
  63   3                              j++;
  64   3                              if(j>80)
  65   3                                      j=0;
  66   3                      }       
  67   2              }
  68   1      }
  69          


MODULE INFORMATION:   STATIC OVERLAYABLE
   CODE SIZE        =    147    ----
   CONSTANT SIZE    =     88    ----
   XDATA SIZE       =   ----    ----
   PDATA SIZE       =   ----    ----
   DATA SIZE        =      8       4
   IDATA SIZE       =   ----    ----
   BIT SIZE         =   ----    ----
END OF MODULE INFORMATION.


C51 COMPILATION COMPLETE.  0 WARNING(S),  0 ERROR(S)
