C51 COMPILER V9.01   1                                                                     06/06/2013 19:19:29 PAGE 1   


C51 COMPILER V9.01, COMPILATION OF MODULE 1
OBJECT MODULE PLACED IN ..\Obj\1.obj
COMPILER INVOKED BY: D:\keil4\C51\BIN\C51.EXE ..\菜鸟小春\中断\1.c BROWSE DEBUG OBJECTEXTEND PRINT(.\1.lst) OBJECT(..\Ob
                    -j\1.obj)

line level    source

   1          /*******************************************************************************
   2          *  标题:                  计数器中断实验                                       *
   3          *******************************************************************************/
   4          
   5          #include <reg52.h>
   6          #include<intrins.h>
   7          
   8          
   9          void  counter0(void);
  10          void  counter1(void);  //函数声明
  11          
  12          void main(void)
  13          {  
  14   1      
  15   1      // IT0=0;       //低电平触发
  16   1         IT0=1;       //下降沿触发
  17   1         EX0=1;
  18   1      
  19   1      
  20   1         
  21   1      // IT1=0;       //低电平触发
  22   1         IT1=1;       //下降沿触发
  23   1         EX1=1;
  24   1         EA=1;
  25   1      
  26   1      
  27   1         while(1);
  28   1       }


MODULE INFORMATION:   STATIC OVERLAYABLE
   CODE SIZE        =     12    ----
   CONSTANT SIZE    =   ----    ----
   XDATA SIZE       =   ----    ----
   PDATA SIZE       =   ----    ----
   DATA SIZE        =   ----    ----
   IDATA SIZE       =   ----    ----
   BIT SIZE         =   ----    ----
END OF MODULE INFORMATION.


C51 COMPILATION COMPLETE.  0 WARNING(S),  0 ERROR(S)
