C51 COMPILER V9.01   1ANJIAN                                                               07/14/2013 12:37:29 PAGE 1   


C51 COMPILER V9.01, COMPILATION OF MODULE 1ANJIAN
OBJECT MODULE PLACED IN ..\Obj\1anjian.obj
COMPILER INVOKED BY: D:\(3)keil4\C51\BIN\C51.EXE ..\菜鸟小春\（1）按键\1anjian.c BROWSE DEBUG OBJECTEXTEND PRINT(.\1anji
                    -an.lst) OBJECT(..\Obj\1anjian.obj)

line level    source

   1          #include <reg52.h>
   2          #include <intrins.h>
   3          #define uint  unsigned int       //宏定义
   4          #define uchar  unsigned char
   5          
   6          uchar count0,count1,count2,count3,count4,flag,j;
   7          uint i;
   8          bit num0,num1,num2,num3,num4;
   9          sbit LED0 = P2^0;
  10          sbit LED1 = P2^1;
  11          sbit LED2 = P2^2;
  12          sbit LED3 = P2^3;
  13          sbit LED4 = P2^4;
  14          sbit key  = P3^7;
  15          
  16          void main()
  17          {
  18   1              EA   =1;
  19   1              ET0  =1;
  20   1              TMOD = 0x11;
  21   1              TH0  = (65536-50000)/256;//0x3c;
  22   1              TL0  = (65536-50000)%256;//0xb0;
  23   1              TR0  = 1;       
  24   1              while(1)
  25   1              {
  26   2                      LED0 = 0;
  27   2                      if(key == 0)
  28   2                      while(key == 0)
  29   2                      {
  30   3                              while(key == 0)
  31   3                              {       
  32   4                                      LED0 = 0;
  33   4                                      if(count1 < 4 )
  34   4                                      {
  35   5                                              LED1 = 0;
  36   5                                      }
  37   4                                      if((4<= count1)&&(count1<5))
  38   4                                      {
  39   5                                              LED1 = 1;
  40   5                                              LED2 = 0;
  41   5                                      }
  42   4                                      if(count1 >= 5) 
  43   4                                      {
  44   5                                              LED1 = 1;
  45   5                                              LED2 = 1;
  46   5                                              LED3 = num0;                    
  47   5                                      }
  48   4                              }
  49   3                              LED1 = 1;
  50   3                              LED2 = 1;
  51   3                              LED3 = 1;
  52   3                              for(i=0;i<1000;i++)
  53   3                              {
  54   4                                      for(j=0;j<121;j++)
C51 COMPILER V9.01   1ANJIAN                                                               07/14/2013 12:37:29 PAGE 2   

  55   4                                      {
  56   5                                              LED4 = 0;
  57   5                                              LED0 = 0;
  58   5                                      }
  59   4                              }
  60   3                      }
  61   2                      LED4 = 1;
  62   2                                                                      
  63   2              }
  64   1      
  65   1      }
  66          
  67          void timer0() interrupt 1
  68          {
  69   1              TH0 = (65536-50000)/256;//0x3c;
  70   1              TL0 = (65536-50000)%256;//0xb0;
  71   1              count0++;
  72   1              if(count0 > 9)
  73   1              {
  74   2                      num0 = ~num0;
  75   2                      count0 = 0;
  76   2                      if(key == 0)
  77   2                      {
  78   3                              count1 ++;                                                                                                      
  79   3                      }
  80   2                      else count1 = 0;                        
  81   2              }       
  82   1      }
  83          
  84          


MODULE INFORMATION:   STATIC OVERLAYABLE
   CODE SIZE        =    161    ----
   CONSTANT SIZE    =   ----    ----
   XDATA SIZE       =   ----    ----
   PDATA SIZE       =   ----    ----
   DATA SIZE        =      9    ----
   IDATA SIZE       =   ----    ----
   BIT SIZE         =      5    ----
END OF MODULE INFORMATION.


C51 COMPILATION COMPLETE.  0 WARNING(S),  0 ERROR(S)
