C51 COMPILER V9.01   2                                                                     06/10/2013 17:22:46 PAGE 1   


C51 COMPILER V9.01, COMPILATION OF MODULE 2
OBJECT MODULE PLACED IN ..\Obj\2.obj
COMPILER INVOKED BY: D:\keil4\C51\BIN\C51.EXE ..\菜鸟小春\（4）呼吸灯\2.c BROWSE DEBUG OBJECTEXTEND PRINT(.\2.lst) OBJEC
                    -T(..\Obj\2.obj)

line level    source

   1          #include <reg52.h>
   2          #include <intrins.h>
   3          
   4          typedef unsigned char uchar;
   5          typedef unsigned int uint;
   6          
   7          uint count;
   8          
   9          
  10          void main()             // 该中断计数循环3686（晶振11.0592MHZ）次是一秒4000次（12MHZ）
  11          {
  12   1              TMOD=0x02;
  13   1              TH0=6;
  14   1              TL0=6;         //当低八位记满溢出 TF0标指位为 1 反应给  CPU 申请中断 同时TH0 中数组                       
             -//自动装入（复制）TL0中
  15   1              EA=1;
  16   1              ET0=1;
  17   1              //TR0=1;
  18   1              while(1)
  19   1              {         
  20   2              
  21   2                      
  22   2                                      P0 = 0xff;
  23   2                              TR0 = 1;
  24   2                              if(count > 0)
  25   2                                      P0 = 0xfe;
  26   2                              if(count >25)
  27   2                                      P0 = 0xfc;
  28   2                              if(count >50)
  29   2                                      P0 = 0xf8;
  30   2                              if(count > 75)
  31   2                                      P0 = 0xf0;
  32   2                              if(count > 100)
  33   2                                      P0 = 0xe0;
  34   2                              if(count > 125)
  35   2                                      P0 = 0xc0;
  36   2                              if(count > 150)
  37   2                                      P0 = 0x80;
  38   2                              if(count > 175)
  39   2                                      P0 = 0x00;                              
  40   2                                                
  41   2              }
  42   1      }
  43          void T0_time() interrupt 1 using 2
  44                  {
  45   1                      count++;
  46   1                      if(count > 200)
  47   1                      {
  48   2                              count = 0;                                      
  49   2                      }                       
  50   1              }
  51          
  52          
  53                  
C51 COMPILER V9.01   2                                                                     06/10/2013 17:22:46 PAGE 2   



MODULE INFORMATION:   STATIC OVERLAYABLE
   CODE SIZE        =    164    ----
   CONSTANT SIZE    =   ----    ----
   XDATA SIZE       =   ----    ----
   PDATA SIZE       =   ----    ----
   DATA SIZE        =      2    ----
   IDATA SIZE       =   ----    ----
   BIT SIZE         =   ----    ----
END OF MODULE INFORMATION.


C51 COMPILATION COMPLETE.  0 WARNING(S),  0 ERROR(S)
