C51 COMPILER V9.01   3                                                                     06/10/2013 17:27:21 PAGE 1   


C51 COMPILER V9.01, COMPILATION OF MODULE 3
OBJECT MODULE PLACED IN ..\Obj\3.obj
COMPILER INVOKED BY: D:\keil4\C51\BIN\C51.EXE ..\菜鸟小春\（4）呼吸灯\3.c BROWSE DEBUG OBJECTEXTEND PRINT(.\3.lst) OBJEC
                    -T(..\Obj\3.obj)

line level    source

   1          #include<reg52.h>                     //定义头文件
   2          #define uchar unsigned char       //宏定义
   3          #define uint  unsigned int
   4          uchar count = 0;
   5          
   6          /**************************************************/
   7          //主函数
   8          /**************************************************/
   9          void main()
  10          {
  11   1              EA = 1;
  12   1              ET0 = 1;
  13   1              TMOD = 0x01;
  14   1              TH0 = (65536-500)/256;
  15   1              TL0 = (65536-500)%256;
  16   1              while(1)
  17   1              {
  18   2                      P0 = 0xff;
  19   2                      TR0 = 1;
  20   2                      if(count > 0)
  21   2                              P0 = 0xfe;
  22   2                      if(count >25)
  23   2                              P0 = 0xfc;
  24   2                      if(count >50)
  25   2                              P0 = 0xf8;
  26   2                      if(count > 75)
  27   2                              P0 = 0xf0;
  28   2                      if(count > 100)
  29   2                              P0 = 0xe0;
  30   2                      if(count > 125)
  31   2                              P0 = 0xc0;
  32   2                      if(count > 150)
  33   2                              P0 = 0x80;
  34   2                      if(count > 175)
  35   2                              P0 = 0x00;
  36   2              }
  37   1      }
  38          
  39          /**************************************************/
  40          //中断服务程序。
  41          /**************************************************/
  42          void timer0_100ms() interrupt 1
  43          {
  44   1              TH0 = (65536-500)/256;
  45   1              TL0 = (65536-500)%256;
  46   1              count++;
  47   1              if(count >200)
  48   1              {
  49   2                      count = 0;
  50   2              }
  51   1      }


MODULE INFORMATION:   STATIC OVERLAYABLE
C51 COMPILER V9.01   3                                                                     06/10/2013 17:27:21 PAGE 2   

   CODE SIZE        =    127    ----
   CONSTANT SIZE    =   ----    ----
   XDATA SIZE       =   ----    ----
   PDATA SIZE       =   ----    ----
   DATA SIZE        =      1    ----
   IDATA SIZE       =   ----    ----
   BIT SIZE         =   ----    ----
END OF MODULE INFORMATION.


C51 COMPILATION COMPLETE.  0 WARNING(S),  0 ERROR(S)
