C51 COMPILER V9.01   CLOCK                                                                 07/14/2013 15:50:29 PAGE 1   


C51 COMPILER V9.01, COMPILATION OF MODULE CLOCK
OBJECT MODULE PLACED IN ..\Obj\clock.obj
COMPILER INVOKED BY: D:\(3)keil4\C51\BIN\C51.EXE ..\菜鸟小春\（4）clock\clock.c BROWSE DEBUG OBJECTEXTEND PRINT(.\clock.
                    -lst) OBJECT(..\Obj\clock.obj)

line level    source

   1          #include <reg52.h>
   2          #include <intrins.h>
   3          #define uint  unsigned int       //宏定义
   4          #define uchar  unsigned char
   5          
   6          uchar code tab[] = {0x3F,0x06,0x5B,0x4F,0x66,0x6D,0x7D,0x07,0x7F,0x6F,0x40,0x80,0x00};
   7          uchar disp_buffer[8]={0};
   8          
   9          uchar count0,count1,count2,count4,j;
  10          uint count3;
  11          bit num0,num1,num2,num3,num4;
  12          sbit LED0 = P2^0;
  13          sbit LED1 = P2^1;
  14          sbit LED2 = P2^2;
  15          sbit LED3 = P2^3;
  16          sbit key  = P3^7;
  17          
  18          void delayms(uint ms)
  19          {
  20   1              uint i,j;  
  21   1              for(i=0;i<ms;i++)
  22   1                      for(j=0;j<121;j++);
  23   1      }
  24          
  25          /***************************************************************
  26          funtion:数码管显示函数
  27          ***************************************************************/
  28          void display()
  29          {
  30   1              uchar i,temp;
  31   1              temp = 0xfe;
  32   1              for(i=0;i<8;i++)
  33   1              {
  34   2                      P0 = temp;
  35   2                      P1 = tab[disp_buffer[i]];
  36   2                      delayms(2);
  37   2                      P1 = 0x00;
  38   2                      temp = _crol_(temp,1);                            //因为移位与放段同时，故i 是几，就送到哪位去。
  39   2              }
  40   1      }
  41          
  42          void main()
  43          {
  44   1              EA   =1;
  45   1              ET0  =1;
  46   1              ET1  =1;
  47   1              TMOD = 0x11;
  48   1              TH0  = (65536-50000)/256;//0x3c;
  49   1              TL0  = (65536-50000)%256;//0xb0;
  50   1              TR0  = 1;
  51   1              TH1  = 0x9e;//0x3c;
  52   1              TL1  = 0x58;//0xb0;
  53   1              TR1  = 1;       
  54   1              while(1)
C51 COMPILER V9.01   CLOCK                                                                 07/14/2013 15:50:29 PAGE 2   

  55   1              {
  56   2                      LED0 = num1;
  57   2                      LED1 = num2;
  58   2                      LED2 = num3;
  59   2                      LED3 = num4;
  60   2                      disp_buffer[0] = 0;
  61   2                      disp_buffer[1] = 0;
  62   2                      disp_buffer[2] = 0;
  63   2                      disp_buffer[3] = 0;
  64   2                      disp_buffer[4] = count2%10000/1000;
  65   2                      disp_buffer[5] = count2%1000/100;
  66   2                      disp_buffer[6] = count2%100/10;
  67   2                      disp_buffer[7] = count2%10;
  68   2                      display();
  69   2                      while(key == 0)
  70   2                      {
  71   3                              P2 = 0xff;
  72   3                              disp_buffer[0] = 0;
  73   3                              disp_buffer[1] = 0;
  74   3                              disp_buffer[2] = 0;
  75   3                              disp_buffer[3] = 0;
  76   3                              disp_buffer[4] = count2%10000/1000;
  77   3                              disp_buffer[5] = count2%1000/100;
  78   3                              disp_buffer[6] = count2%100/10;
  79   3                              disp_buffer[7] = count2%10;
  80   3                              display();
  81   3                                      while(key == 0)
  82   3                                      {                                       
  83   4                                              disp_buffer[0] = 0;
  84   4                                              disp_buffer[1] = 0;
  85   4                                              disp_buffer[2] = 0;
  86   4                                              disp_buffer[3] = 0;
  87   4                                              disp_buffer[4] = count2%10000/1000;
  88   4                                              disp_buffer[5] = count2%1000/100;
  89   4                                              disp_buffer[6] = count2%100/10;
  90   4                                              disp_buffer[7] = count2%10;
  91   4                                              display();
  92   4              
  93   4                                              if(count1 < 4 )
  94   4                                              {
  95   5                                                      LED0 = 0;
  96   5                                              }
  97   4                                              if((4<= count1)&&(count1<5))
  98   4                                              {
  99   5                                                      LED0 = 1;
 100   5                                                      LED1 = 0;
 101   5                                              }
 102   4                                              if(count1 >= 5) 
 103   4                                              {
 104   5                                                      LED0 = 1;
 105   5                                                      LED1 = 1;
 106   5                                                      LED2 = num0;                    
 107   5                                              }
 108   4                                      }
 109   3                              LED0 = 1;
 110   3                              LED1 = 1;
 111   3                              LED2 = 1;                                                                       
 112   3                              for(j=0;j<61;j++)
 113   3                                      {                                       
 114   4                                              disp_buffer[0] = 0;
 115   4                                              disp_buffer[1] = 0;
 116   4                                              disp_buffer[2] = 0;
C51 COMPILER V9.01   CLOCK                                                                 07/14/2013 15:50:29 PAGE 3   

 117   4                                              disp_buffer[3] = 0;
 118   4                                              disp_buffer[4] = count2%10000/1000;
 119   4                                              disp_buffer[5] = count2%1000/100;
 120   4                                              disp_buffer[6] = count2%100/10;
 121   4                                              disp_buffer[7] = count2%10;
 122   4                                              display();
 123   4                                              LED3 = 0;
 124   4                                      }                                                                                                       
 125   3                      }
 126   2                      LED3 = 1;
 127   2              }
 128   1      }
 129          
 130          void timer0() interrupt 1
 131          {
 132   1              TH0 = (65536-50000)/256;//0x3c;
 133   1              TL0 = (65536-50000)%256;//0xb0;
 134   1              count0++;count4++;
 135   1              if(count4 > 19){count4 = 0;count2++;}
 136   1              if(count0 > 9)
 137   1              {
 138   2                      count0 = 0;     
 139   2                      num0 = ~num0;
 140   2                      if(key == 0)
 141   2                      {
 142   3                              count1 ++;
 143   3                              if(count1 >6) count1 = 10;                                                                                                      
 144   3                      }
 145   2                      else count1 = 0;        
 146   2              }       
 147   1      }
 148          
 149          void timer1() interrupt 3
 150          {
 151   1              TH1 = 0x9e;//0x3c;
 152   1              TL1 = 0x58;//0xb0;
 153   1              num1 = ~num1;
 154   1              count3++;
 155   1              if(!(count3%2)) num2 = ~num2;
 156   1              if(!(count3%4)) num3 = ~num3;
 157   1              if(!(count3%20))num4 = ~num4;
 158   1              if(count3 >= 400)count3 = 0;            
 159   1      }


MODULE INFORMATION:   STATIC OVERLAYABLE
   CODE SIZE        =    463    ----
   CONSTANT SIZE    =     13    ----
   XDATA SIZE       =   ----    ----
   PDATA SIZE       =   ----    ----
   DATA SIZE        =     15       1
   IDATA SIZE       =   ----    ----
   BIT SIZE         =      5    ----
END OF MODULE INFORMATION.


C51 COMPILATION COMPLETE.  0 WARNING(S),  0 ERROR(S)
