C51 COMPILER V9.01   HUXIDENG                                                              06/10/2013 17:11:08 PAGE 1   


C51 COMPILER V9.01, COMPILATION OF MODULE HUXIDENG
OBJECT MODULE PLACED IN ..\Obj\huxideng.obj
COMPILER INVOKED BY: D:\keil4\C51\BIN\C51.EXE ..\菜鸟小春\（3）呼吸灯\huxideng.c BROWSE DEBUG OBJECTEXTEND PRINT(.\huxid
                    -eng.lst) OBJECT(..\Obj\huxideng.obj)

line level    source

   1          #include <reg52.h>
   2          #include <intrins.h>
   3          
   4          typedef unsigned char uchar;
   5          typedef unsigned int uint;
   6          
   7          uint num,count,count1;
   8          
   9          
  10          uint output( count1)
  11          
  12          {
  13   1              if(num > 399)
  14   1              {
  15   2                      num = 0;
  16   2                      count1++;
  17   2                      if(count1 > 200)
  18   2                      {count1 = 0 ; }
  19   2              }
  20   1              return(count1);
  21   1      }
  22          
  23          void main()             // 该中断计数循环3686（晶振11.0592MHZ）次是一秒4000次（12MHZ）
  24          {
  25   1              TMOD=0x02;
  26   1              TH0=6;
  27   1              TL0=6;         //当低八位记满溢出 TF0标指位为 1 反应给  CPU 申请中断 同时TH0 中数组                       
             -//自动装入（复制）TL0中
  28   1              EA=1;
  29   1              ET0=1;
  30   1              //TR0=1;
  31   1              count =  output( count1);
  32   1              while(1)
  33   1              {         
  34   2                              P0 = 0xff;
  35   2                      TR0 = 1;
  36   2                      if(count > 0)
  37   2                              P0 = 0xfe;
  38   2                      if(count >25)
  39   2                              P0 = 0xfc;
  40   2                      if(count >50)
  41   2                              P0 = 0xf8;
  42   2                      if(count > 75)
  43   2                              P0 = 0xf0;
  44   2                      if(count > 100)
  45   2                              P0 = 0xe0;
  46   2                      if(count > 125)
  47   2                              P0 = 0xc0;
  48   2                      if(count > 150)
  49   2                              P0 = 0x80;
  50   2                      if(count > 175)
  51   2                              P0 = 0x00;                        
  52   2              }
  53   1      }
C51 COMPILER V9.01   HUXIDENG                                                              06/10/2013 17:11:08 PAGE 2   

  54          void T0_time() interrupt 1 using 2
  55                  {
  56   1                      num++;  
  57   1              }
  58          
  59          
  60                  


MODULE INFORMATION:   STATIC OVERLAYABLE
   CODE SIZE        =    192    ----
   CONSTANT SIZE    =   ----    ----
   XDATA SIZE       =   ----    ----
   PDATA SIZE       =   ----    ----
   DATA SIZE        =      6    ----
   IDATA SIZE       =   ----    ----
   BIT SIZE         =   ----    ----
END OF MODULE INFORMATION.


C51 COMPILATION COMPLETE.  0 WARNING(S),  0 ERROR(S)
