C51 COMPILER V9.01   KEYLED                                                                06/09/2013 18:08:52 PAGE 1   


C51 COMPILER V9.01, COMPILATION OF MODULE KEYLED
OBJECT MODULE PLACED IN ..\Obj\keyled.obj
COMPILER INVOKED BY: D:\keil4\C51\BIN\C51.EXE ..\菜鸟小春\复件 （2）按键2\keyled.c BROWSE DEBUG OBJECTEXTEND PRINT(.\key
                    -led.lst) OBJECT(..\Obj\keyled.obj)

line level    source

   1          #include<reg51.h>
   2          #include<intrins.h>                                                             //定义头文件
   3          #define uchar unsigned char                                             //宏定义
   4          #define uint unsigned int
   5          
   6          uchar count,sec,min,hour;
   7          sbit led = P0^7;
   8          
   9          uchar code tab[] = {0x3F,0x06,0x5B,0x4F,0x66,0x6D,0x7D,0x07,0x7F,0x6F,0x40,0x80,0x00};
  10          uchar code dpy[]={0,1,2,3,4,5,6,7,8,9};
  11          uchar disp_buffer[8]={0,1,2,3,4,5,6,7};
  12          
  13          void delayms(int m)
  14          {
  15   1              int i,j;
  16   1              for(i=0;i<m;i++)
  17   1              {
  18   2                      for(j=0;j<123;j++)
  19   2                      {}
  20   2              }
  21   1      }
  22          
  23          
  24          void display()
  25          {
  26   1              uchar i,temp;
  27   1              temp = 0xfe;
  28   1              for(i=0;i<8;i++)
  29   1              {
  30   2                      P2 = temp;
  31   2                      P1 = tab[disp_buffer[i]];
  32   2                      delayms(2);
  33   2                      P1 = 0x00;
  34   2                      temp = _crol_(temp,1);  
  35   2              }
  36   1      }
  37          
  38          
  39          void main()
  40          {
  41   1              while(1)
  42   1              {       
  43   2              
  44   2                      EA = 1;                                 //开总中断
  45   2                      ET0 =1;                                 //开计时器0
  46   2                      TMOD = 0x01;                    //方式1 16位计数
  47   2                      TH0 = (65536-50000)/256;//0x3c;
  48   2                      TL0 = (65536-50000)%256;//0xb0;
  49   2                      TR0 = 1;
  50   2                      while(1)
  51   2                      {
  52   3                      
  53   3                      disp_buffer[0] = 12;
  54   3                      disp_buffer[1] = 12;
C51 COMPILER V9.01   KEYLED                                                                06/09/2013 18:08:52 PAGE 2   

  55   3                      disp_buffer[3] = 12;
  56   3                      disp_buffer[4] = 12;
  57   3                      disp_buffer[6] = sec/10;
  58   3                      disp_buffer[7] = sec%10;
  59   3                      disp_buffer[2] = 12;
  60   3                      disp_buffer[5] = 12;
  61   3                      display();
  62   3                      
  63   3                      }
  64   2      
  65   2                      
  66   2              
  67   2      
  68   2      
  69   2              }
  70   1      }
  71          
  72          void time0(void) interrupt 1
  73          {
  74   1              TH0 = (65536-50000)/256;//0x3c;
  75   1              TL0 = (65536-50000)%256;//0xb0;   //50毫秒
  76   1              count++;
  77   1              if(count > 19)
  78   1              {
  79   2                      count = 0;
  80   2                      led =~led;
  81   2                      sec++;
  82   2                      if(sec > 59)
  83   2                      {
  84   3                        sec = 0;
  85   3                        }
  86   2      //                min++;
  87   2      //                      if(min > 59)
  88   2      //                      {
  89   2      //                              min = 0;
  90   2      //                              hour++;
  91   2      //                              if(hour > 23)
  92   2      //                                      hour = 0;
  93   2                              }               
  94   1              
  95   1      
  96   1      
  97   1      
  98   1      }
  99                          


MODULE INFORMATION:   STATIC OVERLAYABLE
   CODE SIZE        =    181    ----
   CONSTANT SIZE    =     23    ----
   XDATA SIZE       =   ----    ----
   PDATA SIZE       =   ----    ----
   DATA SIZE        =     12       1
   IDATA SIZE       =   ----    ----
   BIT SIZE         =   ----    ----
END OF MODULE INFORMATION.


C51 COMPILATION COMPLETE.  0 WARNING(S),  0 ERROR(S)
