C51 COMPILER V9.01   LCD1602_CIN                                                           07/13/2013 20:07:16 PAGE 1   


C51 COMPILER V9.01, COMPILATION OF MODULE LCD1602_CIN
OBJECT MODULE PLACED IN ..\Obj\lcd1602_cin.obj
COMPILER INVOKED BY: D:\(3)keil4\C51\BIN\C51.EXE ..\菜鸟小春\(12)1602\lcd1602_cin.c BROWSE DEBUG OBJECTEXTEND PRINT(.\lc
                    -d1602_cin.lst) OBJECT(..\Obj\lcd1602_cin.obj)

line level    source

   1          /*************************************************************************************
   2          //LCD1602时钟测试程序
   3          *************************************************************************************/
   4          #include <reg52.h>                              //头文件
   5          #define uchar unsigned char             //宏定义
   6          #define uint unsigned int
   7          
   8          sbit lcdrs = P2^6;                                                        
   9          sbit lcdrw = P2^5;                                                        
  10          sbit lcden = P2^7;  
  11          
  12          //uchar sec,min,hou=12;                 //定义全局变量
  13          //uchar tab[8]={0,0,10,0,0,10,0,0};               //时高位，时低位，：，分高位，分低位，：，秒高位，秒低位
  14          uchar code tab1[11]="0123456789:";
  15          uchar code table[8]={0x00,0x0C,0x1E,0x1E,0x1E,0x1E,0x1E,0x1E};
  16          uchar code table1[8]={0x00,0x00,0x01,0x01,0x05,0x05,0x15,0x15}; 
  17          uchar code table2[8]={0x00,0x00,0x04,0x1F,0x15,0x1F,0x04,0x04}; 
  18          uchar code table3[8]={0x00,0x00,0x1B,0x15,0x11,0x0A,0x04,0x00}; 
  19          uchar code table4[8]={0x00,0x00,0x1F,0x15,0x1F,0x15,0x1F,0x00};
  20          uchar code table5[8]={0x15,0x00,0x1F,0x11,0x0E,0x04,0x1F,0x04}; 
  21          uchar code table6[8]={0x02,0x0A,0x1F,0x02,0x0F,0x02,0x0F,0x00}; 
  22          uchar code table7[8]={0x04,0x04,0x04,0x1F,0x04,0x04,0x04,0x04}; 
  23          
  24          /*************************************************************************************
  25          延时函数                                                           
  26          *************************************************************************************/
  27          void delay(uint x)
  28          {
  29   1              uint i,j;
  30   1              for(i=0;i<x;i++)
  31   1                      for(j=0;j<120;j++);
  32   1      }
  33          /*************************************************************************************
  34          写指令
  35          *************************************************************************************/
  36          void write_com(uchar com)
  37          {
  38   1              lcdrw=0;
  39   1              lcdrs=0;                        //lcdrs为低电平时，写命令
  40   1              delay(1);
  41   1              lcden=1;
  42   1              P0=com;
  43   1              delay(1);
  44   1              lcden=0;
  45   1      }
  46          /*************************************************************************************
  47          写数据
  48          *************************************************************************************/
  49          void write_data(uchar dat)
  50          {
  51   1              lcdrw=0;
  52   1              lcdrs=1;                        //lcdrs为高电平时，写数据
  53   1              delay(1);       
  54   1              P0=dat;
C51 COMPILER V9.01   LCD1602_CIN                                                           07/13/2013 20:07:16 PAGE 2   

  55   1              lcden=1;
  56   1              delay(1);
  57   1              lcden=0;
  58   1      }
  59          /*************************************************************************************
  60          初始化
  61          *************************************************************************************/
  62          void init()
  63          {
  64   1              lcden=0;
  65   1              write_com(0x38);                        //显示模式设定
  66   1              write_com(0x0c);                        //开关显示、光标有无设置、光标闪烁设置
  67   1              write_com(0x06);                        //写一个字符后指针加一
  68   1              write_com(0x01);                        //清屏指令
  69   1      }
  70          
  71          /*************************************************************************************
  72          写连续字符函数
  73          *************************************************************************************
  74          void write_word(uchar *s)
  75          {
  76                  while(*s>0)
  77                  {
  78                          write_data(*s);
  79                          s++;
  80                  }
  81          }
  82          /*************************************************************************************
  83          写1602数据,x,y位置
  84          *************************************************************************************/
  85          void write_1602_DATA(uchar x,uchar y,uchar dat)
  86          {
  87   1              if(x>0x0f)
  88   1              {
  89   2                      x=0x0f;
  90   2              }
  91   1              if(y==1)
  92   1              {
  93   2                      write_com(0x80+x);
  94   2              }
  95   1              else
  96   1              {
  97   2                      write_com(0xc0+x);
  98   2              };
  99   1              write_data(dat);
 100   1      }
 101          
 102          void LCD1602_Cin(uchar num,uchar *p)
 103          {   
 104   1              uchar m=0;
 105   1              if(num>7)
 106   1              {
 107   2                      num=7;
 108   2              };                                 //仅仅是控制num 最大为7
 109   1              write_com(0x40+num*8); 
 110   1              for(m=0;m<8;m++)   
 111   1              {  
 112   2                      write_data(p[m]);   
 113   2              };  
 114   1      }
 115          /*************************************************************************************
 116          主函数
C51 COMPILER V9.01   LCD1602_CIN                                                           07/13/2013 20:07:16 PAGE 3   

 117          *************************************************************************************/
 118          void main()
 119          {
 120   1      //      uchar i;
 121   1              init();
 122   1              LCD1602_Cin(0,table);
 123   1              LCD1602_Cin(1,table1);
 124   1              LCD1602_Cin(2,table2);
 125   1              LCD1602_Cin(3,table3);
 126   1              LCD1602_Cin(4,table4);
 127   1              LCD1602_Cin(5,table5);
 128   1              LCD1602_Cin(6,table6);
 129   1              LCD1602_Cin(7,table7);
 130   1              write_1602_DATA(0,1,0);
 131   1              write_1602_DATA(2,1,1);
 132   1              write_1602_DATA(4,1,2);
 133   1              write_1602_DATA(6,1,3);
 134   1              write_1602_DATA(8,1,4);
 135   1              write_1602_DATA(10,1,5);
 136   1              write_1602_DATA(12,1,6);
 137   1              write_1602_DATA(14,1,7);
 138   1      
 139   1              while(1)
 140   1              {
 141   2              }
 142   1      }


MODULE INFORMATION:   STATIC OVERLAYABLE
   CODE SIZE        =    358    ----
   CONSTANT SIZE    =     75    ----
   XDATA SIZE       =   ----    ----
   PDATA SIZE       =   ----    ----
   DATA SIZE        =   ----       6
   IDATA SIZE       =   ----    ----
   BIT SIZE         =   ----    ----
END OF MODULE INFORMATION.


C51 COMPILATION COMPLETE.  0 WARNING(S),  0 ERROR(S)
