C51 COMPILER V9.01   SHUAMGUAN                                                             06/10/2013 23:42:42 PAGE 1   


C51 COMPILER V9.01, COMPILATION OF MODULE SHUAMGUAN
OBJECT MODULE PLACED IN ..\Obj\shuamguan.obj
COMPILER INVOKED BY: D:\keil4\C51\BIN\C51.EXE ..\菜鸟小春\（4）呼吸灯\shuamguan.c BROWSE DEBUG OBJECTEXTEND PRINT(.\shua
                    -mguan.lst) OBJECT(..\Obj\shuamguan.obj)

line level    source

   1          #include <reg52.h>
   2          #include <intrins.h>
   3          
   4          typedef unsigned char uchar;
   5          typedef unsigned int uint;
   6          //数码管:正向位置;共阳极;正向连接
   7          
   8          uchar code tab[] = {0xC0,0xF9,0xA4,0xB0,0x99,0x92,0x82,0xF8,0x80,0x90,0x88,0x83,0xC6,0xA1,0x86,0x8E};
   9          uchar disp_buffer[15]={0,1,2,3,4,5,6,7,8,9,10,11,12,13,15};
  10          
  11          void delay(uint ms)
  12          {
  13   1              uint i,j;  
  14   1              for(i=0;i<ms;i++)
  15   1                      for(j=0;j<121;j++);
  16   1      }
  17          
  18          void main()             // 该中断计数循环3686（晶振11.0592MHZ）次是一秒4000次（12MHZ）
  19          {
  20   1              uint i,j;
  21   1              while(1)
  22   1              {         
  23   2      
  24   2                      for(i = 0;i < 15;i++)
  25   2                      {
  26   3                              for(j=0;j<100;j++)
  27   3                                      {       
  28   4                                              P0 = tab[disp_buffer[i]];
  29   4                                              delay(15-i);
  30   4                                              P0 = 0xff;
  31   4                                              delay(i);
  32   4                                              
  33   4                                      }
  34   3                      }         
  35   2              }
  36   1      }
  37          
  38          
  39                  


MODULE INFORMATION:   STATIC OVERLAYABLE
   CODE SIZE        =    113    ----
   CONSTANT SIZE    =     16    ----
   XDATA SIZE       =   ----    ----
   PDATA SIZE       =   ----    ----
   DATA SIZE        =     15       4
   IDATA SIZE       =   ----    ----
   BIT SIZE         =   ----    ----
END OF MODULE INFORMATION.


C51 COMPILATION COMPLETE.  0 WARNING(S),  0 ERROR(S)
