C51 COMPILER V9.01   SHUZHI                                                                07/01/2013 21:01:32 PAGE 1   


C51 COMPILER V9.01, COMPILATION OF MODULE SHUZHI
OBJECT MODULE PLACED IN ..\Obj\shuzhi.obj
COMPILER INVOKED BY: D:\(3)keil4\C51\BIN\C51.EXE ..\菜鸟小春\（6）点阵\shuzhi.c BROWSE DEBUG OBJECTEXTEND PRINT(.\shuzhi
                    -.lst) OBJECT(..\Obj\shuzhi.obj)

line level    source

   1          /******************************************************************************      
   2          * 【语    言】：C语言
   3          * 【编译环境】：Keil4  
   4          * 【程序功能】：利用定时器做时钟。在P3口接4个按键调整时间，并具备连加的功能
   5          * 【技术支持】：中断定时器                              
   6          * 【晶    振】: 12MHz外部晶振           
   7          * 【芯    片】: STC89C52RC 
   8          * 【日    期】: 2013/6/12
   9          * 【作    者】: Phone
  10          ******************************************************************************/
  11          
  12          
  13          #include<reg51.h>
  14          #include <intrins.h>
  15          #define uint  unsigned int                      //宏定义
  16          #define uchar  unsigned char
  17          
  18          /*************************************************************
  19          funtion:延时函数
  20          *************************************************************/
  21          void delayms(uint ms)
  22          {
  23   1              uint i,j;  
  24   1              for(i=0;i<ms;i++)
  25   1                      for(j=0;j<121;j++);
  26   1      }
  27          
  28          unsigned char code tab[]={0,1,2,3,4,5,6,7,8,9,10,11,12,13,14,15};  //列选通控制 共阴向右移               
  29          
  30          
  31          unsigned char code digittab[3][16]={
  32          
  33          
  34          {0x00,0x80,0xC0,0xA0,0x90,0x88,0x84,0x84,0x88,0x90,0xA0,0xC0,0x80,0x00,0x00,0x00},
  35          {0x00,0x00,0x18,0x18,0x18,0x18,0x18,0x18,0x18,0x18,0x18,0x18,0x18,0x00,0x00,0x00},
  36          {0x00,0x00,0x00,0x00,0x0C,0x12,0x22,0x44,0x88,0x44,0x22,0x12,0x0C,0x00,0x00,0x00},
  37          };
  38          
  39          /***************************************************************
  40          funtion:数码管显示函数
  41          ***************************************************************/
  42          void display()
  43          {
  44   1              uchar i,j,k,temp;
  45   1              temp = 0xff;
  46   1              for(i=0;i<8;i++)
  47   1              {
  48   2                      for(j = 0;j < 16; j++)  
  49   2                      {
  50   3                              
  51   3                                      P3 = ~tab[j];  // 列线
  52   3                                  P1 = digittab[i][j];   // 行线      
  53   3                              
  54   3                      }                        
C51 COMPILER V9.01   SHUZHI                                                                07/01/2013 21:01:32 PAGE 2   

  55   2              }
  56   1      }                                                                       
*** WARNING C280 IN LINE 44 OF ..\菜鸟小春\（6）点阵\SHUZHI.C: 'k': unreferenced local variable
  57          
  58          unsigned int timecount1 , timecount2;  //定义的变量
  59          
  60          unsigned char cntx , cnty ;      //cntx列控制数的变量   cnty用来控制 字符与字符之间的切换
  61          
  62          void main(void)
  63          {
  64   1      //      cnty=0;
  65   1      //      TMOD=0x02;
  66   1      //      TH0=6;
  67   1      //      TL0=6;         //当低八位记满溢出 TF0标指位为 1 反应给  CPU 申请中断 同时TH0 中数组                     
             -  //自动装入（复制）TL0中
  68   1      //      EA=1;
  69   1      //      ET0=1;
  70   1      //      TR0=1;
  71   1              while(1)
  72   1              { 
  73   2      //                  P3 = ~tab[cntx];  // 列线
  74   2      //                  P1 = digittab[cnty][cntx];   // 行线
  75   2                      display();       
  76   2              }
  77   1      }
  78          //void T0_time() interrupt 1 using 2
  79          //      {
  80          //              //用于控制动态扫描的速度
  81          //        if(++timecount1>=2)
  82          //                {
  83          //                  timecount1=0;
  84          //                      P0=0x00;                                  //消影
  85          //                  if(++cntx>=16) cntx=0;
  86          //                }
  87          //      
  88          //       
  89          //       //用于控制动字符间的切换速度
  90          //        if(++timecount2>=2000)
  91          //                {
  92          //                  timecount2=0;
  93          //                  if(++cnty>=3)cnty=0;
  94          //                }
  95          //      }
  96          
  97          
  98          


MODULE INFORMATION:   STATIC OVERLAYABLE
   CODE SIZE        =     88    ----
   CONSTANT SIZE    =     64    ----
   XDATA SIZE       =   ----    ----
   PDATA SIZE       =   ----    ----
   DATA SIZE        =      6       2
   IDATA SIZE       =   ----    ----
   BIT SIZE         =   ----    ----
END OF MODULE INFORMATION.


C51 COMPILATION COMPLETE.  1 WARNING(S),  0 ERROR(S)
