C51 COMPILER V9.01   ZHONGDUAN                                                             06/06/2013 19:34:11 PAGE 1   


C51 COMPILER V9.01, COMPILATION OF MODULE ZHONGDUAN
OBJECT MODULE PLACED IN ..\Obj\zhongduan.obj
COMPILER INVOKED BY: D:\keil4\C51\BIN\C51.EXE ..\菜鸟小春\中断\zhongduan.c BROWSE DEBUG OBJECTEXTEND PRINT(.\zhongduan.l
                    -st) OBJECT(..\Obj\zhongduan.obj)

line level    source

   1          #include <reg51.h>
   2          #include<intrins.h>
   3          sbit led1 = P0^0;
   4          sbit led2 = P0^1;
   5          
   6          
   7          /********************************************************
   8          * INT0中断函数                                          *
   9          ********************************************************/
  10          void  counter0(void) interrupt 0  using 1
  11          {
  12   1        
  13   1         EX0=0;  
  14   1         led1=~led1;
  15   1         EX0=1;
  16   1      }
  17          /********************************************************
  18          * INT1中断函数                                          *
  19          ********************************************************/
  20          void  counter1(void) interrupt 2 using 2
  21          {
  22   1         
  23   1         EX1=0;
  24   1         led2=~led2;
  25   1         EX1=1;
  26   1      }
  27          /********************************************************/
  28          


MODULE INFORMATION:   STATIC OVERLAYABLE
   CODE SIZE        =     14    ----
   CONSTANT SIZE    =   ----    ----
   XDATA SIZE       =   ----    ----
   PDATA SIZE       =   ----    ----
   DATA SIZE        =   ----    ----
   IDATA SIZE       =   ----    ----
   BIT SIZE         =   ----    ----
END OF MODULE INFORMATION.


C51 COMPILATION COMPLETE.  0 WARNING(S),  0 ERROR(S)
