C51 COMPILER V9.01   RS232                                                                 07/17/2013 20:51:33 PAGE 1   


C51 COMPILER V9.01, COMPILATION OF MODULE RS232
OBJECT MODULE PLACED IN RS232.OBJ
COMPILER INVOKED BY: D:\Program Files (x86)\keil\C51\BIN\C51.EXE RS232.c BROWSE DEBUG OBJECTEXTEND

line level    source

   1          /******************************************************************************      
   2          * 【语    言】：C语言
   3          * 【编译环境】：Keil4  
   4          * 【程序功能】：
   5          * 【技术支持】：                                
   6          * 【晶    振】: 12MHz外部晶振           
   7          * 【芯    片】:   
   8          * 【日    期】: 
   9          * 【作    者】: 刘亚飞  
  10          ******************************************************************************/
  11          #include<reg52.h>                     //定义头文件
  12          
  13          #define uchar unsigned char       //宏定义
  14          #define uint  unsigned int
  15          
  16          sbit led1 = P1^0;
  17          sbit led2 = P1^1;
  18          
  19          /**************************************************/
  20          //主函数
  21          /**************************************************/
  22          void main()
  23          {       
  24   1              uint temp;
  25   1      
  26   1              led1 = 1;
  27   1              led2 = 1;
  28   1      
  29   1              SCON = 0x50;
  30   1              PCON = 0X80;
  31   1              TMOD = 0x20;
  32   1              TH0 = 0xFA;
  33   1              TL0 = 0xFA;
  34   1              TR1 = 1;
  35   1      
  36   1              while(1)
  37   1              {
  38   2                      if(RI == 1)
  39   2                      {
  40   3                              RI = 0;
  41   3                              temp = SBUF;
  42   3                      }
  43   2                      switch(temp)
  44   2                      {
  45   3                              case 'A': 
  46   3                                      led1 = 1; led2 = 0;
  47   3                                      break;
  48   3                              case 'B':
  49   3                                      led1 = 0; led2 = 1;
  50   3                                      break;
  51   3                              case 'C':
  52   3                                      led1 = 1; led2 = 0;
  53   3                                      break;
  54   3                              case 'D':
  55   3                                      led1 = 1; led2 = 1;
C51 COMPILER V9.01   RS232                                                                 07/17/2013 20:51:33 PAGE 2   

  56   3                                      break;
  57   3                              case 'E':
  58   3                                      led1 = 0; led2 = 0;
  59   3                                      break;
  60   3                              default: 
  61   3                                      led1 = 1; led2 = 1;
  62   3                                      
  63   3                      }
  64   2                              
  65   2              }
  66   1      }


MODULE INFORMATION:   STATIC OVERLAYABLE
   CODE SIZE        =     85    ----
   CONSTANT SIZE    =   ----    ----
   XDATA SIZE       =   ----    ----
   PDATA SIZE       =   ----    ----
   DATA SIZE        =   ----    ----
   IDATA SIZE       =   ----    ----
   BIT SIZE         =   ----    ----
END OF MODULE INFORMATION.


C51 COMPILATION COMPLETE.  0 WARNING(S),  0 ERROR(S)
