C51 COMPILER V9.01   MAIN                                                                  09/07/2013 18:01:52 PAGE 1   


C51 COMPILER V9.01, COMPILATION OF MODULE MAIN
OBJECT MODULE PLACED IN main.OBJ
COMPILER INVOKED BY: D:\(3)keil4\C51\BIN\C51.EXE main.c BROWSE INCDIR(..\IIC_Drive;..\LCD1602_Drive;..\PCF8591Drive) DEB
                    -UG OBJECTEXTEND

line level    source

   1          #include<reg52.h>
   2          #include <I2C.H>
   3          #include "LCD1602_Drive.h"
   4          #include "PCF8591Drive.h"
   5          unsigned char i;
   6          sbit LED = P1^0;
   7          unsigned int LedOut[5],LedOut2[5];
   8          uchar code LCD1602_tab1[14]="0123456789.D[]";    //字符串       
   9          
  10          /*************************************************************************************
  11          延时函数                                                                
  12          *************************************************************************************/
  13          void delay(uint x)
  14          {
  15   1              uint i,j;
  16   1              for(i=0;i<x;i++)
  17   1                      for(j=0;j<120;j++);
  18   1      }
  19          /*************************************************************************************
  20          主函数                                                          
  21          *************************************************************************************/
  22          main()
  23          {  
  24   1              LCD1602_init(); 
  25   1              while(1)
  26   1              {
  27   2                      /*****AD-DA 只需调用头文件和此函数名 即可***********/
  28   2                      PCF8591Return();
  29   2                                                                      
  30   2                      /********以下将AD的值送到LED数码管显示*************/
  31   2      
  32   2                      LedOut[0] = D[0]%10000/1000;
  33   2                      LedOut[1] = D[0]%1000/100;
  34   2                      LedOut[2] = 10;
  35   2                      LedOut[3] = D[0]%100/10;
  36   2                      LedOut[4] = D[0]%10;
  37   2                      
  38   2                      LedOut2[0] = D[1]%10000/1000;
  39   2                      LedOut2[1] = D[1]%1000/100;
  40   2                      LedOut2[2] = 10;
  41   2                      LedOut2[3] = D[1]%100/10;
  42   2                      LedOut2[4] = D[1]%10;  
  43   2                      
  44   2                      LCD1602_write_com(0x80);                                             //设置指针地址为第二行第一个位置
  45   2                      LCD1602_write_word("D[0]:");
  46   2                        
  47   2                      LCD1602_write_com(0x80+0x05);                                    //设置指针地址为第一行第1个位置
  48   2                      for(i=0;i<5;i++)
  49   2                      {
  50   3                              LCD1602_write_data(LCD1602_tab1[LedOut[i]]);
  51   3                      }
  52   2                      LCD1602_write_com(0x80+0x40);                                   //设置指针地址为第二行第一个位置
  53   2                      LCD1602_write_word("D[1]:");
  54   2      
C51 COMPILER V9.01   MAIN                                                                  09/07/2013 18:01:52 PAGE 2   

  55   2                      LCD1602_write_com(0x80+0x45);                                   //设置指针地址为第二行第一个位置
  56   2                      for(i=0;i<5;i++)
  57   2                      {
  58   3                              LCD1602_write_data(LCD1602_tab1[LedOut2[i]]);
  59   3                      }
  60   2       }  
  61   1      }


MODULE INFORMATION:   STATIC OVERLAYABLE
   CODE SIZE        =    349    ----
   CONSTANT SIZE    =     26    ----
   XDATA SIZE       =   ----    ----
   PDATA SIZE       =   ----    ----
   DATA SIZE        =     21    ----
   IDATA SIZE       =   ----    ----
   BIT SIZE         =   ----    ----
END OF MODULE INFORMATION.


C51 COMPILATION COMPLETE.  0 WARNING(S),  0 ERROR(S)
