C51 COMPILER V9.01   PCF8591DRIVE                                                          09/07/2013 18:01:53 PAGE 1   


C51 COMPILER V9.01, COMPILATION OF MODULE PCF8591DRIVE
OBJECT MODULE PLACED IN .\PCF8591Drive.obj
COMPILER INVOKED BY: D:\(3)keil4\C51\BIN\C51.EXE ..\PCF8591Drive\PCF8591Drive.c BROWSE INCDIR(..\IIC_Drive;..\LCD1602_Dr
                    -ive;..\PCF8591Drive) DEBUG OBJECTEXTEND PRINT(.\PCF8591Drive.lst) OBJECT(.\PCF8591Drive.obj)

line level    source

   1          #include<reg52.h>
   2          #include <I2C.H>
   3          #define  PCF8591 0x90  
   4          unsigned int  D[5];
   5          unsigned char AD_CHANNEL;
   6          /*******************************************************************
   7          DAC 变换, 转化函数               
   8          *******************************************************************/
   9          bit DACconversion(unsigned char sla,unsigned char c,  unsigned char Val)
  10          {
  11   1         Start_I2c();              //启动总线
  12   1         SendByte(sla);            //发送器件地址                     ~~~~~~~~~~~~~~~~~~~~~~~~~~~~~~~~~~~~~~~~~~~~~~~~~~~~~~~
  13   1         if(ack==0)return(0);
  14   1         SendByte(c);              //发送控制字节                     ~~~~~~~~~~~~~~~~~~~~~~~~~~~~~~~~~~~~~~~~~~~~~~~~~~~~~~~
  15   1         if(ack==0)return(0);
  16   1         SendByte(Val);            //发送DAC的数值            ~~~~~~~~~~~~~~~~~~~~~~~~~~~~~~~~~~~~~~~~~~~~~~~~~~~~~~~
  17   1         if(ack==0)return(0);
  18   1         Stop_I2c();               //结束总线
  19   1         return(1);
  20   1      }
  21          
  22          /*******************************************************************
  23          ADC发送字节[命令]数据函数               
  24          *******************************************************************/
  25          bit ISendByte(unsigned char sla,unsigned char c)
  26          {
  27   1         Start_I2c();              //启动总线
  28   1         SendByte(sla);            //发送器件地址
  29   1         if(ack==0)return(0);
  30   1         SendByte(c);              //发送数据
  31   1         if(ack==0)return(0);
  32   1         Stop_I2c();               //结束总线
  33   1         return(1);
  34   1      }
  35          
  36          /*******************************************************************
  37          ADC读字节数据函数               
  38          *******************************************************************/
  39          unsigned char IRcvByte(unsigned char sla)
  40          {  unsigned char c;
  41   1      
  42   1         Start_I2c();          //启动总线
  43   1         SendByte(sla+1);      //发送器件地址
  44   1         if(ack==0)return(0);
  45   1         c=RcvByte();          //读取数据0
  46   1      
  47   1         Ack_I2c(1);           //发送非就答位
  48   1         Stop_I2c();           //结束总线
  49   1         return(c);
  50   1      }
  51          
  52          /********以下AD-DA处理*************/
  53          void PCF8591Return()
  54          {                                               
C51 COMPILER V9.01   PCF8591DRIVE                                                          09/07/2013 18:01:53 PAGE 2   

  55   1                      switch(AD_CHANNEL)
  56   1                      {        
  57   2                              case 0: ISendByte(PCF8591,0x41);  
  58   2                              D[0]=IRcvByte(PCF8591)*4;  //ADC0 模数转换1  放大2倍显示         是读上一个存入的数据
  59   2                              break;  
  60   2                              
  61   2                              case 1: ISendByte(PCF8591,0x42);
  62   2                              D[1]=IRcvByte(PCF8591)*2;  //ADC1  模数转换2
  63   2                              break;  
  64   2                              
  65   2                              case 2: ISendByte(PCF8591,0x43); 
  66   2                              D[2]=IRcvByte(PCF8591)*2;  //ADC2       模数转换3
  67   2                              break;  
  68   2                              
  69   2                              case 3: ISendByte(PCF8591,0x40);
  70   2                              D[3]=IRcvByte(PCF8591)*2;  //ADC3   模数转换4
  71   2                              break;  
  72   2                              
  73   2                              case 4: DACconversion(PCF8591,0x40, D[0]/4); //DAC        数模转换
  74   2                              break;
  75   2                      }
  76   1                      
  77   1                      // D[4]=400;  //数字--->>模拟输出
  78   1                      //D[4]=D[0];  //   把模拟输入 采样的信号 通过数模转换输出
  79   1                      if(++AD_CHANNEL>4) AD_CHANNEL=0;        
  80   1      }


MODULE INFORMATION:   STATIC OVERLAYABLE
   CODE SIZE        =    258    ----
   CONSTANT SIZE    =   ----    ----
   XDATA SIZE       =   ----    ----
   PDATA SIZE       =   ----    ----
   DATA SIZE        =     11       7
   IDATA SIZE       =   ----    ----
   BIT SIZE         =   ----    ----
END OF MODULE INFORMATION.


C51 COMPILATION COMPLETE.  0 WARNING(S),  0 ERROR(S)
