C51 COMPILER V9.01   1                                                                     07/05/2013 13:22:09 PAGE 1   


C51 COMPILER V9.01, COMPILATION OF MODULE 1
OBJECT MODULE PLACED IN 1.OBJ
COMPILER INVOKED BY: D:\(3)keil4\C51\BIN\C51.EXE 1.c BROWSE DEBUG OBJECTEXTEND

line level    source

   1          #include <reg52.h>
   2          #include <intrins.h>
   3          #define uint  unsigned int       //宏定义
   4          #define uchar  unsigned char
   5          uchar code led[]={0x3F,0x06,0x5B,0x4F,0x66,0x6D,0x7D,0x07,0x7F,0x6F,0x77,0x7C,0x39,0x5E,0x79,0x71,0x00};//
             -0-9,A-F,灭
   6          uchar disbuffer[8]={16,16,16,16,16,16,16,16};
   7          /**************************************
   8          延时函数
   9          ***************************************/
  10          void delay(uint ms)
  11          {
  12   1              uint i,j;  
  13   1              for(i=0;i<ms;i++)
  14   1                      for(j=0;j<121;j++);
  15   1      }
  16          void dispmove(uchar val)
  17          {
  18   1              uchar i;
  19   1              for(i=7;i>0;i--)
  20   1                      disbuffer[i] = disbuffer[i-1];
  21   1              disbuffer[0] = val;
  22   1      }
  23          void display()
  24          {
  25   1              uchar i,temp;
  26   1              temp = 0x7f;
  27   1              for(i=0;i<8;i++)
  28   1              {
  29   2                      P0 = led[disbuffer[i]];
  30   2                      P2 = temp;
  31   2                      temp = _cror_(temp,1);
  32   2                      delay(2);
  33   2              }
  34   1      }
  35          uchar keysearch()
  36          {
  37   1              uchar key;
  38   1              P1 = 0xf0;
  39   1              key = P1;
  40   1              key = ~key;
  41   1              key = key & 0xf0;
  42   1              return key;             
  43   1      }
  44          uchar kscan()
  45          {
  46   1              uchar k,knumb,i,temp,ktemp;
  47   1              k = keysearch();
  48   1              if(k == 0)
  49   1                      return 0xff;
  50   1              delay(3);
  51   1              k = keysearch();
  52   1              if(k == 0)
  53   1                      return 0xff;
  54   1              temp = 0xfe;
C51 COMPILER V9.01   1                                                                     07/05/2013 13:22:09 PAGE 2   

  55   1              for(i=0;i<4;i++)
  56   1              {                                                   
  57   2                      P1 = temp;
  58   2                      ktemp = P1;
  59   2                      if((ktemp & 0x10) == 0)  knumb = i*4+0;
  60   2                      if((ktemp & 0x20) == 0)  knumb = i*4+1;
  61   2                      if((ktemp & 0x40) == 0)  knumb = i*4+2;
  62   2                      if((ktemp & 0x80) == 0)  knumb = i*4+3;
  63   2                      temp = _crol_(temp,1);                                          //向高位移
  64   2              }
  65   1              while(1)
  66   1              {
  67   2                      k = keysearch();
  68   2                      display();
  69   2                      if(k == 0)
  70   2                              break;  
  71   2              }
  72   1              return knumb;
  73   1      }
  74          void kpro(uchar kk)
  75          {
  76   1              switch (kk)
  77   1              {
  78   2                      case 10: dispmove(5);
  79   2                              break;
  80   2                      case 11:        dispmove(6);
  81   2                              break;
  82   2                      default:
  83   2                              break;
  84   2              }       
  85   1      }
  86          main()
  87          {
  88   1              uchar kr;
  89   1              while(1)
  90   1              {
  91   2                      kr = kscan();
  92   2                      if(kr != 0xff)
  93   2                               kpro(kr);
  94   2                      display();
  95   2              }
  96   1      }


MODULE INFORMATION:   STATIC OVERLAYABLE
   CODE SIZE        =    257    ----
   CONSTANT SIZE    =     17    ----
   XDATA SIZE       =   ----    ----
   PDATA SIZE       =   ----    ----
   DATA SIZE        =      8       3
   IDATA SIZE       =   ----    ----
   BIT SIZE         =   ----    ----
END OF MODULE INFORMATION.


C51 COMPILATION COMPLETE.  0 WARNING(S),  0 ERROR(S)
