C51 COMPILER V9.01   RS232                                                                 07/17/2013 20:26:35 PAGE 1   


C51 COMPILER V9.01, COMPILATION OF MODULE RS232
OBJECT MODULE PLACED IN rs232.OBJ
COMPILER INVOKED BY: D:\(3)keil4\C51\BIN\C51.EXE rs232.c BROWSE DEBUG OBJECTEXTEND

line level    source

   1          #include<reg51.h>                                                               //定义头文件
   2          #define uchar unsigned char                                             //宏定义
   3          #define uint unsigned int
   4          
   5          sbit key = P3^2;
   6          sbit led = P1^0;
   7          /***********************************************************************/
   8          //延时函数：功能带有入口参数的延时函数，时间单位1毫秒
   9          /***********************************************************************/
  10          void delayms(int m)                                                                                                       
  11          {
  12   1              int i,j;
  13   1              for(i=0;i<m;i++)
  14   1              {
  15   2                      for(j=0;j<123;j++)
  16   2                      {}
  17   2              }
  18   1      }
  19          /***********************************************************************/
  20          //
  21          /***********************************************************************/
  22          void main()
  23          {
  24   1              uchar temp;
  25   1              bit flag;
  26   1              TMOD = 0x20;
  27   1              TH1 = 0xF3;
  28   1              TL1 = 0xF3;
  29   1              TR1     = 1;
  30   1              SCON = 0x40;   //方式1 SM0 = 0;SM1 = 1;
  31   1              PCON = 0x00;
  32   1              REN = 1;
  33   1              while(1)
  34   1              {
  35   2                      if(key == 0)
  36   2                      {
  37   3                              delayms(5);
  38   3                              if(key == 0)
  39   3                              {
  40   4                                      flag = 1;       
  41   4                              }
  42   3                              while(1)
  43   3                              {
  44   4                                      if(key != 0)
  45   4                                              break;
  46   4                              }
  47   3                      }
  48   2                      if(flag == 1)
  49   2                      {
  50   3                              SBUF = temp;
  51   3                              while(1)
  52   3                              {
  53   4                                      if(TI == 1)
  54   4                                      {
  55   5                                              TI = 0;
C51 COMPILER V9.01   RS232                                                                 07/17/2013 20:26:35 PAGE 2   

  56   5                                              break;
  57   5                                      }
  58   4                              }
  59   3                              flag = 0;
  60   3                      }
  61   2                      if(RI == 1)
  62   2                      {
  63   3                              temp = SBUF;
  64   3                              RI = 0;
  65   3                              flag = 1;       
  66   3                      }               
  67   2              }
  68   1      }


MODULE INFORMATION:   STATIC OVERLAYABLE
   CODE SIZE        =    100    ----
   CONSTANT SIZE    =   ----    ----
   XDATA SIZE       =   ----    ----
   PDATA SIZE       =   ----    ----
   DATA SIZE        =   ----       1
   IDATA SIZE       =   ----    ----
   BIT SIZE         =   ----       1
END OF MODULE INFORMATION.


C51 COMPILATION COMPLETE.  0 WARNING(S),  0 ERROR(S)
