C51 COMPILER V9.01   DISPLAY                                                               07/27/2013 11:51:51 PAGE 1   


C51 COMPILER V9.01, COMPILATION OF MODULE DISPLAY
OBJECT MODULE PLACED IN .\Obj\Display.obj
COMPILER INVOKED BY: C:\Keil\C51\BIN\C51.EXE ..\UserDriver\Display\Display.c BROWSE INCDIR(..\Include;..\Main;..\UserDri
                    -ver\NRF24L01;..\UserDriver\Delay;..\UserDriver\Display;..\UserDriver\DS18B20;..\UserDriver\LCD1602) DEBUG OBJECTEXTEND P
                    -RINT(.\List\Display.lst) OBJECT(.\Obj\Display.obj)

line level    source

   1          /********************************************************************************************
   2          函数名称：      Display.c
   3          描述    ：      显示温度
   4          输入    ：      无
   5          输出    ：      无
   6          返回    ：      无
   7          注意事项：      无
   8          *********************************************************************************************/
   9          #include "STC.h"
  10          
  11          #include "Display.h"
  12          
  13          //uchar data Disdata[5]={0x00,0x00,0x00,0x00,0x00}; //显示单元数据;
  14          uchar data Disdata[4]; //显示单元数据;
  15          
  16          
  17          void DS18B20Display()//温度值显示
  18          { 
  19   1              uchar flagdat;
  20   1              Disdata[0]=tvalue/1000+0x30;//百位数
  21   1          Disdata[1]=tvalue%1000/100+0x30;//十位数
  22   1          Disdata[2]=tvalue%100/10+0x30;//个位数
  23   1          Disdata[3]=tvalue%10+0x30;//小数位
  24   1      
  25   1      
  26   1          if(tflag==0)
  27   1                  flagdat=0x20;//正温度不显示符号
  28   1          else
  29   1              flagdat=0x2d;//负温度显示负号:-
  30   1          if(Disdata[0]==0x30)
  31   1              {
  32   2                      Disdata[0]=0x20;//如果百位为0，不显示
  33   2                      if(Disdata[1]==0x30)
  34   2                      {
  35   3                              Disdata[1]=0x20;//如果百位为0，十位为0也不显示
  36   3                      }
  37   2              }
  38   1                 LCD1602WriteCmd(0xc8);
  39   1                 LCD1602WriteData(flagdat);//显示符号位
  40   1                 LCD1602WriteCmd(0xc9);
  41   1                 LCD1602WriteData(Disdata[0]);//显示百位
  42   1                 LCD1602WriteCmd(0xca);
  43   1                 LCD1602WriteData(Disdata[1]);//显示十位      
  44   1                 LCD1602WriteCmd(0xcb);
  45   1                 LCD1602WriteData(Disdata[2]);//显示个位      
  46   1                 LCD1602WriteCmd(0xcc);
  47   1                 LCD1602WriteData(0x2e);//显示小数点  
  48   1                 LCD1602WriteCmd(0xcd);
  49   1                 LCD1602WriteData(Disdata[3]);//显示小数位
  50   1                 LCD1602WriteCmd(0xce);
  51   1                 LCD1602WriteData(0xdf);        //显示°
  52   1                 LCD1602WriteCmd(0xcf);
  53   1                 LCD1602WriteData('C');
C51 COMPILER V9.01   DISPLAY                                                               07/27/2013 11:51:51 PAGE 2   

  54   1      }
  55          
  56          void Welcome()    //欢迎信息
  57          {
  58   1              uchar i;
  59   1              for(i = 0;i < 3;i++)     //欢迎
  60   1              {
  61   2                      LCD1602WriteString(0,0,"NRF24L01 Tem Sys");
  62   2                      Delayms(200);
  63   2                      LCD1602WriteString(0,1,"Send Tem To LCD");
  64   2                      Delayms(200);
  65   2              }
  66   1              LCD1602WriteCmd(0x0c);   //关光标
  67   1              LCD1602WriteCmd(0x01);  //清屏
  68   1              
  69   1              for(i = 0;i < 3;i++)    //制作信息
  70   1              {
  71   2                      LCD1602WriteString(4,0,"Made By");
  72   2                      Delayms(200);
  73   2                      LCD1602WriteString(2,1,"He Xiao Tao");
  74   2                      Delayms(200);
  75   2              }
  76   1              LCD1602WriteCmd(0x0c);   //关光标
  77   1              LCD1602WriteCmd(0x01);  //清屏
  78   1      
  79   1      
  80   1              for(i = 0;i < 3;i++)    //Hello
  81   1              {
  82   2                      LCD1602WriteString(5,0,"Hello!");
  83   2                      Delayms(200);
  84   2                      LCD1602WriteString(0,1,"Please Wait.....");
  85   2                      Delayms(200);
  86   2              }
  87   1              LCD1602WriteCmd(0x0c);   //关光标
  88   1              LCD1602WriteCmd(0x01);  //清屏
  89   1      
  90   1      }
  91          
  92          void Menu()       //显示主界面
  93          {
  94   1              uchar i;
  95   1              for(i = 0;i < 16;i++)    //欢迎
  96   1              {
  97   2                      LCD1602WriteString(0,0,"NRF24L01 Tem Sys");
  98   2                      Delayms(200);                            
  99   2                      LCD1602WriteString(0,1,"SendTem:        ");
 100   2                      Delayms(200);
 101   2              }
 102   1      }


MODULE INFORMATION:   STATIC OVERLAYABLE
   CODE SIZE        =    435    ----
   CONSTANT SIZE    =     94    ----
   XDATA SIZE       =   ----    ----
   PDATA SIZE       =   ----    ----
   DATA SIZE        =      4       3
   IDATA SIZE       =   ----    ----
   BIT SIZE         =   ----    ----
END OF MODULE INFORMATION.


C51 COMPILATION COMPLETE.  0 WARNING(S),  0 ERROR(S)
