C51 COMPILER V9.01   LCD1602                                                               07/27/2013 11:51:51 PAGE 1   


C51 COMPILER V9.01, COMPILATION OF MODULE LCD1602
OBJECT MODULE PLACED IN .\Obj\LCD1602.obj
COMPILER INVOKED BY: C:\Keil\C51\BIN\C51.EXE ..\UserDriver\LCD1602\LCD1602.c BROWSE INCDIR(..\Include;..\Main;..\UserDri
                    -ver\NRF24L01;..\UserDriver\Delay;..\UserDriver\Display;..\UserDriver\DS18B20;..\UserDriver\LCD1602) DEBUG OBJECTEXTEND P
                    -RINT(.\List\LCD1602.lst) OBJECT(.\Obj\LCD1602.obj)

line level    source

   1          /********************************************************************************************
   2          函数名称：      LCD1602.c
   3          描述    ：      LCD162底层驱动
   4          输入    ：      无
   5          输出    ：      无
   6          返回    ：      无
   7          注意事项：      无
   8          *********************************************************************************************/
   9          #include "LCD1602.h"
  10          
  11          
  12          //uchar code table[]={"NRF24L01 Tem Sys"};
  13          //uchar code table1[]={"Rece Tem 000.°C"};
  14          /********************************************************************************************
  15          名称：void LCD1602_check_busy();void LCD1602_write_cmd(uchar cmd);
  16                    void LCD1602_write_data(uchar dat);void LCD1602_init(); 
  17          
  18          功能：LCD1602驱动程序(忙检查;写指令;写数据;初始化) 
  19          *********************************************************************************************/  
  20          
  21          /***********************************************************
  22          忙检测
  23          ************************************************************/
  24          void LCD1602CheckBusy()
  25          {
  26   1          LCD1602_DATA = 0xff;
  27   1          LCD1602_RS = 0 ;    
  28   1          LCD1602_RW = 1 ;    
  29   1          LCD1602_EN = 1 ;    
  30   1          while(LCD1602_DATA & 0x80) ;        
  31   1          LCD1602_EN = 0 ;                    
  32   1      }
  33          
  34          /**********************************************************
  35          写指令    
  36          ************************************************************/
  37          void LCD1602WriteCmd(uchar cmd)
  38          {
  39   1          LCD1602CheckBusy(); 
  40   1          LCD1602_RS = 0 ;    
  41   1          LCD1602_RW = 0 ;    
  42   1          LCD1602_DATA = cmd ;        
  43   1          LCD1602_EN = 1 ;
  44   1          _nop_();    
  45   1          LCD1602_EN = 0 ;
  46   1      }
  47          
  48          /***********************************************************
  49          写数据
  50          *************************************************************/
  51          void LCD1602WriteData(uchar dat)
  52          {
  53   1          LCD1602CheckBusy(); 
C51 COMPILER V9.01   LCD1602                                                               07/27/2013 11:51:51 PAGE 2   

  54   1          LCD1602_RS = 1 ;    
  55   1          LCD1602_RW = 0 ;    
  56   1          LCD1602_DATA = dat ;        
  57   1          LCD1602_EN = 1 ;
  58   1          _nop_();    
  59   1          LCD1602_EN = 0 ;
  60   1      }
  61          
  62          /***********************************************************
  63          1602初始化
  64          ************************************************************/
  65          void Init_LCD1602()
  66          {
  67   1      /****************写入自定义字符***************************/
  68   1          //uchar i;
  69   1          LCD1602WriteCmd(0x40);//CGRAM起始地址
  70   1          //for(i=0;i<48;i++)
  71   1          //    LCD1602_write_data(self_table[i]);//写入6个自定义字符
  72   1      /*********************************************************/
  73   1      
  74   1          LCD1602WriteCmd(0x38);  //8位数据，双列显示，5*7字形
  75   1          LCD1602WriteCmd(0x0c);  //开显示，关光标，光标不闪烁
  76   1          LCD1602WriteCmd(0x01);  //清屏
  77   1      }
  78          
  79          /************************************************************
  80          设置显示坐标
  81          ************************************************************/
  82          void LCD1602SetPostion(uchar x , uchar y)
  83          {
  84   1              if(!y)
  85   1                      LCD1602WriteCmd(0x80+x) ;
  86   1              else if(y)
  87   1                      LCD1602WriteCmd(0xc0+x) ;
  88   1      }
  89          
  90          /************************************************************
  91          指定位置写字符
  92          *************************************************************/
  93          //void LCD1602WriteChar(uchar x,uchar y,uchar chardata)
  94          //{
  95          //    LCD1602SetPostion(x,y);
  96          //    LCD1602WriteData(chardata);
  97          //}
  98          
  99          /************************************************************
 100          指定位置写字符串
 101          *************************************************************/
 102          void LCD1602WriteString(uchar x,uchar y,uchar *string)
 103          {
 104   1          LCD1602SetPostion(x,y) ;
 105   1          while((*string) != '\0')
 106   1          {   
 107   2              LCD1602WriteData(*string) ;
 108   2              string++ ;
 109   2          }
 110   1      }


MODULE INFORMATION:   STATIC OVERLAYABLE
   CODE SIZE        =    110    ----
   CONSTANT SIZE    =   ----    ----
C51 COMPILER V9.01   LCD1602                                                               07/27/2013 11:51:51 PAGE 3   

   XDATA SIZE       =   ----    ----
   PDATA SIZE       =   ----    ----
   DATA SIZE        =   ----    ----
   IDATA SIZE       =   ----    ----
   BIT SIZE         =   ----    ----
END OF MODULE INFORMATION.


C51 COMPILATION COMPLETE.  0 WARNING(S),  0 ERROR(S)
