C51 COMPILER V9.01   MAIN                                                                  07/27/2013 11:51:50 PAGE 1   


C51 COMPILER V9.01, COMPILATION OF MODULE MAIN
OBJECT MODULE PLACED IN .\Obj\Main.obj
COMPILER INVOKED BY: C:\Keil\C51\BIN\C51.EXE ..\Main\Main.c BROWSE INCDIR(..\Include;..\Main;..\UserDriver\NRF24L01;..\U
                    -serDriver\Delay;..\UserDriver\Display;..\UserDriver\DS18B20;..\UserDriver\LCD1602) DEBUG OBJECTEXTEND PRINT(.\List\Main.
                    -lst) OBJECT(.\Obj\Main.obj)

line level    source

   1          /******************************************************************************      
   2          * 【名    称】： NRF24L01发送程序
   3          * 【语    言】： C语言
   4          * 【编译环境】： Keil 3 
   5          * 【晶    振】:  12MHz外部晶振          
   6          * 【芯    片】:  STC89C5XX
   7          * 【程序功能】： 
   8          * 【日    期】:  2013-07-19
   9          * 【作    者】:  Mike
  10          ****************NRF24L01引脚图******************
  11          *                       IRQ     /8              7/MISO
  12          *                       MOSI/6          5/SCK
  13          *                       CSN     /4              3/CE
  14          *                       VCC     /2              1/GND   
  15          ******************************************************************************/   
  16          #include "Main.h"
  17          /********************************************************************
  18          函数名：main()
  19          功  能：主程序 
  20          *********************************************************************/          
  21          void main(void)
  22          {               
  23   1              Init_NRF24L01();//NRF24L01初始化
  24   1              Init_LCD1602(); //LCD1602初始化
  25   1              Init_DS18B20(); //DS18B20初始化
  26   1              DelayDS18B20(5);
  27   1      
  28   1              Welcome();          //开机欢迎信息
  29   1              
  30   1              DS18B20WrData(0xcc);            //发命令
  31   1              DS18B20WrData(0x44);            //发转换命令
  32   1                      
  33   1              //nRF24L01_TxPacket(Disdata);   // Transmit Tx buffer data
  34   1              Delay(1000); 
  35   1              Menu(); //显示主界面    
  36   1              while(1)
  37   1              {       
  38   2                      Read_Temp();            //读取温度
  39   2                      DS18B20Display();       //温度显示              
  40   2                      nRF24L01_TxPacket(Disdata);     // Transmit Tx buffer data         
  41   2                      Delay(100);
  42   2                      SPI_RW_Reg(WRITE_REG+STATUS,0XFF);               
  43   2                      Delay(100);             
  44   2              }
  45   1      }
  46          


MODULE INFORMATION:   STATIC OVERLAYABLE
   CODE SIZE        =     77    ----
   CONSTANT SIZE    =   ----    ----
   XDATA SIZE       =   ----    ----
   PDATA SIZE       =   ----    ----
C51 COMPILER V9.01   MAIN                                                                  07/27/2013 11:51:50 PAGE 2   

   DATA SIZE        =   ----    ----
   IDATA SIZE       =   ----    ----
   BIT SIZE         =   ----    ----
END OF MODULE INFORMATION.


C51 COMPILATION COMPLETE.  0 WARNING(S),  0 ERROR(S)
