C51 COMPILER V9.01   232                                                                   03/21/2014 18:25:56 PAGE 1   


C51 COMPILER V9.01, COMPILATION OF MODULE 232
OBJECT MODULE PLACED IN 232.OBJ
COMPILER INVOKED BY: D:\(7)KEIL\C51\BIN\C51.EXE 232.c BROWSE DEBUG OBJECTEXTEND TABS(2)

line level    source

   1          /*********************************************************************************
   2          *  标题:                  RS232串口通信试验(接收)                                *     
   3          *                                        *
   4          *  1.通过本例程了解串口的基本原理及使用 ,理解并掌握对串口进行初始化        *
   5          *                                        *
   6          *   2.请使用串口调试助手（Baud 4800、数据位8、停止位1、效验位无）做为上位机发给单片机，
   7          *     如果在字符数字发送框发0X00蜂铃器就会叫，如果发0xff蜂铃器就停叫。       *
   8          *                                                                              *     
   9          * 请学员认真消化本例程，学会用C语言操作串口                                    *     
  10          ***********************************************************************************/
  11          
  12          #include <REG52.H>
  13          #include <stdio.h>
  14          sbit BEEP = P1^4;
  15          unsigned char b;
  16          
  17          void main (void) {
  18   1      
  19   1      
  20   1              SCON = 0x50;      //REN=1允许串行接受状态，串口工作模式1                 
  21   1            TMOD|= 0x20;      //定时器工作方式2                    
  22   1          PCON|= 0x80;                                                          
  23   1          //TH1  = 0xFD;     //baud*2  /* reload value 19200、数据位8、停止位1。效验位无 (11.0592) 
  24   1          TH1 = 0xF3;   // //baud*2  /*  波特率4800、数据位8、停止位1。效验位无 (12M)
  25   1            TL1 = 0xF3;         
  26   1          TR1  = 1;                                                             
  27   1          ES   = 1;        //开串口中断                  
  28   1          EA   = 1;        // 开总中断 
  29   1          BEEP=1;
  30   1           // IE = 0x0;
  31   1         
  32   1        while(1)
  33   1          { 
  34   2        
  35   2          if (RI)       //RI接受中断标志
  36   2            {  RI=0;      //清除RI接受中断标志
  37   3             b=SBUF;  //SUBF接受/发送缓冲器
  38   3             }
  39   2         BEEP=b;
  40   2        
  41   2        
  42   2       }
  43   1       
  44   1      }


MODULE INFORMATION:   STATIC OVERLAYABLE
   CODE SIZE        =     39    ----
   CONSTANT SIZE    =   ----    ----
   XDATA SIZE       =   ----    ----
   PDATA SIZE       =   ----    ----
   DATA SIZE        =      1    ----
   IDATA SIZE       =   ----    ----
   BIT SIZE         =   ----    ----
END OF MODULE INFORMATION.

C51 COMPILER V9.01   232                                                                   03/21/2014 18:25:56 PAGE 2   


C51 COMPILATION COMPLETE.  0 WARNING(S),  0 ERROR(S)
