C51 COMPILER V9.52.0.0   1602                                                              03/27/2014 19:34:19 PAGE 1   


C51 COMPILER V9.52.0.0, COMPILATION OF MODULE 1602
OBJECT MODULE PLACED IN 1602.OBJ
COMPILER INVOKED BY: D:\(7)KEIL\C51\BIN\C51.EXE 1602.c BROWSE DEBUG OBJECTEXTEND TABS(2)

line level    source

   1          /*************************************1602“∫æßœ‘ æ≤ø∑÷*************************************/
   2          
   3          
   4          #include <reg52.h>
   5          #include <intrins.h>
   6          #include "head.h"
   7          
   8          sbit LCD_RS = P2^6;             
   9          sbit LCD_RW = P2^5;
  10          sbit LCD_EN = P2^7;
  11          
  12          
  13          /*********************************************************************************/
  14          void delayNOP()
  15          {
  16   1               _nop_();
  17   1               _nop_();
  18   1               _nop_();
  19   1               _nop_();
  20   1      }
  21          /*********************************************************************************/
  22          
  23          
  24          /*********************************************************************************/
  25          /*                LCD“∫æß√¶¬µ≈–∂œ                  */
  26          /*********************************************************************************/
  27          bit lcd_busy()
  28          {       
  29   1               bit result;
  30   1               LCD_RS = 0;
  31   1               LCD_RW = 1;
  32   1               LCD_EN = 1;
  33   1                delayNOP();
  34   1               result = (bit)(P0&0x80);
  35   1               LCD_EN = 0;
  36   1               return(result);
  37   1      }
  38          /*******************************************************************************/
  39          
  40          /*********************************************************************************/
  41          /*                  LCD–¥√¸¡Ó                  */
  42          /*********************************************************************************/
  43          void lcd_wcmd(unsigned char cmd)
  44          {       
  45   1               while(lcd_busy());
  46   1               LCD_RS = 0;
  47   1               LCD_RW = 0;
  48   1               LCD_EN = 0;
  49   1                _nop_();
  50   1                _nop_(); 
  51   1               P0 = cmd;
  52   1                delayNOP();
  53   1               LCD_EN = 1;
  54   1               delayNOP();
  55   1               LCD_EN = 0; 
C51 COMPILER V9.52.0.0   1602                                                              03/27/2014 19:34:19 PAGE 2   

  56   1      }
  57          /*****************************************************************************/
  58          
  59          /*********************************************************************************/
  60          /*                  LCD–¥ ˝æ›                  */
  61          /*********************************************************************************/
  62          void lcd_wdata(unsigned char dat)
  63          {                          
  64   1               while(lcd_busy());
  65   1                LCD_RS = 1;
  66   1               LCD_RW = 0;
  67   1               LCD_EN = 0;
  68   1               P0 = dat;
  69   1               delayNOP();
  70   1               LCD_EN = 1;
  71   1               delayNOP();
  72   1               LCD_EN = 0; 
  73   1      }
  74          /****************************************************************************/
  75          
  76          /*********************************************************************************/
  77          /*                    LCD≥ı ºªØ                */
  78          /*********************************************************************************/
  79          void lcd_init()
  80          { 
  81   1              delay_ms(15);                   
  82   1              lcd_wcmd(0x38);     
  83   1              delay_ms(5);
  84   1              lcd_wcmd(0x38);         
  85   1              delay_ms(5);
  86   1              lcd_wcmd(0x38);         
  87   1              delay_ms(5);
  88   1              lcd_wcmd(0x0c);     
  89   1              delay_ms(5);
  90   1              lcd_wcmd(0x06);      
  91   1              delay_ms(5);
  92   1              //lcd_wcmd(0x01);      
  93   1              //delay_ms(5);
  94   1      }
  95          /****************************************************************************/
  96          
  97          /*********************************************************************************/
  98          /*                  LCDœ‘ æŒª÷√                  */
  99          /*********************************************************************************/
 100          void lcd_dis_pos(unsigned char pos)
 101          {       
 102   1                lcd_wcmd(pos | 0x80); 
 103   1      }
 104          /****************************************************************************/


MODULE INFORMATION:   STATIC OVERLAYABLE
   CODE SIZE        =    128    ----
   CONSTANT SIZE    =   ----    ----
   XDATA SIZE       =   ----    ----
   PDATA SIZE       =   ----    ----
   DATA SIZE        =   ----    ----
   IDATA SIZE       =   ----    ----
   BIT SIZE         =   ----       1
END OF MODULE INFORMATION.


C51 COMPILATION COMPLETE.  0 WARNING(S),  0 ERROR(S)
