C51 COMPILER V9.52.0.0   ____________                                                      03/27/2014 19:35:26 PAGE 1   


C51 COMPILER V9.52.0.0, COMPILATION OF MODULE ____________
OBJECT MODULE PLACED IN 温湿度传感器.OBJ
COMPILER INVOKED BY: D:\(7)KEIL\C51\BIN\C51.EXE 温湿度传感器.c BROWSE DEBUG OBJECTEXTEND TABS(2)

line level    source

   1          /*************************************DH11部分*************************************/
   2          
   3          
   4          #include <reg52.h>
   5          #include <intrins.h>
   6          #include "head.h"
   7          
   8          unsigned char str1[]={"        "};
   9          unsigned char str2[]={"        "};
  10          unsigned char code dis1[] = {"TRH RH: "};
  11          unsigned char code dis2[] = {"TRH  T: "};
  12          unsigned char code aa[] = {"0123456789"};
  13          sbit TRH = P2^0;// 传感器端口
  14          sbit ST  = P2^1;//状态显示，方便调试
  15          sbit LED  = P1^1;//状态显示，方便调试
  16          
  17          unint8 TH_data,TL_data,RH_data,RL_data,CK_data;
  18          unint8 TH_temp,TL_temp,RH_temp,RL_temp,CK_temp;
  19          unint8 com_data,untemp,temp;
  20          unint8 respond;
  21          
  22          
  23          /*********************************************************************************/
  24          /*              毫秒级延时函数                     */
  25          /*********************************************************************************/
  26          void delay_ms(unsigned char ms)
  27          {       
  28   1                unsigned char i;
  29   1                while(ms--)
  30   1                {
  31   2                          for(i = 0; i< 150; i++)
  32   2                          {
  33   3                                    _nop_();
  34   3                                    _nop_();
  35   3                                    _nop_();
  36   3                                    _nop_();
  37   3                          }
  38   2                }
  39   1      }
  40          /*********************************************************************************/
  41          
  42          /*********************************************************************************/
  43          /*                    5us延时                  */
  44          /*********************************************************************************/
  45          void delay_us()
  46          {
  47   1                 unint8 i;
  48   1                i--;
  49   1                i--;
  50   1                i--;
  51   1                i--;
  52   1                i--;
  53   1                i--;
  54   1      } 
  55          /********************************************************************************/
C51 COMPILER V9.52.0.0   ____________                                                      03/27/2014 19:35:26 PAGE 2   

  56          
  57          
  58          /*********************************************************************************/
  59          /*            收发信号检测，读取数据                   */
  60          /*********************************************************************************/
  61          char receive()
  62          {    
  63   1                unint8 i;
  64   1                ST=0;
  65   1                com_data=0;
  66   1                for(i=0;i<=7;i++)    
  67   1               {
  68   2                          respond=2;
  69   2                          while((!TRH)&&respond++);
  70   2                          delay_us();
  71   2                          delay_us();
  72   2                          delay_us();
  73   2                          if(TRH)
  74   2                          {LED = 0;
  75   3                                    temp=1;
  76   3                                    respond=2;
  77   3                                    while((TRH)&&respond++); 
  78   3                          } 
  79   2                          else
  80   2                                    temp=0;
  81   2                          com_data<<=1;
  82   2                          com_data|=temp;    
  83   2                }
  84   1                return(com_data);  
  85   1      }
  86          /****************************************************************************/
  87          
  88          /****************************************************************************/
  89          //温度读取函数
  90          //温度低8位== TL_data
  91          //温度高8位== TH_data
  92          //湿度高8位== RH_data
  93          //湿度低8位== RH_data
  94          //校验8位 == CK_data
  95          //调用的函数 delay();, Delay_5us();,RECEIVE(); 
  96          /***************************************************************************/
  97          void read_TRH()
  98          {
  99   1                TRH=0;    //主机拉底18ms
 100   1               delay_ms(18);
 101   1               TRH=1;
 102   1          //总线由上拉电阻拉高，20us
 103   1               delay_us();
 104   1               delay_us();
 105   1               delay_us();
 106   1               delay_us();
 107   1                //delay_us();
 108   1                //delay_us();delay_us();delay_us();delay_us();
 109   1                //主机设为输入，判断从机响应信号
 110   1                   TRH=1;
 111   1                //判断是否有低电平响应信号，不响应跳出  
 112   1               if(!TRH)   
 113   1               {        
 114   2                        respond=2;
 115   2                        //判断dh11发送80us信号是否结束
 116   2                        while((!TRH)&& respond++);
 117   2                       respond=2;
C51 COMPILER V9.52.0.0   ____________                                                      03/27/2014 19:35:26 PAGE 3   

 118   2                       //判断从机是否发生80us高电平，发出则进入数据接收状态
 119   2                      while(TRH && respond++);
 120   2                     //数据接收状态   
 121   2                      RH_temp = receive(); 
 122   2                      RL_temp = receive(); 
 123   2                      TH_temp = receive(); 
 124   2                      TL_temp = receive(); 
 125   2                      CK_temp = receive();
 126   2                      TRH=1;ST=1;     
 127   2                       //数据校验
 128   2                       untemp=(RH_temp+RL_temp+TH_temp+TL_temp);
 129   2                       if(untemp==CK_temp)
 130   2                       {
 131   3                                RH_data = RH_temp;
 132   3                                RL_data = RL_temp;
 133   3                               TH_data = TH_temp; 
 134   3                                TL_data = TL_temp;
 135   3                                CK_data = CK_temp;
 136   3                      }
 137   2              }
 138   1               //湿度整数部分
 139   1               str1[0] = (char)(0X30+RH_data/10); 
 140   1               str1[1] = (char)(0X30+RH_data%10);
 141   1               str1[2] =  0x2e; //小数点
 142   1                //湿度小数部分
 143   1               str1[3] = (char)(0X30+RL_data/10); 
 144   1                str1[5] = 0X25; //"%"
 145   1               str1[6] = 0X52; //"R"
 146   1               str1[7] = 0X48; //"H"
 147   1               //温度整数部分
 148   1               str2[0] = (char)(0X30+TH_data/10); 
 149   1               str2[1] = (char)(0X30+TH_data%10);
 150   1               str2[2] =  0x2e; //小数点
 151   1               //温度小数部分
 152   1                str2[3] = (char)(0X30+TL_data/10); 
 153   1                str2[5] = 0X27;  //"'"
 154   1                str2[6] = 0X43;  //"C"
 155   1      }
 156          


MODULE INFORMATION:   STATIC OVERLAYABLE
   CODE SIZE        =    301    ----
   CONSTANT SIZE    =     29    ----
   XDATA SIZE       =   ----    ----
   PDATA SIZE       =   ----    ----
   DATA SIZE        =     32       1
   IDATA SIZE       =   ----    ----
   BIT SIZE         =   ----    ----
END OF MODULE INFORMATION.


C51 COMPILATION COMPLETE.  0 WARNING(S),  0 ERROR(S)
