C51 COMPILER V9.01   TL549                                                                 07/10/2013 00:30:45 PAGE 1   


C51 COMPILER V9.01, COMPILATION OF MODULE TL549
OBJECT MODULE PLACED IN TL549.OBJ
COMPILER INVOKED BY: D:\(3)keil4\C51\BIN\C51.EXE TL549.c BROWSE DEBUG OBJECTEXTEND

line level    source

   1          /***********************************************************************/
   2          //功能：串行AD转换器TL549进行一路模拟量的测量
   3          //驱动TLC549，TLC549是串行8位ADC
   4          /***********************************************************************/
   5          #include<reg52.h> 
   6          #include<intrins.h>
   7          #define uint    unsigned int                            //宏定义 
   8          #define uchar   unsigned char
   9          sbit    CLK     =       P1^2;                                           //定义TLC549串行总线操作端口
  10          sbit    DAT     =       P1^0;
  11          sbit    CS      =       P1^1;
  12          unsigned char code lab[]={0x3f,0x06,0x5b,0x4f,0x66,0x6d,0x7d,0x07,0x7f,
  13                                                                                  0x6f,0x77,0x7c,0x39,0x5e,0x79,0x71};
  14          uchar   bdata   ADCdata;
  15          sbit    ADbit   =       ADCdata^0;
  16          uchar   disp_buffer[4];
  17          /***********************************************************************/
  18          //延时程序（参数为延时ms数）
  19          /***********************************************************************/
  20          void delay(uint x)
  21          {
  22   1              uint i,j;
  23   1              for(i=0;i<x;i++)
  24   1              {
  25   2                      for(j=0;j<124;j++)
  26   2                      {;}
  27   2              }
  28   1      }
  29          /**********************************************************************/                                                                                                                                        
  30          // 函 数 名：TLC549_READ()
  31          // 功    能：A/D转换子程序
  32          // 说    明：读取上一次A/D转换的数据,启动下一次A/D转换
  33          /***********************************************************************/
  34          uchar TLC549_READ(void)
  35          {
  36   1          uchar i;
  37   1              CS=1;
  38   1          CLK=0;    
  39   1          DAT=1;
  40   1          CS=0;
  41   1          for(i=0;i<8;i++)
  42   1          {
  43   2              CLK=1;
  44   2              _nop_();
  45   2              _nop_();
  46   2                  ADbit=DAT;          //到底放在那一句
  47   2              ADCdata<<=1;    //读出ADC端口值
  48   2              CLK=0;
  49   2              _nop_();        
  50   2          }
  51   1          return (ADCdata);
  52   1      }
  53          /***********************************************************************/
  54          //显示函数
  55          /***********************************************************************/
C51 COMPILER V9.01   TL549                                                                 07/10/2013 00:30:45 PAGE 2   

  56          void display()
  57          {
  58   1              uchar i,temp;
  59   1              temp=0xfe;
  60   1              for(i=4;i>0;i--)
  61   1              {
  62   2                      if(i==4)
  63   2                      {
  64   3                              P0=lab[disp_buffer[i-1]]|0x80;
  65   3                      }
  66   2                      else
  67   2                              P0=lab[disp_buffer[i-1]];
  68   2                      P3=temp;                        
  69   2                      delay(2);
  70   2                      P3=0xff;
  71   2                      temp=(temp<<1)|0x01;            
  72   2              }       
  73   1      }
  74          /******************************************************************** 
  75          
  76           函 数 名：main()
  77           功    能：主程序
  78          ***********************************************************************/
  79          void main()
  80          {   
  81   1              uchar i,ADC_DATA;               //定义A/D转换数据变量
  82   1              float b;
  83   1              uint a;
  84   1              while(1)
  85   1              {
  86   2                  TLC549_READ();              //启动一次A/D转换
  87   2                  delay(1);
  88   2                  ADC_DATA=TLC549_READ();     //读取当前电压值的A/D转换数据
  89   2                      b=ADC_DATA*0.0196;
  90   2                      a=b*1000+0.5;
  91   2                      disp_buffer[3]=a/1000;
  92   2                      disp_buffer[2]=(a%1000)/100;
  93   2                      disp_buffer[1]=a%100/10;
  94   2                      disp_buffer[0]=a%10;
  95   2                      for(i=0;i<10;i++)
  96   2                      {
  97   3                              display();
  98   3                      }
  99   2              }   
 100   1      } 


MODULE INFORMATION:   STATIC OVERLAYABLE
   CODE SIZE        =    286    ----
   CONSTANT SIZE    =     16    ----
   XDATA SIZE       =   ----    ----
   PDATA SIZE       =   ----    ----
   DATA SIZE        =      5       6
   IDATA SIZE       =   ----    ----
   BIT SIZE         =   ----    ----
END OF MODULE INFORMATION.


C51 COMPILATION COMPLETE.  0 WARNING(S),  0 ERROR(S)
