C51 COMPILER V9.01   18B20DRIVE                                                            07/19/2013 17:57:04 PAGE 1   


C51 COMPILER V9.01, COMPILATION OF MODULE 18B20DRIVE
OBJECT MODULE PLACED IN .\18B20Drive.obj
COMPILER INVOKED BY: D:\(3)keil4\C51\BIN\C51.EXE ..\Drive\ModuleDrive\18B20Drive.c BROWSE INCDIR(..\Drive\LCD1602_Drive;
                    -..\Drive\ModuleDrive) DEBUG OBJECTEXTEND PRINT(.\18B20Drive.lst) OBJECT(.\18B20Drive.obj)

line level    source

   1          /********************************************************************************************************
   2          //程序功能：DS18B20读取温度
   3          /********************************************************************************************************
   4          uint DS18B20_readtemperature()返回的值已经是温度传来的10进制数了。
   5          ********************************************************************************************************/
   6          #include <reg52.h>
   7          #include <intrins.h>                             
   8          #include <18b20Drive.h>
   9          sbit dq=P3^7;
  10          
  11          uchar DS18B20_flag;
  12          
  13          
  14          /********************************************************************************************************
  15          延迟函数，x=1大约延迟8us
  16          ********************************************************************************************************/
  17          void delay_us(uint x)
  18          {
  19   1              while(x--);
  20   1      }
  21          
  22          /********************************************************************************************************
  23          初始化函数
  24          ********************************************************************************************************/
  25          void DS18B20_init()
  26          {
  27   1              dq=1;
  28   1              delay_us(2);                            //拉高一段时间
  29   1              dq=0;
  30   1              delay_us(70);                           //延时480us以上
  31   1              dq=1;
  32   1              while(dq);                                      //等待存在脉冲
  33   1              delay_us(15);                           //存在脉冲存活时间
  34   1              dq=1;                                           //拉高总线
  35   1      }
  36          /********************************************************************************************************
  37          写指令函数，每次写入一个字节dat
  38          ********************************************************************************************************/
  39          void DS18B20_write(uchar dat)
  40          {
  41   1              uchar i;
  42   1              for(i=0;i<8;i++)
  43   1              {
  44   2                      dq=0;
  45   2                      dq=dat&0x01;
  46   2                      delay_us(4);
  47   2                      dq=1;
  48   2                      dat>>=1;
  49   2              }
  50   1      }
  51          /********************************************************************************************************
  52          读函数，每次返回16位的温度值
  53          ********************************************************************************************************/
  54          uint DS18B20_read()
C51 COMPILER V9.01   18B20DRIVE                                                            07/19/2013 17:57:04 PAGE 2   

  55          {
  56   1              uchar i;
  57   1              uint dat;
  58   1              for(i=0;i<16;i++)
  59   1              {
  60   2                      dq=0;
  61   2                      dq = 1;
  62   2                      if(dq)
  63   2                      {
  64   3                              
  65   3                              dat=(dat>>1)|0x8000;
  66   3                      }
  67   2                      else
  68   2                              dat>>=1;//dat = dat >> 1;
  69   2                      dq=1;
  70   2                      delay_us(4);
  71   2              } 
  72   1              return(dat);
  73   1      }
  74          /********************************************************************************************************
  75          读取温度函数，返回温度的绝对值，并标注flag，flag=1表示负，flag=0表示正
  76          ********************************************************************************************************/
  77          uint DS18B20_readtemperature()
  78          {
  79   1              uint DS18B20_temp;
  80   1              float m;
  81   1              DS18B20_init();
  82   1              DS18B20_write(0xcc);                    //跳过读ROM
  83   1              DS18B20_write(0x44);                    //启动温度转换
  84   1              DS18B20_init();
  85   1              DS18B20_write(0xcc);
  86   1              DS18B20_write(0xbe);                    //读取温度寄存器
  87   1              DS18B20_temp=DS18B20_read();
  88   1              if(DS18B20_temp>0x0fff)
  89   1              {
  90   2                      DS18B20_flag=1;
  91   2                      DS18B20_temp=(~DS18B20_temp)+1;
  92   2              }
  93   1              else
  94   1              {
  95   2                      DS18B20_flag=0;
  96   2              }
  97   1              m=DS18B20_temp*0.0625;
  98   1              DS18B20_temp=m*10+0.5;                  //放大10倍四舍五入输出
  99   1              return(DS18B20_temp);
 100   1      }
 101          


MODULE INFORMATION:   STATIC OVERLAYABLE
   CODE SIZE        =    234    ----
   CONSTANT SIZE    =   ----    ----
   XDATA SIZE       =   ----    ----
   PDATA SIZE       =   ----    ----
   DATA SIZE        =      1       4
   IDATA SIZE       =   ----    ----
   BIT SIZE         =   ----    ----
END OF MODULE INFORMATION.


C51 COMPILATION COMPLETE.  0 WARNING(S),  0 ERROR(S)
