C51 COMPILER V9.01   MAIN                                                                  07/19/2013 17:57:04 PAGE 1   


C51 COMPILER V9.01, COMPILATION OF MODULE MAIN
OBJECT MODULE PLACED IN main.OBJ
COMPILER INVOKED BY: D:\(3)keil4\C51\BIN\C51.EXE main.c BROWSE INCDIR(..\Drive\LCD1602_Drive;..\Drive\ModuleDrive) DEBUG
                    - OBJECTEXTEND

line level    source

   1          #include <reg52.h>
   2          #include <intrins.h>                             
   3          #include <18b20Drive.h>
   4          #include <LCD1602_Drive.h>                                 //头文件
   5          
   6          
   7          uchar code LCD1602_tab1[11]="0123456789.";       //字符串
   8          uchar tab[4];    //时高位,时低位,：,分高位,分低位,：,秒高位,秒低位
   9          
  10          /*************************************************************************************
  11          延时函数                                                                
  12          *************************************************************************************/
  13          void delay(uint x)
  14          {
  15   1              uint i,j;
  16   1              for(i=0;i<x;i++)
  17   1                      for(j=0;j<120;j++);
  18   1      }
  19          /*************************************************************************************
  20          主函数
  21          *************************************************************************************/
  22          void main()
  23          {
  24   1              uchar i;
  25   1              uint temp;
  26   1              LCD1602_init();
  27   1              DS18B20_init();
  28   1              while(1)
  29   1              {
  30   2                      temp=DS18B20_readtemperature();
  31   2                      tab[3]=temp%10;
  32   2                      tab[2]=10;
  33   2                      tab[1]=temp%100/10;
  34   2                      tab[0]=temp/100;
  35   2      
  36   2                      LCD1602_write_com(0x80+0x04);                                   //设置指针地址为第一行第五个位置
  37   2                      for(i=0;i<4;i++)
  38   2                      {
  39   3                              LCD1602_write_data(LCD1602_tab1[tab[i]]);
  40   3                      }
  41   2                      LCD1602_write_com(0x80+0x08);                                   //设置指针地址为第二行第一个位置
  42   2                      LCD1602_write_word("C");
  43   2              }
  44   1      }


MODULE INFORMATION:   STATIC OVERLAYABLE
   CODE SIZE        =    143    ----
   CONSTANT SIZE    =     13    ----
   XDATA SIZE       =   ----    ----
   PDATA SIZE       =   ----    ----
   DATA SIZE        =      4       1
   IDATA SIZE       =   ----    ----
   BIT SIZE         =   ----    ----
C51 COMPILER V9.01   MAIN                                                                  07/19/2013 17:57:04 PAGE 2   

END OF MODULE INFORMATION.


C51 COMPILATION COMPLETE.  0 WARNING(S),  0 ERROR(S)
