C51 COMPILER V9.01   EXTI                                                                  04/12/2015 19:31:44 PAGE 1   


C51 COMPILER V9.01, COMPILATION OF MODULE EXTI
OBJECT MODULE PLACED IN ..\Obj\exti.obj
COMPILER INVOKED BY: C:\Keil\C51\BIN\C51.EXE ..\Source\BSP\Interrupt\exti.c BROWSE INCDIR(..\Source\BSP;..\Source\BSP\In
                    -terrupt;..\Source\BSP\LCD1602;..\Source\BSP\LED;..\Source\BSP\DHT11) DEBUG OBJECTEXTEND PRINT(..\Obj\List\exti.lst) TABS
                    -(2) OBJECT(..\Obj\exti.obj)

line level    source

   1          
   2          /**
   3            ******************************************************************************
   4            * @file     BSP.c
   5            * @author   Phone
   6            * @version  V1.0
   7            * @date      2015/01/10
   8            * @brief   STC51中断配置函数
   9            ******************************************************************************
  10            * @attention
  11            * 雅典娜程序
  12            * CPJ智能控制
  13            * @endverbatim
  14            ******************************************************************************
  15            * @attention
  16            * 无
  17            ******************************************************************************
  18            */
  19            
  20          #include <reg51.h>
  21          #include <intrins.h>  
  22          #include "exti.h"
  23          
  24          water_date water_data1;
  25          
  26          #if 1
  27          
  28          /**---------------------------------------------------------------------------------
  29            * @brief      中断0配置函数
  30            * @param        无
  31           ---------------------------------------------------------------------------------*/
  32          void INT0_CONFIG()
  33          {
  34   1      // IT0=0;       //低电平触发
  35   1         IT0=1;       //下降沿触发
  36   1         EX0=1;
  37   1         EA=1;
  38   1      }
  39          /**---------------------------------------------------------------------------------
  40            * @brief     外部 中断0 处理函数
  41            * @param        无
  42            * @retval     计数值
  43            ---------------------------------------------------------------------------------*/
  44          void INT0_SERVE()
  45          {
  46   1          water_data1.mL_data++;
  47   1          if(water_data1.mL_data >= 450)    
  48   1          {
  49   2              water_data1.mL_data = 0;
  50   2              water_data1.L_data ++;
  51   2              if(water_data1.L_data >= 1000)
  52   2              {
  53   3                  water_data1.L_data = 0;
C51 COMPILER V9.01   EXTI                                                                  04/12/2015 19:31:44 PAGE 2   

  54   3                  water_data1.M3_data ++ ;
  55   3                  if(water_data1.M3_data >= 1000)
  56   3                  {
  57   4                      water_data1.M3_data = 0;         
  58   4                  }
  59   3              }        
  60   2          }   
  61   1      }
  62          
  63          /**---------------------------------------------------------------------------------
  64            * @brief       外部中断0中断服务程序
  65            * @param        无
  66           ---------------------------------------------------------------------------------*/
  67          void  counter0(void) interrupt 0  using 1
  68          { 
  69   1        //  bit i;
  70   1          EX0=0;  
  71   1          INT0_SERVE();
  72   1          //i = ~i;
  73   1          LED1 = ~LED1;
  74   1          EX0=1;
  75   1      }
  76          #endif
  77            
  78            
  79            


MODULE INFORMATION:   STATIC OVERLAYABLE
   CODE SIZE        =    194    ----
   CONSTANT SIZE    =   ----    ----
   XDATA SIZE       =   ----    ----
   PDATA SIZE       =   ----    ----
   DATA SIZE        =     12    ----
   IDATA SIZE       =   ----    ----
   BIT SIZE         =   ----    ----
END OF MODULE INFORMATION.


C51 COMPILATION COMPLETE.  0 WARNING(S),  0 ERROR(S)
