C51 COMPILER V9.01   KEYMATRIX                                                             07/20/2013 09:59:29 PAGE 1   


C51 COMPILER V9.01, COMPILATION OF MODULE KEYMATRIX
OBJECT MODULE PLACED IN keymatrix.OBJ
COMPILER INVOKED BY: D:\(3)keil4\C51\BIN\C51.EXE keymatrix.c BROWSE DEBUG OBJECTEXTEND

line level    source

   1          /************************************************************************* 
   2          
   3          未按键时,扫描线一直变化。 
   4          长按键时,扫描线不变化,使得该行按键变成了独立按键,这样的扫描效率极高。 
   5          如当按下P2.0线上的某个键时,程序将扫描到这个键,而后扫描线不变化, 
   6          当键盘程序连续10次进入时检测到10次按键有效,直到松手后扫描线才变化 
   7          
   8          *************************************************************************/ 
   9          #include<reg51.h>
  10          #include<intrins.h>     
  11          
  12          sbit LED0 = P3^7;
  13          extern char Timemark; 
  14          
  15          //矩阵键盘.无按键动作时其返回值num_key=0,否则返回按键号num_key****检测高四位 
  16          extern unsigned char keyboard_matrix() 
  17          { 
  18   1              unsigned char num_key=0;//按键号 
  19   1              unsigned char temp=0;//读取P2口线数据 
  20   1              static unsigned char temp_code=0;//用于保存按键值 
  21   1              static unsigned char temp_circle=0xFE;//保存P2线上的循环扫描值 
  22   1              static unsigned char num_check=0;//低电平计数 
  23   1              static unsigned char key_flag=0;//按键有效标识 
  24   1      
  25   1              P2=temp_circle;//0xFX 
  26   1              temp=P2;//读取P2口线数据 
  27   1              if(temp!=temp_circle)//有按键动作 
  28   1              { 
  29   2                      num_check++;//低电平计数|逢低电平加1 
  30   2                      if(num_check==10)//连续10次(10ms)低电平有效 
  31   2                      { 
  32   3                              key_flag=1;//按键有效标识置1 
  33   3                              temp_code=temp;//保存按键值 
  34   3                                                      LED0 = ~LED0;
  35   3                                                      Timemark++;
  36   3                                                      if(Timemark >= 5) Timemark = 0;
  37   3                      } 
  38   2              } 
  39   1              else//松手OR无按键动作,此时应该改变扫描线 
  40   1              { 
  41   2                      num_check=0; 
  42   2                      if(key_flag==1)//按键有效判断 
  43   2                      { 
  44   3                              key_flag=0; 
  45   3                              switch(temp_code)//读取按键号 
  46   3                              { 
  47   4                                      //P2^0线 
  48   4                                      case 0xEE: num_key=1; 
  49   4                                                 break; 
  50   4                                      case 0xDE: num_key=2; 
  51   4                                                 break; 
  52   4                                      case 0xBE: num_key=3; 
  53   4                                                 break; 
  54   4                                      case 0x7E: num_key=4; 
  55   4                                                 break; 
C51 COMPILER V9.01   KEYMATRIX                                                             07/20/2013 09:59:29 PAGE 2   

  56   4                                      //P2^1线 
  57   4                                      case 0xED: num_key=5; 
  58   4                                                 break; 
  59   4                                      case 0xDD: num_key=6; 
  60   4                                                 break; 
  61   4                                      case 0xBD: num_key=7; 
  62   4                                                 break; 
  63   4                                      case 0x7D: num_key=8; 
  64   4                                                 break; 
  65   4                                      //P2^2线 
  66   4                                      case 0xEB: num_key=9; 
  67   4                                                 break; 
  68   4                                      case 0xDB: num_key=10; 
  69   4                                                 break; 
  70   4                                      case 0xBB: num_key=11; 
  71   4                                                 break; 
  72   4                                      case 0x7B: num_key=12; 
  73   4                                                 break; 
  74   4                                      //P2^3线 
  75   4                                      case 0xE7: num_key=13; 
  76   4                                                 break; 
  77   4                                      case 0xD7: num_key=14; 
  78   4                                                 break; 
  79   4                                      case 0xB7: num_key=15; 
  80   4                                                 break; 
  81   4                                      case 0x77: num_key=16; 
  82   4                                                 break; 
  83   4                              } 
  84   3                      } 
  85   2                      temp_circle=_crol_(temp_circle,1);//改变扫描线 
  86   2                      if(temp_circle==0xEF) 
  87   2                      { 
  88   3                              temp_circle=0xFE; 
  89   3                      } 
  90   2              } 
  91   1              return(num_key);//返回按键号 
  92   1      } 


MODULE INFORMATION:   STATIC OVERLAYABLE
   CODE SIZE        =    222    ----
   CONSTANT SIZE    =   ----    ----
   XDATA SIZE       =   ----    ----
   PDATA SIZE       =   ----    ----
   DATA SIZE        =      4       1
   IDATA SIZE       =   ----    ----
   BIT SIZE         =   ----    ----
END OF MODULE INFORMATION.


C51 COMPILATION COMPLETE.  0 WARNING(S),  0 ERROR(S)
