C51 COMPILER V8.02   MAIN                                                                  07/21/2013 09:16:37 PAGE 1   


C51 COMPILER V8.02, COMPILATION OF MODULE MAIN
OBJECT MODULE PLACED IN main.OBJ
COMPILER INVOKED BY: C:\Keil\C51\BIN\C51.EXE main.c BROWSE DEBUG OBJECTEXTEND

line level    source

   1          #include "pwm.h"
   2          #include "lcd2004.h"
   3          sbit key = P2^1;
   4          void initwd()
   5          {
   6   1         WDT_CONTR = 1<<WDT_EN | 0x06;
   7   1      }
   8          
   9          void ClrWd()
  10          {
  11   1         WDT_CONTR |= 1<<WDT_CLR;
  12   1      }
  13          
  14           void main()
  15           {
  16   1         HP_init();
  17   1         LCDConfig();
  18   1         LCDLogo();
  19   1         initwd();
  20   1         while(1)
  21   1         {
  22   2          while(!key);
  23   2         ClrWd();
  24   2         LCDPrintChar(5,2,"Watchdog test");
  25   2         LCDDisplayNum(5,1,test,10);
  26   2         }
  27   1       }
  28          
  29          


MODULE INFORMATION:   STATIC OVERLAYABLE
   CODE SIZE        =     62    ----
   CONSTANT SIZE    =     14    ----
   XDATA SIZE       =   ----    ----
   PDATA SIZE       =   ----    ----
   DATA SIZE        =   ----    ----
   IDATA SIZE       =   ----    ----
   BIT SIZE         =   ----    ----
END OF MODULE INFORMATION.


C51 COMPILATION COMPLETE.  0 WARNING(S),  0 ERROR(S)
