C51 COMPILER V9.01   KEYMATRIX                                                             07/20/2013 09:47:22 PAGE 1   


C51 COMPILER V9.01, COMPILATION OF MODULE KEYMATRIX
OBJECT MODULE PLACED IN .\keymatrix.obj
COMPILER INVOKED BY: D:\(3)keil4\C51\BIN\C51.EXE ..\(3)keymatrix\keymatrix.c BROWSE INCDIR(..\(3)keymatrix) DEBUG OBJECT
                    -EXTEND PRINT(.\keymatrix.lst) OBJECT(.\keymatrix.obj)

line level    source

   1          /************************************************************************* 
   2          
   3          未按键时,扫描线一直变化。 
   4          长按键时,扫描线不变化,使得该行按键变成了独立按键,这样的扫描效率极高。 
   5          如当按下P2.0线上的某个键时,程序将扫描到这个键,而后扫描线不变化, 
   6          当键盘程序连续10次进入时检测到10次按键有效,直到松手后扫描线才变化 
   7          
   8          *************************************************************************/ 
   9          #include<reg51.h>
  10          #include<intrins.h>     
  11          
  12          //矩阵键盘.无按键动作时其返回值num_key=0,否则返回按键号num_key****检测高四位 
  13          extern unsigned char keyboard_matrix() 
  14          { 
  15   1              unsigned char num_key=0;//按键号 
  16   1              unsigned char temp=0;//读取P2口线数据 
  17   1              static unsigned char temp_code=0;//用于保存按键值 
  18   1              static unsigned char temp_circle=0xFE;//保存P2线上的循环扫描值 
  19   1              static unsigned char num_check=0;//低电平计数 
  20   1              static unsigned char key_flag=0;//按键有效标识 
  21   1      
  22   1              P2=temp_circle;//0xFX 
  23   1              temp=P2;//读取P2口线数据 
  24   1              if(temp!=temp_circle)//有按键动作 
  25   1              { 
  26   2                      num_check++;//低电平计数|逢低电平加1 
  27   2                      if(num_check==10)//连续10次(10ms)低电平有效 
  28   2                      { 
  29   3                              key_flag=1;//按键有效标识置1 
  30   3                              temp_code=temp;//保存按键值 
  31   3                      } 
  32   2              } 
  33   1              else//松手OR无按键动作,此时应该改变扫描线 
  34   1              { 
  35   2                      num_check=0; 
  36   2                      if(key_flag==1)//按键有效判断 
  37   2                      { 
  38   3                              key_flag=0; 
  39   3                              switch(temp_code)//读取按键号 
  40   3                              { 
  41   4                                      //P2^0线 
  42   4                                      case 0xEE: num_key=1; 
  43   4                                                 break; 
  44   4                                      case 0xDE: num_key=2; 
  45   4                                                 break; 
  46   4                                      case 0xBE: num_key=3; 
  47   4                                                 break; 
  48   4                                      case 0x7E: num_key=4; 
  49   4                                                 break; 
  50   4                                      //P2^1线 
  51   4                                      case 0xED: num_key=5; 
  52   4                                                 break; 
  53   4                                      case 0xDD: num_key=6; 
  54   4                                                 break; 
C51 COMPILER V9.01   KEYMATRIX                                                             07/20/2013 09:47:22 PAGE 2   

  55   4                                      case 0xBD: num_key=7; 
  56   4                                                 break; 
  57   4                                      case 0x7D: num_key=8; 
  58   4                                                 break; 
  59   4                                      //P2^2线 
  60   4                                      case 0xEB: num_key=9; 
  61   4                                                 break; 
  62   4                                      case 0xDB: num_key=10; 
  63   4                                                 break; 
  64   4                                      case 0xBB: num_key=11; 
  65   4                                                 break; 
  66   4                                      case 0x7B: num_key=12; 
  67   4                                                 break; 
  68   4                                      //P2^3线 
  69   4                                      case 0xE7: num_key=13; 
  70   4                                                 break; 
  71   4                                      case 0xD7: num_key=14; 
  72   4                                                 break; 
  73   4                                      case 0xB7: num_key=15; 
  74   4                                                 break; 
  75   4                                      case 0x77: num_key=16; 
  76   4                                                 break; 
  77   4                              } 
  78   3                      } 
  79   2                      temp_circle=_crol_(temp_circle,1);//改变扫描线 
  80   2                      if(temp_circle==0xEF) 
  81   2                      { 
  82   3                              temp_circle=0xFE; 
  83   3                      } 
  84   2              } 
  85   1              return(num_key);//返回按键号 
  86   1      } 


MODULE INFORMATION:   STATIC OVERLAYABLE
   CODE SIZE        =    203    ----
   CONSTANT SIZE    =   ----    ----
   XDATA SIZE       =   ----    ----
   PDATA SIZE       =   ----    ----
   DATA SIZE        =      4       1
   IDATA SIZE       =   ----    ----
   BIT SIZE         =   ----    ----
END OF MODULE INFORMATION.


C51 COMPILATION COMPLETE.  0 WARNING(S),  0 ERROR(S)
