C51 COMPILER V9.01   MAIN                                                                  07/20/2013 09:47:23 PAGE 1   


C51 COMPILER V9.01, COMPILATION OF MODULE MAIN
OBJECT MODULE PLACED IN main.OBJ
COMPILER INVOKED BY: D:\(3)keil4\C51\BIN\C51.EXE main.c BROWSE INCDIR(..\(3)keymatrix) DEBUG OBJECTEXTEND

line level    source

   1          #include<reg51.h>
   2          #include<intrins.h>     
   3                                                                  //定义头文件
   4          #define uchar unsigned char                                             //宏定义
   5          #define uint unsigned int
   6          uchar disp_buffer[8];
   7          uchar code tab[] = {0x3F,0x06,0x5B,0x4F,0x66,0x6D,0x7D,0x07,0x7F,0x6F,0x77,0x7C,0x39,0x5E,0x79,0x71};//0-9
             -,A-F
   8          
   9          extern unsigned char keyboard_matrix() ;
  10          
  11          void main()
  12          {
  13   1              char num,i;
  14   1              while(1)
  15   1              {
  16   2                      num = keyboard_matrix(); 
  17   2                      switch(num)//读取按键号 
  18   2                              { 
  19   3                                      //P2^0线 
  20   3                                      case 1: disp_buffer[i]=0; 
  21   3                                                 break; 
  22   3                                      case 2: disp_buffer[i]=1; 
  23   3                                                 break; 
  24   3                                      case 3: disp_buffer[i]=2; 
  25   3                                                 break; 
  26   3                                      case 4: disp_buffer[i]=3; 
  27   3                                                 break; 
  28   3                                      //P2^1线 
  29   3                                      case 5: disp_buffer[i]=4; 
  30   3                                                 break; 
  31   3                                      case 6: disp_buffer[i]=5; 
  32   3                                                 break; 
  33   3                                      case 7: disp_buffer[i]=6; 
  34   3                                                 break; 
  35   3                                      case 8: disp_buffer[i]=7; 
  36   3                                                 break; 
  37   3                                      //P2^2线 
  38   3                                      case 9: disp_buffer[i]=8; 
  39   3                                                 break; 
  40   3                                      case 10: disp_buffer[i]=9; 
  41   3                                                 break; 
  42   3                                      case 11: disp_buffer[i]=10; 
  43   3                                                 break; 
  44   3                                      case 12: disp_buffer[i]=11; 
  45   3                                                 break; 
  46   3                                      //P2^3线 
  47   3                                      case 13: disp_buffer[i]=12; 
  48   3                                                 break; 
  49   3                                      case 14: disp_buffer[i]=13; 
  50   3                                                 break; 
  51   3                                      case 15: disp_buffer[i]=14; 
  52   3                                                 break; 
  53   3                                      case 16: disp_buffer[i]=15; 
  54   3                                                 break; 
C51 COMPILER V9.01   MAIN                                                                  07/20/2013 09:47:23 PAGE 2   

  55   3                              } 
  56   2               P1 = ~tab[disp_buffer[i]];
  57   2              }
  58   1      
  59   1      }


MODULE INFORMATION:   STATIC OVERLAYABLE
   CODE SIZE        =    234    ----
   CONSTANT SIZE    =     16    ----
   XDATA SIZE       =   ----    ----
   PDATA SIZE       =   ----    ----
   DATA SIZE        =      8       1
   IDATA SIZE       =   ----    ----
   BIT SIZE         =   ----    ----
END OF MODULE INFORMATION.


C51 COMPILATION COMPLETE.  0 WARNING(S),  0 ERROR(S)
