C51 COMPILER V9.01   TIMER                                                                 07/15/2013 19:23:49 PAGE 1   


C51 COMPILER V9.01, COMPILATION OF MODULE TIMER
OBJECT MODULE PLACED IN Timer.OBJ
COMPILER INVOKED BY: D:\(3)keil4\C51\BIN\C51.EXE Timer.c BROWSE INCDIR(..\(3)keymatrix) DEBUG OBJECTEXTEND

line level    source

   1          #include "reg51.h"
   2          
   3          bit SystemTime2Ms = 0;                          // 2msLED动态扫描时标消息
   4          bit Time1S_flag = 0;                            //时钟1S时标消息
   5          static unsigned int  ClockTickCount = 0;  //对2 ms 时标进行计数
   6          void Timer0Init(void)
   7          {
   8   1          TMOD &=     0xf0;
   9   1          TMOD |=     0x01;      //定时器0工作方式1
  10   1          TH0 =       0xf8;      //定时器初始值
  11   1          TL0 =       0x30;
  12   1          ET0 = 1;
  13   1          TR0 = 1;
  14   1      }
  15          
  16          void Time0Isr(void) interrupt 1
  17          {
  18   1          TH0 =       0xf8;            //定时器重新赋初值
  19   1          TL0 =       0x30;
  20   1              SystemTime2Ms = 1;    //2MS时标标志位置位
  21   1              if(++ClockTickCount >= 500)
  22   1          {
  23   2              ClockTickCount = 0;
  24   2              Time1S_flag = 1;        
  25   2          }
  26   1      
  27   1      }


MODULE INFORMATION:   STATIC OVERLAYABLE
   CODE SIZE        =     59    ----
   CONSTANT SIZE    =   ----    ----
   XDATA SIZE       =   ----    ----
   PDATA SIZE       =   ----    ----
   DATA SIZE        =      2    ----
   IDATA SIZE       =   ----    ----
   BIT SIZE         =      2    ----
END OF MODULE INFORMATION.


C51 COMPILATION COMPLETE.  0 WARNING(S),  0 ERROR(S)
